#
# There is insufficient memory for the Java Runtime Environment to continue.
# Native memory allocation (malloc) failed to allocate 1048576 bytes. Error detail: AllocateHeap
# Possible reasons:
#   The system is out of physical RAM or swap space
#   This process is running with CompressedOops enabled, and the Java Heap may be blocking the growth of the native heap
# Possible solutions:
#   Reduce memory load on the system
#   Increase physical memory or swap space
#   Check if swap backing store is full
#   Decrease Java heap size (-Xmx/-Xms)
#   Decrease number of Java threads
#   Decrease Java thread stack sizes (-Xss)
#   Set larger code cache with -XX:ReservedCodeCacheSize=
#   JVM is running with Unscaled Compressed Oops mode in which the Java heap is
#     placed in the first 4GB address space. The Java Heap base address is the
#     maximum limit for the native heap growth. Please use -XX:HeapBaseMinAddress
#     to set the Java Heap base and to place the Java Heap above 4GB virtual address.
# This output file may be truncated or incomplete.
#
#  Out of Memory Error (allocation.cpp:44), pid=21768, tid=14564
#
# JRE version:  (21.0.5) (build )
# Java VM: OpenJDK 64-Bit Server VM (21.0.5+-13047016-b750.29, mixed mode, sharing, tiered, compressed oops, compressed class ptrs, g1 gc, windows-amd64)
# No core dump will be written. Minidumps are not enabled by default on client versions of Windows
#

---------------  S U M M A R Y ------------

Command Line: -Dorg.gradle.appname=gradlew org.gradle.wrapper.GradleWrapperMain -q -Ptarget-platform=android-arm64 -Ptarget=C:\Users\JIBAS KUMAR YADAV\StudioProjects\bus_route_finder\lib\main.dart -Pbase-application-name=android.app.Application -Pdart-obfuscation=false -Ptrack-widget-creation=true -Ptree-shake-icons=false -Pfilesystem-scheme=org-dartlang-root assembleDebug

Host: 11th Gen Intel(R) Core(TM) i5-1135G7 @ 2.40GHz, 8 cores, 7G,  Windows 11 , 64 bit Build 26100 (10.0.26100.3775)
Time: Tue Apr 22 12:52:49 2025 Nepal Standard Time elapsed time: 0.117147 seconds (0d 0h 0m 0s)

---------------  T H R E A D  ---------------

Current thread (0x0000021c6f4bb340):  JavaThread "Unknown thread" [_thread_in_vm, id=14564, stack(0x000000ef3a800000,0x000000ef3a900000) (1024K)]

Stack: [0x000000ef3a800000,0x000000ef3a900000]
Native frames: (J=compiled Java code, j=interpreted, Vv=VM code, C=native code)
V  [jvm.dll+0x6cfb29]
V  [jvm.dll+0x85df93]
V  [jvm.dll+0x8604ee]
V  [jvm.dll+0x860bd3]
V  [jvm.dll+0x27e6b6]
V  [jvm.dll+0xba6e7]
V  [jvm.dll+0x3256c5]
V  [jvm.dll+0x82599d]
V  [jvm.dll+0x3bbfa8]
V  [jvm.dll+0x80ec88]
V  [jvm.dll+0x45015e]
V  [jvm.dll+0x4518c1]
C  [jli.dll+0x52ab]
C  [ucrtbase.dll+0x37b0]
C  [KERNEL32.DLL+0x2e8d7]
C  [ntdll.dll+0xb14fc]


---------------  P R O C E S S  ---------------

Threads class SMR info:
_java_thread_list=0x00007ffd554c0808, length=0, elements={
}

Java Threads: ( => current thread )
Total: 0

Other Threads:

=>0x0000021c6f4bb340 (exited) JavaThread "Unknown thread"    [_thread_in_vm, id=14564, stack(0x000000ef3a800000,0x000000ef3a900000) (1024K)]
Total: 1

Threads with active compile tasks:
Total: 0

VM state: not at safepoint (not fully initialized)

VM Mutex/Monitor currently owned by a thread: None

Heap address: 0x0000000000000000, size: 0 MB, Compressed Oops mode: 32-bit

CDS archive(s) mapped at: [0x0000000000000000-0x0000000000000000-0x0000000000000000), size 0, SharedBaseAddress: 0x0000000800000000, ArchiveRelocationMode: 1.
Narrow klass base: 0x0000000000000000, Narrow klass shift: 0, Narrow klass range: 0x0

GC Precious Log:
 CardTable entry size: 512
 Card Set container configuration: InlinePtr #cards 5 size 8 Array Of Cards #cards 12 size 40 Howl #buckets 4 coarsen threshold 1843 Howl Bitmap #cards 512 size 80 coarsen threshold 460 Card regions per heap region 1 cards per card region 2048

GC Heap History (0 events):
No events

Dll operation events (1 events):
Event: 0.035 Loaded shared library C:\Program Files\Android\Android Studio\jbr\bin\java.dll

Deoptimization events (0 events):
No events

Classes loaded (0 events):
No events

Classes unloaded (0 events):
No events

Classes redefined (0 events):
No events

Internal exceptions (0 events):
No events

ZGC Phase Switch (0 events):
No events

VM Operations (0 events):
No events

Memory protections (0 events):
No events

Nmethod flushes (0 events):
No events

Events (0 events):
No events


Dynamic libraries:
0x00007ff6ecc90000 - 0x00007ff6ecc9a000 	C:\Program Files\Android\Android Studio\jbr\bin\java.exe
0x00007ffda9aa0000 - 0x00007ffda9d00000 	C:\WINDOWS\SYSTEM32\ntdll.dll
0x00007ffd6a190000 - 0x00007ffd6a1aa000 	C:\Program Files\Avast Software\Avast\aswhook.dll
0x00007ffda87c0000 - 0x00007ffda8887000 	C:\WINDOWS\System32\KERNEL32.DLL
0x00007ffda7240000 - 0x00007ffda760a000 	C:\WINDOWS\System32\KERNELBASE.dll
0x00007ffda6d30000 - 0x00007ffda6e7b000 	C:\WINDOWS\System32\ucrtbase.dll
0x00007ffd91560000 - 0x00007ffd91578000 	C:\Program Files\Android\Android Studio\jbr\bin\jli.dll
0x00007ffda88a0000 - 0x00007ffda8a6c000 	C:\WINDOWS\System32\USER32.dll
0x00007ffda7210000 - 0x00007ffda7237000 	C:\WINDOWS\System32\win32u.dll
0x00007ffda94e0000 - 0x00007ffda950a000 	C:\WINDOWS\System32\GDI32.dll
0x00007ffda76d0000 - 0x00007ffda7801000 	C:\WINDOWS\System32\gdi32full.dll
0x00007ffda6c80000 - 0x00007ffda6d23000 	C:\WINDOWS\System32\msvcp_win.dll
0x00007ffd91480000 - 0x00007ffd9149b000 	C:\Program Files\Android\Android Studio\jbr\bin\VCRUNTIME140.dll
0x00007ffd8ab30000 - 0x00007ffd8adc7000 	C:\WINDOWS\WinSxS\amd64_microsoft.windows.common-controls_6595b64144ccf1df_6.0.26100.3624_none_3e086962e3345f24\COMCTL32.dll
0x00007ffda8070000 - 0x00007ffda8119000 	C:\WINDOWS\System32\msvcrt.dll
0x00007ffda9970000 - 0x00007ffda999f000 	C:\WINDOWS\System32\IMM32.DLL
0x00007ffd91550000 - 0x00007ffd9155c000 	C:\Program Files\Android\Android Studio\jbr\bin\vcruntime140_1.dll
0x00007ffd60c90000 - 0x00007ffd60d1d000 	C:\Program Files\Android\Android Studio\jbr\bin\msvcp140.dll
0x00007ffd54980000 - 0x00007ffd5560a000 	C:\Program Files\Android\Android Studio\jbr\bin\server\jvm.dll
0x00007ffda9820000 - 0x00007ffda98d2000 	C:\WINDOWS\System32\ADVAPI32.dll
0x00007ffda8cc0000 - 0x00007ffda8d66000 	C:\WINDOWS\System32\sechost.dll
0x00007ffda96f0000 - 0x00007ffda9806000 	C:\WINDOWS\System32\RPCRT4.dll
0x00007ffda8120000 - 0x00007ffda8194000 	C:\WINDOWS\System32\WS2_32.dll
0x00007ffda6ad0000 - 0x00007ffda6b2e000 	C:\WINDOWS\SYSTEM32\POWRPROF.dll
0x00007ffd9ef80000 - 0x00007ffd9efb6000 	C:\WINDOWS\SYSTEM32\WINMM.dll
0x00007ffd96c50000 - 0x00007ffd96c5b000 	C:\WINDOWS\SYSTEM32\VERSION.dll
0x00007ffda6ab0000 - 0x00007ffda6ac4000 	C:\WINDOWS\SYSTEM32\UMPDC.dll
0x00007ffda59f0000 - 0x00007ffda5a0a000 	C:\WINDOWS\SYSTEM32\kernel.appcore.dll
0x00007ffd91470000 - 0x00007ffd9147a000 	C:\Program Files\Android\Android Studio\jbr\bin\jimage.dll
0x00007ffda44b0000 - 0x00007ffda46f1000 	C:\WINDOWS\SYSTEM32\DBGHELP.DLL
0x00007ffda8380000 - 0x00007ffda8702000 	C:\WINDOWS\System32\combase.dll
0x00007ffda8ae0000 - 0x00007ffda8bb6000 	C:\WINDOWS\System32\OLEAUT32.dll
0x00007ffd961b0000 - 0x00007ffd961e9000 	C:\WINDOWS\SYSTEM32\dbgcore.DLL
0x00007ffda6e80000 - 0x00007ffda6f19000 	C:\WINDOWS\System32\bcryptPrimitives.dll
0x00007ffd91450000 - 0x00007ffd91470000 	C:\Program Files\Android\Android Studio\jbr\bin\java.dll

dbghelp: loaded successfully - version: 4.0.5 - missing functions: none
symbol engine: initialized successfully - sym options: 0x614 - pdb path: .;C:\Program Files\Android\Android Studio\jbr\bin;C:\WINDOWS\SYSTEM32;C:\Program Files\Avast Software\Avast;C:\WINDOWS\WinSxS\amd64_microsoft.windows.common-controls_6595b64144ccf1df_6.0.26100.3624_none_3e086962e3345f24;C:\Program Files\Android\Android Studio\jbr\bin\server

VM Arguments:
jvm_args: -Dorg.gradle.appname=gradlew 
java_command: org.gradle.wrapper.GradleWrapperMain -q -Ptarget-platform=android-arm64 -Ptarget=C:\Users\JIBAS KUMAR YADAV\StudioProjects\bus_route_finder\lib\main.dart -Pbase-application-name=android.app.Application -Pdart-obfuscation=false -Ptrack-widget-creation=true -Ptree-shake-icons=false -Pfilesystem-scheme=org-dartlang-root assembleDebug
java_class_path (initial): C:\Users\JIBAS KUMAR YADAV\StudioProjects\bus_route_finder\android\\gradle\wrapper\gradle-wrapper.jar
Launcher Type: SUN_STANDARD

[Global flags]
     intx CICompilerCount                          = 4                                         {product} {ergonomic}
     uint ConcGCThreads                            = 2                                         {product} {ergonomic}
     uint G1ConcRefinementThreads                  = 8                                         {product} {ergonomic}
   size_t G1HeapRegionSize                         = 1048576                                   {product} {ergonomic}
    uintx GCDrainStackTargetSize                   = 64                                        {product} {ergonomic}
   size_t InitialHeapSize                          = 130023424                                 {product} {ergonomic}
   size_t MarkStackSize                            = 4194304                                   {product} {ergonomic}
   size_t MaxHeapSize                              = 2080374784                                {product} {ergonomic}
   size_t MinHeapDeltaBytes                        = 1048576                                   {product} {ergonomic}
   size_t MinHeapSize                              = 8388608                                   {product} {ergonomic}
    uintx NonNMethodCodeHeapSize                   = 5839372                                {pd product} {ergonomic}
    uintx NonProfiledCodeHeapSize                  = 122909434                              {pd product} {ergonomic}
    uintx ProfiledCodeHeapSize                     = 122909434                              {pd product} {ergonomic}
    uintx ReservedCodeCacheSize                    = 251658240                              {pd product} {ergonomic}
     bool SegmentedCodeCache                       = true                                      {product} {ergonomic}
   size_t SoftMaxHeapSize                          = 2080374784                             {manageable} {ergonomic}
     bool UseCompressedOops                        = true                           {product lp64_product} {ergonomic}
     bool UseG1GC                                  = true                                      {product} {ergonomic}
     bool UseLargePagesIndividualAllocation        = false                                  {pd product} {ergonomic}

Logging:
Log output configuration:
 #0: stdout all=warning uptime,level,tags foldmultilines=false
 #1: stderr all=off uptime,level,tags foldmultilines=false

Environment Variables:
JAVA_HOME=C:\Program Files\Android\Android Studio\jbr
CLASSPATH=C:\Users\JIBAS KUMAR YADAV\StudioProjects\bus_route_finder\android\\gradle\wrapper\gradle-wrapper.jar
PATH=C:\Program Files\Android\Android Studio\jbr\bin;C:\Python313\Scripts\;C:\Python313\;C:\Program Files (x86)\VMware\VMware Workstation\bin\;C:\WINDOWS\system32;C:\WINDOWS;C:\WINDOWS\System32\Wbem;C:\WINDOWS\System32\WindowsPowerShell\v1.0\;C:\WINDOWS\System32\OpenSSH\;C:\Program Files\dotnet\;C:\Program Files\Git\cmd;C:\Program Files (x86)\Windows Kits\10\Windows Performance Toolkit\;C:\ProgramData\chocolatey\bin;C:\Program Files\nodejs\;C:\Users\JIBAS KUMAR YADAV\AppData\Local\Programs\Python\Python312\Scripts\;C:\Users\JIBAS KUMAR YADAV\AppData\Local\Programs\Python\Python312\;C:\Users\JIBAS KUMAR YADAV\AppData\Local\Microsoft\WindowsApps;C:\Users\JIBAS KUMAR YADAV\AppData\Local\Programs\Microsoft VS Code\bin;C:\flutter_windows_3.29.2-stable\flutter\bin;C:\Users\JIBAS KUMAR YADAV\AppData\Local\Android\Sdk\tools;C:\Users\JIBAS KUMAR YADAV\AppData\Local\Android\Sdk\platform-tools;C:\Users\JIBAS KUMAR YADAV\AppData\Roaming\npm;C:\Users\JIBAS KUMAR YADAV\AppData\Local\Pub\Cache\bin;;C:\flutter_windows_3.29.2-stable\flutter\bin\mingit\cmd;C:\flutter_windows_3.29.2-stable\flutter\bin\mingit\cmd
USERNAME=JK Yadav
OS=Windows_NT
PROCESSOR_IDENTIFIER=Intel64 Family 6 Model 140 Stepping 1, GenuineIntel
TMP=C:\Users\JIBAS KUMAR YADAV\AppData\Local\Temp
TEMP=C:\Users\JIBAS KUMAR YADAV\AppData\Local\Temp




Periodic native trim disabled

JNI global refs:
JNI global refs: 0, weak refs: 0

JNI global refs memory usage: 0, weak refs: 0

Process memory usage:
Resident Set Size: 11940K (0% of 8121124K total physical memory with 475736K free physical memory)

OOME stack traces (most recent first):
Classloader memory used:

---------------  S Y S T E M  ---------------

OS:
 Windows 11 , 64 bit Build 26100 (10.0.26100.3775)
OS uptime: 0 days 13:57 hours
Hyper-V role detected

CPU: total 8 (initial active 8) (4 cores per cpu, 2 threads per core) family 6 model 140 stepping 1 microcode 0xba, cx8, cmov, fxsr, ht, mmx, 3dnowpref, sse, sse2, sse3, ssse3, sse4.1, sse4.2, popcnt, lzcnt, tsc, tscinvbit, avx, avx2, aes, erms, clmul, bmi1, bmi2, adx, avx512f, avx512dq, avx512cd, avx512bw, avx512vl, sha, fma, vzeroupper, avx512_vpopcntdq, avx512_vpclmulqdq, avx512_vaes, avx512_vnni, clflush, clflushopt, clwb, avx512_vbmi2, avx512_vbmi, hv, rdtscp, rdpid, fsrm, gfni, avx512_bitalg, f16c, cet_ibt, cet_ss, avx512_ifma
Processor Information for all 8 processors :
  Max Mhz: 1382, Current Mhz: 1382, Mhz Limit: 1382

Memory: 4k page, system-wide physical 7930M (465M free)
TotalPageFile size 17967M (AvailPageFile size 1M)
current process WorkingSet (physical memory assigned to process): 11M, peak: 11M
current process commit charge ("private bytes"): 16M, peak: 17M

vm_info: OpenJDK 64-Bit Server VM (21.0.5+-13047016-b750.29) for windows-amd64 JRE (21.0.5+-13047016-b750.29), built on 2025-02-11T21:12:39Z by "builder" with MS VC++ 16.10 / 16.11 (VS2019)

END.
