#
# There is insufficient memory for the Java Runtime Environment to continue.
# Native memory allocation (malloc) failed to allocate 1503216 bytes. Error detail: Chunk::new
# Possible reasons:
#   The system is out of physical RAM or swap space
#   This process is running with CompressedOops enabled, and the Java Heap may be blocking the growth of the native heap
# Possible solutions:
#   Reduce memory load on the system
#   Increase physical memory or swap space
#   Check if swap backing store is full
#   Decrease Java heap size (-Xmx/-Xms)
#   Decrease number of Java threads
#   Decrease Java thread stack sizes (-Xss)
#   Set larger code cache with -XX:ReservedCodeCacheSize=
#   JVM is running with Zero Based Compressed Oops mode in which the Java heap is
#     placed in the first 32GB address space. The Java Heap base address is the
#     maximum limit for the native heap growth. Please use -XX:HeapBaseMinAddress
#     to set the Java Heap base and to place the Java Heap above 32GB virtual address.
# This output file may be truncated or incomplete.
#
#  Out of Memory Error (arena.cpp:168), pid=14200, tid=24184
#
# JRE version: OpenJDK Runtime Environment (21.0.5) (build 21.0.5+-13047016-b750.29)
# Java VM: OpenJDK 64-Bit Server VM (21.0.5+-13047016-b750.29, mixed mode, tiered, compressed oops, compressed class ptrs, g1 gc, windows-amd64)
# No core dump will be written. Minidumps are not enabled by default on client versions of Windows
#

---------------  S U M M A R Y ------------

Command Line: -XX:MaxMetaspaceSize=4G -XX:ReservedCodeCacheSize=512m -XX:+HeapDumpOnOutOfMemoryError --add-opens=java.base/java.util=ALL-UNNAMED --add-opens=java.base/java.lang=ALL-UNNAMED --add-opens=java.base/java.lang.invoke=ALL-UNNAMED --add-opens=java.prefs/java.util.prefs=ALL-UNNAMED --add-exports=jdk.compiler/com.sun.tools.javac.api=ALL-UNNAMED --add-exports=jdk.compiler/com.sun.tools.javac.util=ALL-UNNAMED --add-opens=java.base/java.nio.charset=ALL-UNNAMED --add-opens=java.base/java.net=ALL-UNNAMED --add-opens=java.base/java.util.concurrent.atomic=ALL-UNNAMED -Xmx8G -Dfile.encoding=UTF-8 -Duser.country=AE -Duser.language=en -Duser.variant -javaagent:C:\Users\JIBAS KUMAR YADAV\.gradle\wrapper\dists\gradle-8.10.2-all\7iv73wktx1xtkvlq19urqw1wm\gradle-8.10.2\lib\agents\gradle-instrumentation-agent-8.10.2.jar org.gradle.launcher.daemon.bootstrap.GradleDaemon 8.10.2

Host: 11th Gen Intel(R) Core(TM) i5-1135G7 @ 2.40GHz, 8 cores, 7G,  Windows 11 , 64 bit Build 26100 (10.0.26100.3775)
Time: Tue Apr 22 12:53:02 2025 Nepal Standard Time elapsed time: 18.523616 seconds (0d 0h 0m 18s)

---------------  T H R E A D  ---------------

Current thread (0x0000025e7509aeb0):  JavaThread "C2 CompilerThread0" daemon [_thread_in_native, id=24184, stack(0x0000007ac2800000,0x0000007ac2900000) (1024K)]


Current CompileTask:
C2:18523 4793       4       java.net.URLClassLoader$1::run (5 bytes)

Stack: [0x0000007ac2800000,0x0000007ac2900000]
Native frames: (J=compiled Java code, j=interpreted, Vv=VM code, C=native code)
V  [jvm.dll+0x6cfb29]
V  [jvm.dll+0x85df93]
V  [jvm.dll+0x8604ee]
V  [jvm.dll+0x860bd3]
V  [jvm.dll+0x27e6b6]
V  [jvm.dll+0xbff6d]
V  [jvm.dll+0xc04a3]
V  [jvm.dll+0x3b5fc1]
V  [jvm.dll+0x1de852]
V  [jvm.dll+0x247db4]
V  [jvm.dll+0x247231]
V  [jvm.dll+0x1c5ee4]
V  [jvm.dll+0x25697c]
V  [jvm.dll+0x254ec6]
V  [jvm.dll+0x3f0ce6]
V  [jvm.dll+0x806368]
V  [jvm.dll+0x6ce3fd]
C  [ucrtbase.dll+0x37b0]
C  [KERNEL32.DLL+0x2e8d7]
C  [ntdll.dll+0xb14fc]


---------------  P R O C E S S  ---------------

Threads class SMR info:
_java_thread_list=0x0000025e78f804a0, length=34, elements={
0x0000025e3ea501f0, 0x0000025e75079430, 0x0000025e7507be90, 0x0000025e7507dbf0,
0x0000025e75093c60, 0x0000025e750967d0, 0x0000025e75096e60, 0x0000025e7509aeb0,
0x0000025e7509ffa0, 0x0000025e75094d90, 0x0000025e75095420, 0x0000025e75095ab0,
0x0000025e75096140, 0x0000025e750974f0, 0x0000025e75097b80, 0x0000025e75094700,
0x0000025e770e1de0, 0x0000025e770e1750, 0x0000025e770dfd10, 0x0000025e770e0a30,
0x0000025e770e10c0, 0x0000025e770e2470, 0x0000025e770e3190, 0x0000025e770e2b00,
0x0000025e770e3820, 0x0000025e770e03a0, 0x0000025e770e5f80, 0x0000025e770e6ca0,
0x0000025e770e4540, 0x0000025e770e6610, 0x0000025e770e58f0, 0x0000025e770e4bd0,
0x0000025e776acc30, 0x0000025e77575e10
}

Java Threads: ( => current thread )
  0x0000025e3ea501f0 JavaThread "main"                              [_thread_blocked, id=24632, stack(0x0000007ac1a00000,0x0000007ac1b00000) (1024K)]
  0x0000025e75079430 JavaThread "Reference Handler"          daemon [_thread_blocked, id=8140, stack(0x0000007ac2200000,0x0000007ac2300000) (1024K)]
  0x0000025e7507be90 JavaThread "Finalizer"                  daemon [_thread_blocked, id=12136, stack(0x0000007ac2300000,0x0000007ac2400000) (1024K)]
  0x0000025e7507dbf0 JavaThread "Signal Dispatcher"          daemon [_thread_blocked, id=12936, stack(0x0000007ac2400000,0x0000007ac2500000) (1024K)]
  0x0000025e75093c60 JavaThread "Attach Listener"            daemon [_thread_blocked, id=22760, stack(0x0000007ac2500000,0x0000007ac2600000) (1024K)]
  0x0000025e750967d0 JavaThread "Service Thread"             daemon [_thread_blocked, id=18332, stack(0x0000007ac2600000,0x0000007ac2700000) (1024K)]
  0x0000025e75096e60 JavaThread "Monitor Deflation Thread"   daemon [_thread_blocked, id=13824, stack(0x0000007ac2700000,0x0000007ac2800000) (1024K)]
=>0x0000025e7509aeb0 JavaThread "C2 CompilerThread0"         daemon [_thread_in_native, id=24184, stack(0x0000007ac2800000,0x0000007ac2900000) (1024K)]
  0x0000025e7509ffa0 JavaThread "C1 CompilerThread0"         daemon [_thread_blocked, id=652, stack(0x0000007ac2900000,0x0000007ac2a00000) (1024K)]
  0x0000025e75094d90 JavaThread "Common-Cleaner"             daemon [_thread_blocked, id=2836, stack(0x0000007ac2a00000,0x0000007ac2b00000) (1024K)]
  0x0000025e75095420 JavaThread "Notification Thread"        daemon [_thread_blocked, id=12176, stack(0x0000007ac2b00000,0x0000007ac2c00000) (1024K)]
  0x0000025e75095ab0 JavaThread "Daemon health stats"               [_thread_blocked, id=22916, stack(0x0000007ac3200000,0x0000007ac3300000) (1024K)]
  0x0000025e75096140 JavaThread "Incoming local TCP Connector on port 57932"        [_thread_in_native, id=6352, stack(0x0000007ac3000000,0x0000007ac3100000) (1024K)]
  0x0000025e750974f0 JavaThread "Daemon periodic checks"            [_thread_blocked, id=24548, stack(0x0000007ac3300000,0x0000007ac3400000) (1024K)]
  0x0000025e75097b80 JavaThread "Daemon"                            [_thread_blocked, id=13452, stack(0x0000007ac3400000,0x0000007ac3500000) (1024K)]
  0x0000025e75094700 JavaThread "Handler for socket connection from /127.0.0.1:57932 to /127.0.0.1:57933"        [_thread_in_native, id=24352, stack(0x0000007ac3500000,0x0000007ac3600000) (1024K)]
  0x0000025e770e1de0 JavaThread "Cancel handler"                    [_thread_blocked, id=15388, stack(0x0000007ac3600000,0x0000007ac3700000) (1024K)]
  0x0000025e770e1750 JavaThread "Daemon worker"                     [_thread_in_vm, id=17532, stack(0x0000007ac3700000,0x0000007ac3800000) (1024K)]
  0x0000025e770dfd10 JavaThread "Asynchronous log dispatcher for DefaultDaemonConnection: socket connection from /127.0.0.1:57932 to /127.0.0.1:57933"        [_thread_blocked, id=10288, stack(0x0000007ac3800000,0x0000007ac3900000) (1024K)]
  0x0000025e770e0a30 JavaThread "Stdin handler"                     [_thread_blocked, id=7044, stack(0x0000007ac3900000,0x0000007ac3a00000) (1024K)]
  0x0000025e770e10c0 JavaThread "Daemon client event forwarder"        [_thread_blocked, id=18172, stack(0x0000007ac3a00000,0x0000007ac3b00000) (1024K)]
  0x0000025e770e2470 JavaThread "Cache worker for journal cache (C:\Users\JIBAS KUMAR YADAV\.gradle\caches\journal-1)"        [_thread_blocked, id=12040, stack(0x0000007ac3e00000,0x0000007ac3f00000) (1024K)]
  0x0000025e770e3190 JavaThread "File lock request listener"        [_thread_in_native, id=24800, stack(0x0000007ac3f00000,0x0000007ac4000000) (1024K)]
  0x0000025e770e2b00 JavaThread "Cache worker for file hash cache (C:\Users\JIBAS KUMAR YADAV\.gradle\caches\8.10.2\fileHashes)"        [_thread_blocked, id=25532, stack(0x0000007ac4000000,0x0000007ac4100000) (1024K)]
  0x0000025e770e3820 JavaThread "Cache worker for file hash cache (C:\Users\JIBAS KUMAR YADAV\StudioProjects\bus_route_finder\android\.gradle\8.10.2\fileHashes)"        [_thread_blocked, id=14964, stack(0x0000007ac4200000,0x0000007ac4300000) (1024K)]
  0x0000025e770e03a0 JavaThread "Cache worker for Build Output Cleanup Cache (C:\Users\JIBAS KUMAR YADAV\StudioProjects\bus_route_finder\android\.gradle\buildOutputCleanup)"        [_thread_blocked, id=5328, stack(0x0000007ac4300000,0x0000007ac4400000) (1024K)]
  0x0000025e770e5f80 JavaThread "File watcher server"        daemon [_thread_in_native, id=14400, stack(0x0000007ac4100000,0x0000007ac4200000) (1024K)]
  0x0000025e770e6ca0 JavaThread "File watcher consumer"      daemon [_thread_blocked, id=23704, stack(0x0000007ac4400000,0x0000007ac4500000) (1024K)]
  0x0000025e770e4540 JavaThread "Cache worker for checksums cache (C:\Users\JIBAS KUMAR YADAV\StudioProjects\bus_route_finder\android\.gradle\8.10.2\checksums)"        [_thread_blocked, id=16000, stack(0x0000007ac4500000,0x0000007ac4600000) (1024K)]
  0x0000025e770e6610 JavaThread "Cache worker for file content cache (C:\Users\JIBAS KUMAR YADAV\.gradle\caches\8.10.2\fileContent)"        [_thread_blocked, id=17272, stack(0x0000007ac4600000,0x0000007ac4700000) (1024K)]
  0x0000025e770e58f0 JavaThread "Cache worker for cache directory md-rule (C:\Users\JIBAS KUMAR YADAV\.gradle\caches\8.10.2\md-rule)"        [_thread_blocked, id=24408, stack(0x0000007ac4800000,0x0000007ac4900000) (1024K)]
  0x0000025e770e4bd0 JavaThread "Cache worker for cache directory md-supplier (C:\Users\JIBAS KUMAR YADAV\.gradle\caches\8.10.2\md-supplier)"        [_thread_blocked, id=25528, stack(0x0000007ac4900000,0x0000007ac4a00000) (1024K)]
  0x0000025e776acc30 JavaThread "C2 CompilerThread1"         daemon [_thread_in_native, id=23512, stack(0x0000007ac4700000,0x0000007ac4800000) (1024K)]
  0x0000025e77575e10 JavaThread "Cache worker for Build Output Cleanup Cache (C:\flutter_windows_3.29.2-stable\flutter\packages\flutter_tools\gradle\.gradle\buildOutputCleanup)"        [_thread_blocked, id=17220, stack(0x0000007ac4a00000,0x0000007ac4b00000) (1024K)]
Total: 34

Other Threads:
  0x0000025e6e49db90 VMThread "VM Thread"                           [id=3612, stack(0x0000007ac2100000,0x0000007ac2200000) (1024K)]
  0x0000025e6e42ae00 WatcherThread "VM Periodic Task Thread"        [id=24772, stack(0x0000007ac2000000,0x0000007ac2100000) (1024K)]
  0x0000025e40ca3790 WorkerThread "GC Thread#0"                     [id=25408, stack(0x0000007ac1b00000,0x0000007ac1c00000) (1024K)]
  0x0000025e758de730 WorkerThread "GC Thread#1"                     [id=11632, stack(0x0000007ac2d00000,0x0000007ac2e00000) (1024K)]
  0x0000025e7583dea0 WorkerThread "GC Thread#2"                     [id=17848, stack(0x0000007ac2e00000,0x0000007ac2f00000) (1024K)]
  0x0000025e75f87d50 WorkerThread "GC Thread#3"                     [id=24700, stack(0x0000007ac2c00000,0x0000007ac2d00000) (1024K)]
  0x0000025e75f880f0 WorkerThread "GC Thread#4"                     [id=6760, stack(0x0000007ac2f00000,0x0000007ac3000000) (1024K)]
  0x0000025e76e24050 WorkerThread "GC Thread#5"                     [id=19376, stack(0x0000007ac3100000,0x0000007ac3200000) (1024K)]
  0x0000025e76176300 WorkerThread "GC Thread#6"                     [id=25196, stack(0x0000007ac3b00000,0x0000007ac3c00000) (1024K)]
  0x0000025e76176a40 WorkerThread "GC Thread#7"                     [id=1704, stack(0x0000007ac3c00000,0x0000007ac3d00000) (1024K)]
  0x0000025e40cac660 ConcurrentGCThread "G1 Main Marker"            [id=14628, stack(0x0000007ac1c00000,0x0000007ac1d00000) (1024K)]
  0x0000025e40cadeb0 WorkerThread "G1 Conc#0"                       [id=24148, stack(0x0000007ac1d00000,0x0000007ac1e00000) (1024K)]
  0x0000025e76175f60 WorkerThread "G1 Conc#1"                       [id=20540, stack(0x0000007ac3d00000,0x0000007ac3e00000) (1024K)]
  0x0000025e6e2fa830 ConcurrentGCThread "G1 Refine#0"               [id=14064, stack(0x0000007ac1e00000,0x0000007ac1f00000) (1024K)]
  0x0000025e6e2fc160 ConcurrentGCThread "G1 Service"                [id=13076, stack(0x0000007ac1f00000,0x0000007ac2000000) (1024K)]
Total: 15

Threads with active compile tasks:
C2 CompilerThread0  18592 4793       4       java.net.URLClassLoader$1::run (5 bytes)
C2 CompilerThread1  18592 4792   !   4       java.net.URLClassLoader::findClass (47 bytes)
Total: 2

VM state: not at safepoint (normal execution)

VM Mutex/Monitor currently owned by a thread: None

Heap address: 0x0000000600000000, size: 8192 MB, Compressed Oops mode: Zero based, Oop shift amount: 3

CDS archive(s) not mapped
Compressed class space mapped at: 0x0000000800000000-0x0000000840000000, reserved size: 1073741824
Narrow klass base: 0x0000000800000000, Narrow klass shift: 0, Narrow klass range: 0x40000000

GC Precious Log:
 CardTable entry size: 512
 Card Set container configuration: InlinePtr #cards 4 size 8 Array Of Cards #cards 32 size 80 Howl #buckets 8 coarsen threshold 7372 Howl Bitmap #cards 1024 size 144 coarsen threshold 921 Card regions per heap region 1 cards per card region 8192
 CPUs: 8 total, 8 available
 Memory: 7930M
 Large Page Support: Disabled
 NUMA Support: Disabled
 Compressed Oops: Enabled (Zero based)
 Heap Region Size: 4M
 Heap Min Capacity: 8M
 Heap Initial Capacity: 124M
 Heap Max Capacity: 8G
 Pre-touch: Disabled
 Parallel Workers: 8
 Concurrent Workers: 2
 Concurrent Refinement Workers: 8
 Periodic GC: Disabled

Heap:
 garbage-first heap   total 118784K, used 82405K [0x0000000600000000, 0x0000000800000000)
  region size 4096K, 15 young (61440K), 2 survivors (8192K)
 Metaspace       used 51966K, committed 53440K, reserved 1114112K
  class space    used 7047K, committed 7744K, reserved 1048576K

Heap Regions: E=young(eden), S=young(survivor), O=old, HS=humongous(starts), HC=humongous(continues), CS=collection set, F=free, TAMS=top-at-mark-start, PB=parsable bottom
|   0|0x0000000600000000, 0x0000000600400000, 0x0000000600400000|100%|HS|  |TAMS 0x0000000600000000| PB 0x0000000600000000| Complete 
|   1|0x0000000600400000, 0x0000000600800000, 0x0000000600800000|100%| O|  |TAMS 0x0000000600400000| PB 0x0000000600400000| Untracked 
|   2|0x0000000600800000, 0x0000000600800000, 0x0000000600c00000|  0%| F|  |TAMS 0x0000000600800000| PB 0x0000000600800000| Untracked 
|   3|0x0000000600c00000, 0x0000000601000000, 0x0000000601000000|100%| O|  |TAMS 0x0000000600c00000| PB 0x0000000600c00000| Untracked 
|   4|0x0000000601000000, 0x0000000601400000, 0x0000000601400000|100%| O|  |TAMS 0x0000000601000000| PB 0x0000000601000000| Untracked 
|   5|0x0000000601400000, 0x000000060149a850, 0x0000000601800000| 15%| O|  |TAMS 0x0000000601400000| PB 0x0000000601400000| Untracked 
|   6|0x0000000601800000, 0x0000000601800000, 0x0000000601c00000|  0%| F|  |TAMS 0x0000000601800000| PB 0x0000000601800000| Untracked 
|   7|0x0000000601c00000, 0x0000000601c00000, 0x0000000602000000|  0%| F|  |TAMS 0x0000000601c00000| PB 0x0000000601c00000| Untracked 
|   8|0x0000000602000000, 0x0000000602000000, 0x0000000602400000|  0%| F|  |TAMS 0x0000000602000000| PB 0x0000000602000000| Untracked 
|   9|0x0000000602400000, 0x0000000602400000, 0x0000000602800000|  0%| F|  |TAMS 0x0000000602400000| PB 0x0000000602400000| Untracked 
|  10|0x0000000602800000, 0x0000000602bded20, 0x0000000602c00000| 96%| S|CS|TAMS 0x0000000602800000| PB 0x0000000602800000| Complete 
|  11|0x0000000602c00000, 0x0000000603000000, 0x0000000603000000|100%| S|CS|TAMS 0x0000000602c00000| PB 0x0000000602c00000| Complete 
|  12|0x0000000603000000, 0x0000000603000000, 0x0000000603400000|  0%| F|  |TAMS 0x0000000603000000| PB 0x0000000603000000| Untracked 
|  13|0x0000000603400000, 0x0000000603400000, 0x0000000603800000|  0%| F|  |TAMS 0x0000000603400000| PB 0x0000000603400000| Untracked 
|  14|0x0000000603800000, 0x0000000603a172b0, 0x0000000603c00000| 52%| E|  |TAMS 0x0000000603800000| PB 0x0000000603800000| Complete 
|  15|0x0000000603c00000, 0x0000000604000000, 0x0000000604000000|100%| E|CS|TAMS 0x0000000603c00000| PB 0x0000000603c00000| Complete 
|  16|0x0000000604000000, 0x0000000604400000, 0x0000000604400000|100%| E|CS|TAMS 0x0000000604000000| PB 0x0000000604000000| Complete 
|  17|0x0000000604400000, 0x0000000604800000, 0x0000000604800000|100%| E|CS|TAMS 0x0000000604400000| PB 0x0000000604400000| Complete 
|  18|0x0000000604800000, 0x0000000604c00000, 0x0000000604c00000|100%| E|CS|TAMS 0x0000000604800000| PB 0x0000000604800000| Complete 
|  19|0x0000000604c00000, 0x0000000605000000, 0x0000000605000000|100%| E|CS|TAMS 0x0000000604c00000| PB 0x0000000604c00000| Complete 
|  20|0x0000000605000000, 0x0000000605400000, 0x0000000605400000|100%| E|CS|TAMS 0x0000000605000000| PB 0x0000000605000000| Complete 
|  21|0x0000000605400000, 0x0000000605800000, 0x0000000605800000|100%| E|CS|TAMS 0x0000000605400000| PB 0x0000000605400000| Complete 
|  22|0x0000000605800000, 0x0000000605c00000, 0x0000000605c00000|100%| E|CS|TAMS 0x0000000605800000| PB 0x0000000605800000| Complete 
|  23|0x0000000605c00000, 0x0000000606000000, 0x0000000606000000|100%| E|CS|TAMS 0x0000000605c00000| PB 0x0000000605c00000| Complete 
|  24|0x0000000606000000, 0x0000000606400000, 0x0000000606400000|100%| E|CS|TAMS 0x0000000606000000| PB 0x0000000606000000| Complete 
|  25|0x0000000606400000, 0x0000000606800000, 0x0000000606800000|100%| E|CS|TAMS 0x0000000606400000| PB 0x0000000606400000| Complete 
|  30|0x0000000607800000, 0x0000000607c00000, 0x0000000607c00000|100%| E|CS|TAMS 0x0000000607800000| PB 0x0000000607800000| Complete 
|2046|0x00000007ff800000, 0x00000007ffc00000, 0x00000007ffc00000|100%| O|  |TAMS 0x00000007ff800000| PB 0x00000007ff800000| Untracked 
|2047|0x00000007ffc00000, 0x0000000800000000, 0x0000000800000000|100%| O|  |TAMS 0x00000007ffc00000| PB 0x00000007ffc00000| Untracked 

Card table byte_map: [0x0000025e652a0000,0x0000025e662a0000] _byte_map_base: 0x0000025e622a0000

Marking Bits: (CMBitMap*) 0x0000025e40ca3da0
 Bits: [0x0000025e662a0000, 0x0000025e6e2a0000)

Polling page: 0x0000025e3eb30000

Metaspace:

Usage:
  Non-class:     43.87 MB used.
      Class:      6.88 MB used.
       Both:     50.75 MB used.

Virtual space:
  Non-class space:       64.00 MB reserved,      44.62 MB ( 70%) committed,  1 nodes.
      Class space:        1.00 GB reserved,       7.56 MB ( <1%) committed,  1 nodes.
             Both:        1.06 GB reserved,      52.19 MB (  5%) committed. 

Chunk freelists:
   Non-Class:  2.75 MB
       Class:  8.44 MB
        Both:  11.19 MB

MaxMetaspaceSize: 4.00 GB
CompressedClassSpaceSize: 1.00 GB
Initial GC threshold: 21.00 MB
Current GC threshold: 59.50 MB
CDS: off
 - commit_granule_bytes: 65536.
 - commit_granule_words: 8192.
 - virtual_space_node_default_size: 8388608.
 - enlarge_chunks_in_place: 1.
 - use_allocation_guard: 0.


Internal statistics:

num_allocs_failed_limit: 9.
num_arena_births: 2754.
num_arena_deaths: 0.
num_vsnodes_births: 2.
num_vsnodes_deaths: 0.
num_space_committed: 835.
num_space_uncommitted: 0.
num_chunks_returned_to_freelist: 9.
num_chunks_taken_from_freelist: 4757.
num_chunk_merges: 9.
num_chunk_splits: 3100.
num_chunks_enlarged: 1893.
num_inconsistent_stats: 0.

CodeHeap 'non-profiled nmethods': size=259264Kb used=2715Kb max_used=2715Kb free=256548Kb
 bounds [0x0000025e54010000, 0x0000025e542c0000, 0x0000025e63d40000]
CodeHeap 'profiled nmethods': size=259264Kb used=8724Kb max_used=8724Kb free=250539Kb
 bounds [0x0000025e43d40000, 0x0000025e445d0000, 0x0000025e53a70000]
CodeHeap 'non-nmethods': size=5760Kb used=2117Kb max_used=2132Kb free=3642Kb
 bounds [0x0000025e53a70000, 0x0000025e53ce0000, 0x0000025e54010000]
 total_blobs=5162 nmethods=4461 adapters=604
 compilation: enabled
              stopped_count=0, restarted_count=0
 full_count=0

Compilation events (20 events):
Event: 18.434 Thread 0x0000025e7509ffa0 4874       3       org.gradle.internal.event.AbstractBroadcastDispatch::dispatch (65 bytes)
Event: 18.435 Thread 0x0000025e7509ffa0 nmethod 4874 0x0000025e445bef90 code [0x0000025e445bf1a0, 0x0000025e445bf7f8]
Event: 18.470 Thread 0x0000025e7509ffa0 4875       2       java.lang.ref.Reference::clear (5 bytes)
Event: 18.470 Thread 0x0000025e7509ffa0 nmethod 4875 0x0000025e445bf990 code [0x0000025e445bfb40, 0x0000025e445bfc60]
Event: 18.506 Thread 0x0000025e7509ffa0 4876       1       org.gradle.internal.instantiation.generator.AbstractClassGenerator$PropertyMetadata::field (6 bytes)
Event: 18.506 Thread 0x0000025e7509ffa0 nmethod 4876 0x0000025e542b5910 code [0x0000025e542b5aa0, 0x0000025e542b5bb8]
Event: 18.511 Thread 0x0000025e7509ffa0 4878       1       org.gradle.internal.instantiation.generator.AbstractClassGenerator$PropertyMetadata::access$1300 (5 bytes)
Event: 18.511 Thread 0x0000025e7509ffa0 nmethod 4878 0x0000025e542b6310 code [0x0000025e542b64a0, 0x0000025e542b6550]
Event: 18.511 Thread 0x0000025e7509ffa0 4880       3       org.gradle.internal.instantiation.generator.AbstractClassGenerator$ManagedPropertiesHandler::claimPropertyImplementation (141 bytes)
Event: 18.513 Thread 0x0000025e7509ffa0 nmethod 4880 0x0000025e445bfd10 code [0x0000025e445c0020, 0x0000025e445c1328]
Event: 18.513 Thread 0x0000025e7509ffa0 4879       3       org.gradle.internal.instantiation.generator.AbstractClassGenerator$NamePropertyHandler::claimPropertyImplementation (16 bytes)
Event: 18.514 Thread 0x0000025e7509ffa0 nmethod 4879 0x0000025e445c1810 code [0x0000025e445c19e0, 0x0000025e445c1c50]
Event: 18.514 Thread 0x0000025e7509ffa0 4883       1       org.gradle.internal.instantiation.generator.AbstractClassGenerator$MethodMetadata::getGenericReturnType (5 bytes)
Event: 18.514 Thread 0x0000025e7509ffa0 nmethod 4883 0x0000025e542b6610 code [0x0000025e542b67a0, 0x0000025e542b6870]
Event: 18.514 Thread 0x0000025e7509ffa0 4881       1       com.google.common.collect.LinkedHashMultimap$ValueEntry::setPredecessorInValueSet (6 bytes)
Event: 18.514 Thread 0x0000025e7509ffa0 nmethod 4881 0x0000025e542b6910 code [0x0000025e542b6aa0, 0x0000025e542b6bb8]
Event: 18.514 Thread 0x0000025e7509ffa0 4882       1       com.google.common.collect.LinkedHashMultimap$ValueSet::setPredecessorInValueSet (6 bytes)
Event: 18.514 Thread 0x0000025e7509ffa0 nmethod 4882 0x0000025e542b6c10 code [0x0000025e542b6da0, 0x0000025e542b6eb8]
Event: 18.514 Thread 0x0000025e7509ffa0 4884       3       java.lang.reflect.Constructor::getGenericParameterTypes (5 bytes)
Event: 18.516 Thread 0x0000025e7509ffa0 nmethod 4884 0x0000025e445c1d10 code [0x0000025e445c1fc0, 0x0000025e445c2fb0]

GC Heap History (18 events):
Event: 1.062 GC heap before
{Heap before GC invocations=0 (full 0):
 garbage-first heap   total 126976K, used 20480K [0x0000000600000000, 0x0000000800000000)
  region size 4096K, 5 young (20480K), 0 survivors (0K)
 Metaspace       used 7688K, committed 7872K, reserved 1114112K
  class space    used 692K, committed 768K, reserved 1048576K
}
Event: 1.068 GC heap after
{Heap after GC invocations=1 (full 0):
 garbage-first heap   total 126976K, used 1536K [0x0000000600000000, 0x0000000800000000)
  region size 4096K, 1 young (4096K), 1 survivors (4096K)
 Metaspace       used 7688K, committed 7872K, reserved 1114112K
  class space    used 692K, committed 768K, reserved 1048576K
}
Event: 3.383 GC heap before
{Heap before GC invocations=1 (full 0):
 garbage-first heap   total 126976K, used 46592K [0x0000000600000000, 0x0000000800000000)
  region size 4096K, 11 young (45056K), 1 survivors (4096K)
 Metaspace       used 12220K, committed 12416K, reserved 1114112K
  class space    used 1278K, committed 1408K, reserved 1048576K
}
Event: 3.398 GC heap after
{Heap after GC invocations=2 (full 0):
 garbage-first heap   total 126976K, used 11411K [0x0000000600000000, 0x0000000800000000)
  region size 4096K, 2 young (8192K), 2 survivors (8192K)
 Metaspace       used 12220K, committed 12416K, reserved 1114112K
  class space    used 1278K, committed 1408K, reserved 1048576K
}
Event: 5.302 GC heap before
{Heap before GC invocations=2 (full 0):
 garbage-first heap   total 126976K, used 56467K [0x0000000600000000, 0x0000000800000000)
  region size 4096K, 13 young (53248K), 2 survivors (8192K)
 Metaspace       used 13338K, committed 13568K, reserved 1114112K
  class space    used 1459K, committed 1600K, reserved 1048576K
}
Event: 5.322 GC heap after
{Heap after GC invocations=3 (full 0):
 garbage-first heap   total 126976K, used 16805K [0x0000000600000000, 0x0000000800000000)
  region size 4096K, 2 young (8192K), 2 survivors (8192K)
 Metaspace       used 13338K, committed 13568K, reserved 1114112K
  class space    used 1459K, committed 1600K, reserved 1048576K
}
Event: 8.363 GC heap before
{Heap before GC invocations=3 (full 0):
 garbage-first heap   total 126976K, used 41381K [0x0000000600000000, 0x0000000800000000)
  region size 4096K, 9 young (36864K), 2 survivors (8192K)
 Metaspace       used 21203K, committed 21504K, reserved 1114112K
  class space    used 2444K, committed 2624K, reserved 1048576K
}
Event: 8.377 GC heap after
{Heap after GC invocations=4 (full 0):
 garbage-first heap   total 126976K, used 20196K [0x0000000600000000, 0x0000000800000000)
  region size 4096K, 3 young (12288K), 3 survivors (12288K)
 Metaspace       used 21203K, committed 21504K, reserved 1114112K
  class space    used 2444K, committed 2624K, reserved 1048576K
}
Event: 12.099 GC heap before
{Heap before GC invocations=5 (full 0):
 garbage-first heap   total 81920K, used 77540K [0x0000000600000000, 0x0000000800000000)
  region size 4096K, 17 young (69632K), 3 survivors (12288K)
 Metaspace       used 30218K, committed 30848K, reserved 1114112K
  class space    used 3858K, committed 4160K, reserved 1048576K
}
Event: 12.114 GC heap after
{Heap after GC invocations=6 (full 0):
 garbage-first heap   total 98304K, used 24176K [0x0000000600000000, 0x0000000800000000)
  region size 4096K, 2 young (8192K), 2 survivors (8192K)
 Metaspace       used 30218K, committed 30848K, reserved 1114112K
  class space    used 3858K, committed 4160K, reserved 1048576K
}
Event: 13.566 GC heap before
{Heap before GC invocations=6 (full 0):
 garbage-first heap   total 98304K, used 61040K [0x0000000600000000, 0x0000000800000000)
  region size 4096K, 12 young (49152K), 2 survivors (8192K)
 Metaspace       used 35325K, committed 36160K, reserved 1114112K
  class space    used 4711K, committed 5120K, reserved 1048576K
}
Event: 13.582 GC heap after
{Heap after GC invocations=7 (full 0):
 garbage-first heap   total 98304K, used 25725K [0x0000000600000000, 0x0000000800000000)
  region size 4096K, 2 young (8192K), 2 survivors (8192K)
 Metaspace       used 35325K, committed 36160K, reserved 1114112K
  class space    used 4711K, committed 5120K, reserved 1048576K
}
Event: 13.692 GC heap before
{Heap before GC invocations=7 (full 0):
 garbage-first heap   total 98304K, used 25725K [0x0000000600000000, 0x0000000800000000)
  region size 4096K, 3 young (12288K), 2 survivors (8192K)
 Metaspace       used 35548K, committed 36480K, reserved 1114112K
  class space    used 4747K, committed 5184K, reserved 1048576K
}
Event: 13.698 GC heap after
{Heap after GC invocations=8 (full 0):
 garbage-first heap   total 98304K, used 25813K [0x0000000600000000, 0x0000000800000000)
  region size 4096K, 1 young (4096K), 1 survivors (4096K)
 Metaspace       used 35548K, committed 36480K, reserved 1114112K
  class space    used 4747K, committed 5184K, reserved 1048576K
}
Event: 15.575 GC heap before
{Heap before GC invocations=9 (full 0):
 garbage-first heap   total 98304K, used 74965K [0x0000000600000000, 0x0000000800000000)
  region size 4096K, 14 young (57344K), 1 survivors (4096K)
 Metaspace       used 45218K, committed 46400K, reserved 1114112K
  class space    used 5982K, committed 6592K, reserved 1048576K
}
Event: 15.585 GC heap after
{Heap after GC invocations=10 (full 0):
 garbage-first heap   total 118784K, used 30381K [0x0000000600000000, 0x0000000800000000)
  region size 4096K, 2 young (8192K), 2 survivors (8192K)
 Metaspace       used 45218K, committed 46400K, reserved 1114112K
  class space    used 5982K, committed 6592K, reserved 1048576K
}
Event: 16.687 GC heap before
{Heap before GC invocations=10 (full 0):
 garbage-first heap   total 118784K, used 91821K [0x0000000600000000, 0x0000000800000000)
  region size 4096K, 17 young (69632K), 2 survivors (8192K)
 Metaspace       used 48157K, committed 49536K, reserved 1114112K
  class space    used 6446K, committed 7104K, reserved 1048576K
}
Event: 16.712 GC heap after
{Heap after GC invocations=11 (full 0):
 garbage-first heap   total 118784K, used 33253K [0x0000000600000000, 0x0000000800000000)
  region size 4096K, 2 young (8192K), 2 survivors (8192K)
 Metaspace       used 48157K, committed 49536K, reserved 1114112K
  class space    used 6446K, committed 7104K, reserved 1048576K
}

Dll operation events (3 events):
Event: 0.040 Loaded shared library C:\Program Files\Android\Android Studio\jbr\bin\java.dll
Event: 0.052 Loaded shared library C:\Program Files\Android\Android Studio\jbr\bin\zip.dll
Event: 1.445 Loaded shared library C:\Program Files\Android\Android Studio\jbr\bin\verify.dll

Deoptimization events (20 events):
Event: 18.258 Thread 0x0000025e770e1750 DEOPT PACKING pc=0x0000025e43f52149 sp=0x0000007ac37f6980
Event: 18.258 Thread 0x0000025e770e1750 DEOPT UNPACKING pc=0x0000025e53ac88e2 sp=0x0000007ac37f5ea0 mode 0
Event: 18.259 Thread 0x0000025e770e1750 DEOPT PACKING pc=0x0000025e43f52149 sp=0x0000007ac37f6980
Event: 18.259 Thread 0x0000025e770e1750 DEOPT UNPACKING pc=0x0000025e53ac88e2 sp=0x0000007ac37f5ea0 mode 0
Event: 18.277 Thread 0x0000025e770e1750 Uncommon trap: trap_request=0xffffff45 fr.pc=0x0000025e540f8610 relative=0x0000000000000070
Event: 18.278 Thread 0x0000025e770e1750 Uncommon trap: reason=unstable_if action=reinterpret pc=0x0000025e540f8610 method=java.lang.ref.ReferenceQueue.poll()Ljava/lang/ref/Reference; @ 4 c2
Event: 18.278 Thread 0x0000025e770e1750 DEOPT PACKING pc=0x0000025e540f8610 sp=0x0000007ac37f6270
Event: 18.278 Thread 0x0000025e770e1750 DEOPT UNPACKING pc=0x0000025e53ac7da2 sp=0x0000007ac37f6200 mode 2
Event: 18.294 Thread 0x0000025e770e1750 Uncommon trap: trap_request=0xffffff45 fr.pc=0x0000025e5412bae0 relative=0x00000000000002a0
Event: 18.294 Thread 0x0000025e770e1750 Uncommon trap: reason=unstable_if action=reinterpret pc=0x0000025e5412bae0 method=java.lang.String.regionMatches(ZILjava/lang/String;II)Z @ 36 c2
Event: 18.294 Thread 0x0000025e770e1750 DEOPT PACKING pc=0x0000025e5412bae0 sp=0x0000007ac37f6f30
Event: 18.294 Thread 0x0000025e770e1750 DEOPT UNPACKING pc=0x0000025e53ac7da2 sp=0x0000007ac37f6e98 mode 2
Event: 18.350 Thread 0x0000025e770e1750 Uncommon trap: trap_request=0xffffffde fr.pc=0x0000025e541f61a4 relative=0x00000000000002e4
Event: 18.350 Thread 0x0000025e770e1750 Uncommon trap: reason=class_check action=maybe_recompile pc=0x0000025e541f61a4 method=java.util.Collections$SetFromMap.remove(Ljava/lang/Object;)Z @ 5 c2
Event: 18.350 Thread 0x0000025e770e1750 DEOPT PACKING pc=0x0000025e541f61a4 sp=0x0000007ac37f8230
Event: 18.350 Thread 0x0000025e770e1750 DEOPT UNPACKING pc=0x0000025e53ac7da2 sp=0x0000007ac37f8218 mode 2
Event: 18.425 Thread 0x0000025e770e1750 Uncommon trap: trap_request=0xffffffde fr.pc=0x0000025e542415c8 relative=0x00000000000028a8
Event: 18.425 Thread 0x0000025e770e1750 Uncommon trap: reason=class_check action=maybe_recompile pc=0x0000025e542415c8 method=java.util.regex.Pattern$CharProperty.study(Ljava/util/regex/Pattern$TreeInfo;)Z @ 25 c2
Event: 18.425 Thread 0x0000025e770e1750 DEOPT PACKING pc=0x0000025e542415c8 sp=0x0000007ac37f73a0
Event: 18.425 Thread 0x0000025e770e1750 DEOPT UNPACKING pc=0x0000025e53ac7da2 sp=0x0000007ac37f7298 mode 2

Classes loaded (20 events):
Event: 17.385 Loading class java/util/concurrent/RecursiveAction
Event: 17.385 Loading class java/util/concurrent/RecursiveAction done
Event: 17.557 Loading class java/util/concurrent/atomic/AtomicReferenceFieldUpdater
Event: 17.557 Loading class java/util/concurrent/atomic/AtomicReferenceFieldUpdater done
Event: 17.557 Loading class java/util/concurrent/atomic/AtomicReferenceFieldUpdater$AtomicReferenceFieldUpdaterImpl
Event: 17.558 Loading class java/util/concurrent/atomic/AtomicReferenceFieldUpdater$AtomicReferenceFieldUpdaterImpl done
Event: 17.558 Loading class java/util/concurrent/atomic/AtomicReferenceFieldUpdater$AtomicReferenceFieldUpdaterImpl$1
Event: 17.558 Loading class java/util/concurrent/atomic/AtomicReferenceFieldUpdater$AtomicReferenceFieldUpdaterImpl$1 done
Event: 17.806 Loading class java/util/concurrent/LinkedBlockingDeque$Itr
Event: 17.806 Loading class java/util/concurrent/LinkedBlockingDeque$AbstractItr
Event: 17.806 Loading class java/util/concurrent/LinkedBlockingDeque$AbstractItr done
Event: 17.806 Loading class java/util/concurrent/LinkedBlockingDeque$Itr done
Event: 17.918 Loading class java/util/DualPivotQuicksort
Event: 17.919 Loading class java/util/DualPivotQuicksort done
Event: 18.023 Loading class java/util/stream/ReduceOps$2
Event: 18.024 Loading class java/util/stream/ReduceOps$2 done
Event: 18.024 Loading class java/util/stream/ReduceOps$2ReducingSink
Event: 18.024 Loading class java/util/stream/ReduceOps$2ReducingSink done
Event: 18.047 Loading class java/lang/StringIndexOutOfBoundsException
Event: 18.047 Loading class java/lang/StringIndexOutOfBoundsException done

Classes unloaded (0 events):
No events

Classes redefined (0 events):
No events

Internal exceptions (20 events):
Event: 16.979 Thread 0x0000025e770e1750 Exception <a 'java/lang/NoSuchMethodError'{0x00000006064cbe70}: 'java.lang.Object java.lang.invoke.DirectMethodHandle$Holder.newInvokeSpecial(java.lang.Object, long)'> (0x00000006064cbe70) 
thrown [s\src\hotspot\share\interpreter\linkResolver.cpp, line 784]
Event: 16.990 Thread 0x0000025e770e1750 Exception <a 'java/lang/NoSuchMethodError'{0x0000000606526fb8}: 'java.lang.Object java.lang.invoke.DirectMethodHandle$Holder.newInvokeSpecial(java.lang.Object, java.lang.Object, java.lang.Object, java.lang.Object, java.lang.Object, long)'> (0x0000000606526fb8) 
thrown [s\src\hotspot\share\interpreter\linkResolver.cpp, line 784]
Event: 16.990 Thread 0x0000025e770e1750 Exception <a 'java/lang/NoSuchMethodError'{0x000000060652be48}: 'java.lang.Object java.lang.invoke.DirectMethodHandle$Holder.invokeSpecial(java.lang.Object, java.lang.Object, java.lang.Object, java.lang.Object, java.lang.Object, java.lang.Object, long)'> (0x000000060652be48) 
thrown [s\src\hotspot\share\interpreter\linkResolver.cpp, line 784]
Event: 16.990 Thread 0x0000025e770e1750 Exception <a 'java/lang/NoSuchMethodError'{0x0000000606530428}: 'java.lang.Object java.lang.invoke.Invokers$Holder.linkToTargetMethod(java.lang.Object, java.lang.Object, java.lang.Object, java.lang.Object, long, java.lang.Object)'> (0x0000000606530428) 
thrown [s\src\hotspot\share\interpreter\linkResolver.cpp, line 784]
Event: 17.009 Thread 0x0000025e770e1750 Exception <a 'java/lang/NoSuchMethodError'{0x0000000606578678}: 'java.lang.Object java.lang.invoke.DirectMethodHandle$Holder.newInvokeSpecial(java.lang.Object, java.lang.Object, java.lang.Object, long)'> (0x0000000606578678) 
thrown [s\src\hotspot\share\interpreter\linkResolver.cpp, line 784]
Event: 17.010 Thread 0x0000025e770e1750 Exception <a 'java/lang/NoSuchMethodError'{0x000000060657d188}: 'java.lang.Object java.lang.invoke.DirectMethodHandle$Holder.invokeSpecial(java.lang.Object, java.lang.Object, java.lang.Object, java.lang.Object, long)'> (0x000000060657d188) 
thrown [s\src\hotspot\share\interpreter\linkResolver.cpp, line 784]
Event: 17.010 Thread 0x0000025e770e1750 Exception <a 'java/lang/NoSuchMethodError'{0x0000000606581348}: 'java.lang.Object java.lang.invoke.Invokers$Holder.linkToTargetMethod(java.lang.Object, java.lang.Object, long, java.lang.Object)'> (0x0000000606581348) 
thrown [s\src\hotspot\share\interpreter\linkResolver.cpp, line 784]
Event: 17.184 Thread 0x0000025e770e1750 Exception <a 'java/lang/NoSuchMethodError'{0x00000006067cb668}: 'java.lang.Object java.lang.invoke.DirectMethodHandle$Holder.newInvokeSpecial(java.lang.Object, java.lang.Object, java.lang.Object, java.lang.Object, java.lang.Object, java.lang.Object, java.lang.Object, java.lang.Object, java.lang.Object, java.lang.Object, java.lang.Object, java.lang.Object, java.lang.Object, java.lang.Object, java.lang.Object, java.lang.Object, java.lang.Object, java.lang.Object, java.lang.Object, java.lang.Object, java.lang
Event: 17.327 Thread 0x0000025e770e1750 Implicit null exception at 0x0000025e5402fcfc to 0x0000025e5402fdb4
Event: 17.878 Thread 0x0000025e770e1750 Exception <a 'java/lang/NoSuchMethodError'{0x0000000605bc49b8}: 'java.lang.Object java.lang.invoke.DirectMethodHandle$Holder.newInvokeSpecial(java.lang.Object, java.lang.Object, java.lang.Object, java.lang.Object, java.lang.Object, java.lang.Object, java.lang.Object, java.lang.Object, java.lang.Object, java.lang.Object, java.lang.Object, java.lang.Object, java.lang.Object, java.lang.Object, java.lang.Object, java.lang.Object, java.lang.Object, java.lang.Object, java.lang.Object)'> (0x0000000605bc49b8) 
thr
Event: 17.883 Thread 0x0000025e770e1750 Exception <a 'java/lang/NoSuchMethodError'{0x0000000605bcb340}: 'java.lang.Object java.lang.invoke.DirectMethodHandle$Holder.invokeSpecial(java.lang.Object, java.lang.Object, java.lang.Object, java.lang.Object, java.lang.Object, java.lang.Object, java.lang.Object, java.lang.Object, java.lang.Object, java.lang.Object, java.lang.Object, java.lang.Object, java.lang.Object, java.lang.Object, java.lang.Object, java.lang.Object, java.lang.Object, java.lang.Object, java.lang.Object, java.lang.Object)'> (0x0000000
Event: 17.886 Thread 0x0000025e770e1750 Exception <a 'java/lang/NoSuchMethodError'{0x0000000605bd0b90}: 'java.lang.Object java.lang.invoke.DelegatingMethodHandle$Holder.reinvoke_L(java.lang.Object, java.lang.Object, java.lang.Object, java.lang.Object, java.lang.Object, java.lang.Object, java.lang.Object, java.lang.Object, java.lang.Object, java.lang.Object, java.lang.Object, java.lang.Object, java.lang.Object, java.lang.Object, java.lang.Object, java.lang.Object, java.lang.Object, java.lang.Object, java.lang.Object)'> (0x0000000605bd0b90) 
throw
Event: 17.927 Thread 0x0000025e770e1750 Exception <a 'java/lang/NoSuchMethodError'{0x00000006054ba9a0}: 'void java.lang.invoke.DirectMethodHandle$Holder.invokeStatic(java.lang.Object, java.lang.Object, java.lang.Object, java.lang.Object, java.lang.Object, java.lang.Object)'> (0x00000006054ba9a0) 
thrown [s\src\hotspot\share\interpreter\linkResolver.cpp, line 784]
Event: 17.942 Thread 0x0000025e770e1750 Exception <a 'java/lang/IncompatibleClassChangeError'{0x00000006054cee48}: Found class java.lang.Object, but interface was expected> (0x00000006054cee48) 
thrown [s\src\hotspot\share\interpreter\linkResolver.cpp, line 851]
Event: 17.949 Thread 0x0000025e770e1750 Exception <a 'java/lang/NoSuchMethodError'{0x00000006054e4e08}: 'java.lang.Object java.lang.invoke.DirectMethodHandle$Holder.invokeVirtual(java.lang.Object, java.lang.Object, java.lang.Object, java.lang.Object, java.lang.Object, java.lang.Object, java.lang.Object, java.lang.Object, java.lang.Object, java.lang.Object, java.lang.Object, java.lang.Object, java.lang.Object)'> (0x00000006054e4e08) 
thrown [s\src\hotspot\share\interpreter\linkResolver.cpp, line 784]
Event: 18.094 Thread 0x0000025e770e1750 Implicit null exception at 0x0000025e540d86e1 to 0x0000025e540d988c
Event: 18.132 Thread 0x0000025e770e1750 Exception <a 'sun/nio/fs/WindowsException'{0x0000000605790308}> (0x0000000605790308) 
thrown [s\src\hotspot\share\prims\jni.cpp, line 535]
Event: 18.133 Thread 0x0000025e770e1750 Exception <a 'sun/nio/fs/WindowsException'{0x00000006057920a8}> (0x00000006057920a8) 
thrown [s\src\hotspot\share\prims\jni.cpp, line 535]
Event: 18.134 Thread 0x0000025e770e1750 Exception <a 'sun/nio/fs/WindowsException'{0x0000000605793e38}> (0x0000000605793e38) 
thrown [s\src\hotspot\share\prims\jni.cpp, line 535]
Event: 18.134 Thread 0x0000025e770e1750 Exception <a 'sun/nio/fs/WindowsException'{0x0000000605795770}> (0x0000000605795770) 
thrown [s\src\hotspot\share\prims\jni.cpp, line 535]

ZGC Phase Switch (0 events):
No events

VM Operations (20 events):
Event: 15.565 Executing VM operation: HandshakeAllThreads (Deoptimize)
Event: 15.565 Executing VM operation: HandshakeAllThreads (Deoptimize) done
Event: 15.575 Executing VM operation: G1CollectForAllocation (G1 Evacuation Pause)
Event: 15.585 Executing VM operation: G1CollectForAllocation (G1 Evacuation Pause) done
Event: 16.171 Executing VM operation: ICBufferFull
Event: 16.171 Executing VM operation: ICBufferFull done
Event: 16.228 Executing VM operation: HandshakeAllThreads (Deoptimize)
Event: 16.228 Executing VM operation: HandshakeAllThreads (Deoptimize) done
Event: 16.273 Executing VM operation: HandshakeAllThreads (Deoptimize)
Event: 16.273 Executing VM operation: HandshakeAllThreads (Deoptimize) done
Event: 16.276 Executing VM operation: HandshakeAllThreads (Deoptimize)
Event: 16.276 Executing VM operation: HandshakeAllThreads (Deoptimize) done
Event: 16.660 Executing VM operation: HandshakeAllThreads (Deoptimize)
Event: 16.660 Executing VM operation: HandshakeAllThreads (Deoptimize) done
Event: 16.686 Executing VM operation: G1CollectForAllocation (G1 Evacuation Pause)
Event: 16.712 Executing VM operation: G1CollectForAllocation (G1 Evacuation Pause) done
Event: 16.801 Executing VM operation: HandshakeAllThreads (Deoptimize)
Event: 16.801 Executing VM operation: HandshakeAllThreads (Deoptimize) done
Event: 17.811 Executing VM operation: Cleanup
Event: 17.827 Executing VM operation: Cleanup done

Memory protections (0 events):
No events

Nmethod flushes (20 events):
Event: 13.727 Thread 0x0000025e6e49db90 flushing  nmethod 0x0000025e43e56390
Event: 13.727 Thread 0x0000025e6e49db90 flushing  nmethod 0x0000025e43e9d790
Event: 13.727 Thread 0x0000025e6e49db90 flushing  nmethod 0x0000025e43e9f610
Event: 13.727 Thread 0x0000025e6e49db90 flushing  nmethod 0x0000025e43ea9a90
Event: 13.727 Thread 0x0000025e6e49db90 flushing  nmethod 0x0000025e43eaa610
Event: 13.727 Thread 0x0000025e6e49db90 flushing  nmethod 0x0000025e43ee6d10
Event: 13.727 Thread 0x0000025e6e49db90 flushing  nmethod 0x0000025e43f22e10
Event: 13.727 Thread 0x0000025e6e49db90 flushing  nmethod 0x0000025e43f23690
Event: 13.727 Thread 0x0000025e6e49db90 flushing  nmethod 0x0000025e43f45690
Event: 13.727 Thread 0x0000025e6e49db90 flushing  nmethod 0x0000025e43f95410
Event: 13.727 Thread 0x0000025e6e49db90 flushing  nmethod 0x0000025e43f97110
Event: 13.727 Thread 0x0000025e6e49db90 flushing  nmethod 0x0000025e4409d490
Event: 13.727 Thread 0x0000025e6e49db90 flushing  nmethod 0x0000025e4409e290
Event: 13.727 Thread 0x0000025e6e49db90 flushing  nmethod 0x0000025e4409f210
Event: 13.727 Thread 0x0000025e6e49db90 flushing  nmethod 0x0000025e440a4390
Event: 13.727 Thread 0x0000025e6e49db90 flushing  nmethod 0x0000025e440e2d10
Event: 13.727 Thread 0x0000025e6e49db90 flushing  nmethod 0x0000025e440e3e10
Event: 13.727 Thread 0x0000025e6e49db90 flushing  nmethod 0x0000025e440e4310
Event: 13.727 Thread 0x0000025e6e49db90 flushing  nmethod 0x0000025e440e8410
Event: 13.727 Thread 0x0000025e6e49db90 flushing  nmethod 0x0000025e441a1f90

Events (20 events):
Event: 10.585 Thread 0x0000025e7509ffa0 Thread added: 0x0000025e76138dc0
Event: 10.813 Thread 0x0000025e76138dc0 Thread exited: 0x0000025e76138dc0
Event: 11.130 Thread 0x0000025e7509ffa0 Thread added: 0x0000025e76138dc0
Event: 12.413 Thread 0x0000025e770e1750 Thread added: 0x0000025e770e3820
Event: 12.458 Thread 0x0000025e770e1750 Thread added: 0x0000025e770e03a0
Event: 12.939 Thread 0x0000025e76138dc0 Thread exited: 0x0000025e76138dc0
Event: 12.991 Thread 0x0000025e770e1750 Thread added: 0x0000025e770e5f80
Event: 13.005 Thread 0x0000025e770e1750 Thread added: 0x0000025e770e6ca0
Event: 13.722 Thread 0x0000025e770e1750 Thread added: 0x0000025e770e4540
Event: 13.798 Thread 0x0000025e770e1750 Thread added: 0x0000025e770e6610
Event: 14.069 Thread 0x0000025e7509ffa0 Thread added: 0x0000025e7998b400
Event: 14.129 Thread 0x0000025e770e1750 Thread added: 0x0000025e770e58f0
Event: 14.353 Thread 0x0000025e770e1750 Thread added: 0x0000025e770e4bd0
Event: 14.709 Thread 0x0000025e7998b400 Thread exited: 0x0000025e7998b400
Event: 14.720 Thread 0x0000025e7509ffa0 Thread added: 0x0000025e7991ac10
Event: 15.066 Thread 0x0000025e7991ac10 Thread exited: 0x0000025e7991ac10
Event: 15.551 Thread 0x0000025e7509ffa0 Thread added: 0x0000025e78c36170
Event: 16.947 Thread 0x0000025e78c36170 Thread exited: 0x0000025e78c36170
Event: 17.757 Thread 0x0000025e7509ffa0 Thread added: 0x0000025e776acc30
Event: 18.081 Thread 0x0000025e770e1750 Thread added: 0x0000025e77575e10


Dynamic libraries:
0x00007ff6ecc90000 - 0x00007ff6ecc9a000 	C:\Program Files\Android\Android Studio\jbr\bin\java.exe
0x00007ffda9aa0000 - 0x00007ffda9d00000 	C:\WINDOWS\SYSTEM32\ntdll.dll
0x00007ffd6a190000 - 0x00007ffd6a1aa000 	C:\Program Files\Avast Software\Avast\aswhook.dll
0x00007ffda87c0000 - 0x00007ffda8887000 	C:\WINDOWS\System32\KERNEL32.DLL
0x00007ffda7240000 - 0x00007ffda760a000 	C:\WINDOWS\System32\KERNELBASE.dll
0x00007ffda6d30000 - 0x00007ffda6e7b000 	C:\WINDOWS\System32\ucrtbase.dll
0x00007ffd91560000 - 0x00007ffd91578000 	C:\Program Files\Android\Android Studio\jbr\bin\jli.dll
0x00007ffd91480000 - 0x00007ffd9149b000 	C:\Program Files\Android\Android Studio\jbr\bin\VCRUNTIME140.dll
0x00007ffda88a0000 - 0x00007ffda8a6c000 	C:\WINDOWS\System32\USER32.dll
0x00007ffda7210000 - 0x00007ffda7237000 	C:\WINDOWS\System32\win32u.dll
0x00007ffd8ab30000 - 0x00007ffd8adc7000 	C:\WINDOWS\WinSxS\amd64_microsoft.windows.common-controls_6595b64144ccf1df_6.0.26100.3624_none_3e086962e3345f24\COMCTL32.dll
0x00007ffda94e0000 - 0x00007ffda950a000 	C:\WINDOWS\System32\GDI32.dll
0x00007ffda8070000 - 0x00007ffda8119000 	C:\WINDOWS\System32\msvcrt.dll
0x00007ffda76d0000 - 0x00007ffda7801000 	C:\WINDOWS\System32\gdi32full.dll
0x00007ffda6c80000 - 0x00007ffda6d23000 	C:\WINDOWS\System32\msvcp_win.dll
0x00007ffda9970000 - 0x00007ffda999f000 	C:\WINDOWS\System32\IMM32.DLL
0x00007ffd91550000 - 0x00007ffd9155c000 	C:\Program Files\Android\Android Studio\jbr\bin\vcruntime140_1.dll
0x00007ffd60c90000 - 0x00007ffd60d1d000 	C:\Program Files\Android\Android Studio\jbr\bin\msvcp140.dll
0x00007ffd54980000 - 0x00007ffd5560a000 	C:\Program Files\Android\Android Studio\jbr\bin\server\jvm.dll
0x00007ffda9820000 - 0x00007ffda98d2000 	C:\WINDOWS\System32\ADVAPI32.dll
0x00007ffda8cc0000 - 0x00007ffda8d66000 	C:\WINDOWS\System32\sechost.dll
0x00007ffda96f0000 - 0x00007ffda9806000 	C:\WINDOWS\System32\RPCRT4.dll
0x00007ffda8120000 - 0x00007ffda8194000 	C:\WINDOWS\System32\WS2_32.dll
0x00007ffda6ad0000 - 0x00007ffda6b2e000 	C:\WINDOWS\SYSTEM32\POWRPROF.dll
0x00007ffd9ef80000 - 0x00007ffd9efb6000 	C:\WINDOWS\SYSTEM32\WINMM.dll
0x00007ffd96c50000 - 0x00007ffd96c5b000 	C:\WINDOWS\SYSTEM32\VERSION.dll
0x00007ffda6ab0000 - 0x00007ffda6ac4000 	C:\WINDOWS\SYSTEM32\UMPDC.dll
0x00007ffda59f0000 - 0x00007ffda5a0a000 	C:\WINDOWS\SYSTEM32\kernel.appcore.dll
0x00007ffd91470000 - 0x00007ffd9147a000 	C:\Program Files\Android\Android Studio\jbr\bin\jimage.dll
0x00007ffda44b0000 - 0x00007ffda46f1000 	C:\WINDOWS\SYSTEM32\DBGHELP.DLL
0x00007ffda8380000 - 0x00007ffda8702000 	C:\WINDOWS\System32\combase.dll
0x00007ffda8ae0000 - 0x00007ffda8bb6000 	C:\WINDOWS\System32\OLEAUT32.dll
0x00007ffd961b0000 - 0x00007ffd961e9000 	C:\WINDOWS\SYSTEM32\dbgcore.DLL
0x00007ffda6e80000 - 0x00007ffda6f19000 	C:\WINDOWS\System32\bcryptPrimitives.dll
0x00007ffd91660000 - 0x00007ffd9166e000 	C:\Program Files\Android\Android Studio\jbr\bin\instrument.dll
0x00007ffd91450000 - 0x00007ffd91470000 	C:\Program Files\Android\Android Studio\jbr\bin\java.dll
0x00007ffd8b830000 - 0x00007ffd8b848000 	C:\Program Files\Android\Android Studio\jbr\bin\zip.dll
0x00007ffda78a0000 - 0x00007ffda7fc9000 	C:\WINDOWS\System32\SHELL32.dll
0x00007ffda6f20000 - 0x00007ffda7088000 	C:\WINDOWS\System32\wintypes.dll
0x00007ffda4900000 - 0x00007ffda5152000 	C:\WINDOWS\SYSTEM32\windows.storage.dll
0x00007ffda93a0000 - 0x00007ffda948d000 	C:\WINDOWS\System32\SHCORE.dll
0x00007ffda8a70000 - 0x00007ffda8ad4000 	C:\WINDOWS\System32\shlwapi.dll
0x00007ffda6b90000 - 0x00007ffda6bbf000 	C:\WINDOWS\SYSTEM32\profapi.dll
0x00007ffd89f70000 - 0x00007ffd89f80000 	C:\Program Files\Android\Android Studio\jbr\bin\net.dll
0x00007ffd9a0a0000 - 0x00007ffd9a1bd000 	C:\WINDOWS\SYSTEM32\WINHTTP.dll
0x00007ffda5fb0000 - 0x00007ffda601a000 	C:\WINDOWS\system32\mswsock.dll
0x00007ffd89d70000 - 0x00007ffd89d86000 	C:\Program Files\Android\Android Studio\jbr\bin\nio.dll
0x00007ffd89e10000 - 0x00007ffd89e20000 	C:\Program Files\Android\Android Studio\jbr\bin\verify.dll
0x00007ffd914e0000 - 0x00007ffd91507000 	C:\Users\JIBAS KUMAR YADAV\.gradle\native\c067742578af261105cb4f569cf0c3c89f3d7b1fecec35dd04571415982c5e48\windows-amd64\native-platform.dll
0x00007ffd54830000 - 0x00007ffd54974000 	C:\Users\JIBAS KUMAR YADAV\.gradle\native\100fb08df4bc3b14c8652ba06237920a3bd2aa13389f12d3474272988ae205f9\windows-amd64\native-platform-file-events.dll
0x00007ffd91cc0000 - 0x00007ffd91cc9000 	C:\Program Files\Android\Android Studio\jbr\bin\management.dll
0x00007ffd91cb0000 - 0x00007ffd91cbb000 	C:\Program Files\Android\Android Studio\jbr\bin\management_ext.dll
0x00007ffda8060000 - 0x00007ffda8068000 	C:\WINDOWS\System32\PSAPI.DLL
0x00007ffda6250000 - 0x00007ffda626c000 	C:\WINDOWS\SYSTEM32\CRYPTSP.dll
0x00007ffda5a10000 - 0x00007ffda5a4a000 	C:\WINDOWS\system32\rsaenh.dll
0x00007ffda6050000 - 0x00007ffda607b000 	C:\WINDOWS\SYSTEM32\USERENV.dll
0x00007ffda6b60000 - 0x00007ffda6b86000 	C:\WINDOWS\SYSTEM32\bcrypt.dll
0x00007ffda6270000 - 0x00007ffda627c000 	C:\WINDOWS\SYSTEM32\CRYPTBASE.dll
0x00007ffda54f0000 - 0x00007ffda5523000 	C:\WINDOWS\SYSTEM32\IPHLPAPI.DLL
0x00007ffda9810000 - 0x00007ffda981a000 	C:\WINDOWS\System32\NSI.dll
0x00007ffd91670000 - 0x00007ffd91679000 	C:\Program Files\Android\Android Studio\jbr\bin\extnet.dll
0x00007ffd5af30000 - 0x00007ffd5af38000 	C:\WINDOWS\system32\wshunix.dll

dbghelp: loaded successfully - version: 4.0.5 - missing functions: none
symbol engine: initialized successfully - sym options: 0x614 - pdb path: .;C:\Program Files\Android\Android Studio\jbr\bin;C:\WINDOWS\SYSTEM32;C:\Program Files\Avast Software\Avast;C:\WINDOWS\WinSxS\amd64_microsoft.windows.common-controls_6595b64144ccf1df_6.0.26100.3624_none_3e086962e3345f24;C:\Program Files\Android\Android Studio\jbr\bin\server;C:\Users\JIBAS KUMAR YADAV\.gradle\native\c067742578af261105cb4f569cf0c3c89f3d7b1fecec35dd04571415982c5e48\windows-amd64;C:\Users\JIBAS KUMAR YADAV\.gradle\native\100fb08df4bc3b14c8652ba06237920a3bd2aa13389f12d3474272988ae205f9\windows-amd64

VM Arguments:
jvm_args: -XX:MaxMetaspaceSize=4G -XX:ReservedCodeCacheSize=512m -XX:+HeapDumpOnOutOfMemoryError --add-opens=java.base/java.util=ALL-UNNAMED --add-opens=java.base/java.lang=ALL-UNNAMED --add-opens=java.base/java.lang.invoke=ALL-UNNAMED --add-opens=java.prefs/java.util.prefs=ALL-UNNAMED --add-exports=jdk.compiler/com.sun.tools.javac.api=ALL-UNNAMED --add-exports=jdk.compiler/com.sun.tools.javac.util=ALL-UNNAMED --add-opens=java.base/java.nio.charset=ALL-UNNAMED --add-opens=java.base/java.net=ALL-UNNAMED --add-opens=java.base/java.util.concurrent.atomic=ALL-UNNAMED -Xmx8G -Dfile.encoding=UTF-8 -Duser.country=AE -Duser.language=en -Duser.variant -javaagent:C:\Users\JIBAS KUMAR YADAV\.gradle\wrapper\dists\gradle-8.10.2-all\7iv73wktx1xtkvlq19urqw1wm\gradle-8.10.2\lib\agents\gradle-instrumentation-agent-8.10.2.jar 
java_command: org.gradle.launcher.daemon.bootstrap.GradleDaemon 8.10.2
java_class_path (initial): C:\Users\JIBAS KUMAR YADAV\.gradle\wrapper\dists\gradle-8.10.2-all\7iv73wktx1xtkvlq19urqw1wm\gradle-8.10.2\lib\gradle-daemon-main-8.10.2.jar
Launcher Type: SUN_STANDARD

[Global flags]
     intx CICompilerCount                          = 4                                         {product} {ergonomic}
     uint ConcGCThreads                            = 2                                         {product} {ergonomic}
     uint G1ConcRefinementThreads                  = 8                                         {product} {ergonomic}
   size_t G1HeapRegionSize                         = 4194304                                   {product} {ergonomic}
    uintx GCDrainStackTargetSize                   = 64                                        {product} {ergonomic}
     bool HeapDumpOnOutOfMemoryError               = true                                   {manageable} {command line}
   size_t InitialHeapSize                          = 130023424                                 {product} {ergonomic}
   size_t MarkStackSize                            = 4194304                                   {product} {ergonomic}
   size_t MaxHeapSize                              = 8589934592                                {product} {command line}
   size_t MaxMetaspaceSize                         = 4294967296                                {product} {command line}
   size_t MaxNewSize                               = 5150605312                                {product} {ergonomic}
   size_t MinHeapDeltaBytes                        = 4194304                                   {product} {ergonomic}
   size_t MinHeapSize                              = 8388608                                   {product} {ergonomic}
    uintx NonNMethodCodeHeapSize                   = 5839372                                {pd product} {ergonomic}
    uintx NonProfiledCodeHeapSize                  = 265515770                              {pd product} {ergonomic}
    uintx ProfiledCodeHeapSize                     = 265515770                              {pd product} {ergonomic}
    uintx ReservedCodeCacheSize                    = 536870912                              {pd product} {command line}
     bool SegmentedCodeCache                       = true                                      {product} {ergonomic}
   size_t SoftMaxHeapSize                          = 8589934592                             {manageable} {ergonomic}
     bool UseCompressedOops                        = true                           {product lp64_product} {ergonomic}
     bool UseG1GC                                  = true                                      {product} {ergonomic}
     bool UseLargePagesIndividualAllocation        = false                                  {pd product} {ergonomic}

Logging:
Log output configuration:
 #0: stdout all=warning uptime,level,tags foldmultilines=false
 #1: stderr all=off uptime,level,tags foldmultilines=false

Environment Variables:
JAVA_HOME=C:\Program Files\Android\Android Studio\jbr
CLASSPATH=C:\Users\JIBAS KUMAR YADAV\StudioProjects\bus_route_finder\android\\gradle\wrapper\gradle-wrapper.jar
PATH=C:\Program Files\Android\Android Studio\jbr\bin;C:\Python313\Scripts\;C:\Python313\;C:\Program Files (x86)\VMware\VMware Workstation\bin\;C:\WINDOWS\system32;C:\WINDOWS;C:\WINDOWS\System32\Wbem;C:\WINDOWS\System32\WindowsPowerShell\v1.0\;C:\WINDOWS\System32\OpenSSH\;C:\Program Files\dotnet\;C:\Program Files\Git\cmd;C:\Program Files (x86)\Windows Kits\10\Windows Performance Toolkit\;C:\ProgramData\chocolatey\bin;C:\Program Files\nodejs\;C:\Users\JIBAS KUMAR YADAV\AppData\Local\Programs\Python\Python312\Scripts\;C:\Users\JIBAS KUMAR YADAV\AppData\Local\Programs\Python\Python312\;C:\Users\JIBAS KUMAR YADAV\AppData\Local\Microsoft\WindowsApps;C:\Users\JIBAS KUMAR YADAV\AppData\Local\Programs\Microsoft VS Code\bin;C:\flutter_windows_3.29.2-stable\flutter\bin;C:\Users\JIBAS KUMAR YADAV\AppData\Local\Android\Sdk\tools;C:\Users\JIBAS KUMAR YADAV\AppData\Local\Android\Sdk\platform-tools;C:\Users\JIBAS KUMAR YADAV\AppData\Roaming\npm;C:\Users\JIBAS KUMAR YADAV\AppData\Local\Pub\Cache\bin;;C:\flutter_windows_3.29.2-stable\flutter\bin\mingit\cmd;C:\flutter_windows_3.29.2-stable\flutter\bin\mingit\cmd
USERNAME=JK Yadav
OS=Windows_NT
PROCESSOR_IDENTIFIER=Intel64 Family 6 Model 140 Stepping 1, GenuineIntel
TMP=C:\Users\JIBAS KUMAR YADAV\AppData\Local\Temp
TEMP=C:\Users\JIBAS KUMAR YADAV\AppData\Local\Temp




Periodic native trim disabled

JNI global refs:
JNI global refs: 25, weak refs: 2

JNI global refs memory usage: 835, weak refs: 833

Process memory usage:
Resident Set Size: 271908K (3% of 8121124K total physical memory with 590368K free physical memory)

OOME stack traces (most recent first):
Classloader memory used:
Loader org.gradle.internal.classloader.VisitableURLClassLoader                         : 24424K
Loader bootstrap                                                                       : 21718K
Loader org.gradle.initialization.MixInLegacyTypesClassLoader                           : 5139K
Loader jdk.internal.loader.ClassLoaders$PlatformClassLoader                            : 509K
Loader jdk.internal.loader.ClassLoaders$AppClassLoader                                 : 234K
Loader org.gradle.internal.classloader.VisitableURLClassLoader                         : 29424B

Classes loaded by more than one classloader:
Class org.gradle.internal.classloader.FilteringClassLoader                            : loaded 2 times (x 101B)
Class org.gradle.internal.classloader.ClassLoaderHierarchy                            : loaded 2 times (x 66B)
Class org.gradle.api.internal.classpath.ManifestUtil                                  : loaded 2 times (x 67B)
Class org.gradle.internal.classloader.DefaultClassLoaderFactory                       : loaded 2 times (x 78B)
Class org.gradle.internal.classloader.ClassLoaderVisitor                              : loaded 2 times (x 72B)
Class org.gradle.api.internal.classpath.EffectiveClassPath                            : loaded 2 times (x 86B)
Class org.gradle.api.internal.DefaultClassPathProvider                                : loaded 2 times (x 72B)
Class [Lorg.gradle.api.internal.ClassPathProvider;                                    : loaded 2 times (x 65B)
Class org.gradle.api.internal.ClassPathProvider                                       : loaded 2 times (x 66B)
Class org.gradle.internal.service.UnknownServiceException                             : loaded 2 times (x 79B)
Class org.gradle.internal.classpath.TransformedClassPath                              : loaded 2 times (x 92B)
Class org.gradle.internal.classloader.InstrumentingClassLoader                        : loaded 2 times (x 66B)
Class org.gradle.internal.service.ServiceLocator                                      : loaded 2 times (x 66B)
Class org.gradle.internal.InternalTransformer                                         : loaded 2 times (x 66B)
Class org.gradle.internal.classloader.ClasspathUtil$1                                 : loaded 2 times (x 72B)
Class org.gradle.api.internal.classpath.DefaultModuleRegistry$DefaultModule           : loaded 2 times (x 82B)
Class org.gradle.api.internal.classpath.Module                                        : loaded 2 times (x 66B)
Class org.gradle.api.internal.classpath.UnknownModuleException                        : loaded 2 times (x 78B)
Class org.gradle.api.internal.DefaultClassPathRegistry                                : loaded 2 times (x 72B)
Class org.gradle.api.internal.ClassPathRegistry                                       : loaded 2 times (x 66B)
Class org.gradle.internal.classpath.DefaultClassPath$ImmutableUniqueList              : loaded 2 times (x 195B)
Class Settings_gradle$1                                                               : loaded 2 times (x 70B)
Class Program                                                                         : loaded 2 times (x 68B)
Class org.gradle.internal.classpath.ClassPath                                         : loaded 2 times (x 66B)
Class org.gradle.api.UncheckedIOException                                             : loaded 2 times (x 78B)
Class org.gradle.internal.installation.GradleInstallation$1                           : loaded 2 times (x 71B)
Class org.gradle.api.internal.classpath.ModuleRegistry                                : loaded 2 times (x 66B)
Class org.gradle.api.internal.classpath.DefaultModuleRegistry                         : loaded 2 times (x 82B)
Class org.gradle.internal.service.ServiceLookupException                              : loaded 2 times (x 78B)
Class org.gradle.internal.classloader.ClassLoaderFactory                              : loaded 2 times (x 66B)
Class org.gradle.internal.service.CachingServiceLocator                               : loaded 2 times (x 78B)
Class org.gradle.internal.classloader.ClasspathUtil                                   : loaded 2 times (x 67B)
Class org.gradle.api.specs.Spec                                                       : loaded 2 times (x 66B)
Class org.gradle.internal.classloader.VisitableURLClassLoader$InstrumentingVisitableURLClassLoader: loaded 2 times (x 119B)
Class org.gradle.internal.classloader.VisitableURLClassLoader$Spec                    : loaded 2 times (x 70B)
Class org.gradle.internal.classpath.DefaultClassPath                                  : loaded 2 times (x 86B)
Class org.gradle.internal.classloader.ClassLoaderSpec                                 : loaded 2 times (x 67B)
Class Settings_gradle$1$1                                                             : loaded 2 times (x 70B)
Class org.gradle.internal.classloader.VisitableURLClassLoader                         : loaded 2 times (x 113B)
Class Settings_gradle                                                                 : loaded 2 times (x 124B)
Class org.gradle.internal.Cast                                                        : loaded 2 times (x 67B)
Class org.gradle.api.Action                                                           : loaded 2 times (x 66B)
Class org.gradle.internal.classpath.DefaultClassPath$ImmutableUniqueList$Builder      : loaded 2 times (x 71B)
Class org.gradle.api.GradleException                                                  : loaded 2 times (x 78B)
Class org.gradle.internal.IoActions                                                   : loaded 2 times (x 67B)
Class org.gradle.internal.classloader.SystemClassLoaderSpec                           : loaded 2 times (x 67B)
Class org.gradle.api.internal.classpath.GlobalCacheRootsProvider                      : loaded 2 times (x 66B)
Class org.gradle.internal.installation.CurrentGradleInstallationLocator               : loaded 2 times (x 67B)
Class org.gradle.internal.service.DefaultServiceLocator                               : loaded 2 times (x 79B)
Class org.gradle.internal.installation.CurrentGradleInstallation                      : loaded 2 times (x 69B)
Class org.gradle.util.internal.GUtil                                                  : loaded 2 times (x 67B)
Class org.gradle.internal.installation.GradleInstallation                             : loaded 2 times (x 71B)

---------------  S Y S T E M  ---------------

OS:
 Windows 11 , 64 bit Build 26100 (10.0.26100.3775)
OS uptime: 0 days 13:57 hours
Hyper-V role detected

CPU: total 8 (initial active 8) (4 cores per cpu, 2 threads per core) family 6 model 140 stepping 1 microcode 0xba, cx8, cmov, fxsr, ht, mmx, 3dnowpref, sse, sse2, sse3, ssse3, sse4.1, sse4.2, popcnt, lzcnt, tsc, tscinvbit, avx, avx2, aes, erms, clmul, bmi1, bmi2, adx, avx512f, avx512dq, avx512cd, avx512bw, avx512vl, sha, fma, vzeroupper, avx512_vpopcntdq, avx512_vpclmulqdq, avx512_vaes, avx512_vnni, clflush, clflushopt, clwb, avx512_vbmi2, avx512_vbmi, hv, rdtscp, rdpid, fsrm, gfni, avx512_bitalg, f16c, cet_ibt, cet_ss, avx512_ifma
Processor Information for all 8 processors :
  Max Mhz: 1382, Current Mhz: 1382, Mhz Limit: 1382

Memory: 4k page, system-wide physical 7930M (578M free)
TotalPageFile size 17967M (AvailPageFile size 5M)
current process WorkingSet (physical memory assigned to process): 265M, peak: 270M
current process commit charge ("private bytes"): 332M, peak: 337M

vm_info: OpenJDK 64-Bit Server VM (21.0.5+-13047016-b750.29) for windows-amd64 JRE (21.0.5+-13047016-b750.29), built on 2025-02-11T21:12:39Z by "builder" with MS VC++ 16.10 / 16.11 (VS2019)

END.
