#
# There is insufficient memory for the Java Runtime Environment to continue.
# Native memory allocation (mmap) failed to map 79691776 bytes. Error detail: G1 virtual space
# Possible reasons:
#   The system is out of physical RAM or swap space
#   This process is running with CompressedOops enabled, and the Java Heap may be blocking the growth of the native heap
# Possible solutions:
#   Reduce memory load on the system
#   Increase physical memory or swap space
#   Check if swap backing store is full
#   Decrease Java heap size (-Xmx/-Xms)
#   Decrease number of Java threads
#   Decrease Java thread stack sizes (-Xss)
#   Set larger code cache with -XX:ReservedCodeCacheSize=
#   JVM is running with Zero Based Compressed Oops mode in which the Java heap is
#     placed in the first 32GB address space. The Java Heap base address is the
#     maximum limit for the native heap growth. Please use -XX:HeapBaseMinAddress
#     to set the Java Heap base and to place the Java Heap above 32GB virtual address.
# This output file may be truncated or incomplete.
#
#  Out of Memory Error (os_windows.cpp:3828), pid=13836, tid=2044
#
# JRE version: OpenJDK Runtime Environment (21.0.5) (build 21.0.5+-13047016-b750.29)
# Java VM: OpenJDK 64-Bit Server VM (21.0.5+-13047016-b750.29, mixed mode, tiered, compressed oops, compressed class ptrs, g1 gc, windows-amd64)
# No core dump will be written. Minidumps are not enabled by default on client versions of Windows
#

---------------  S U M M A R Y ------------

Command Line: -XX:MaxMetaspaceSize=4G -XX:ReservedCodeCacheSize=512m -XX:+HeapDumpOnOutOfMemoryError --add-opens=java.base/java.util=ALL-UNNAMED --add-opens=java.base/java.lang=ALL-UNNAMED --add-opens=java.base/java.lang.invoke=ALL-UNNAMED --add-opens=java.prefs/java.util.prefs=ALL-UNNAMED --add-exports=jdk.compiler/com.sun.tools.javac.api=ALL-UNNAMED --add-exports=jdk.compiler/com.sun.tools.javac.util=ALL-UNNAMED --add-opens=java.base/java.nio.charset=ALL-UNNAMED --add-opens=java.base/java.net=ALL-UNNAMED --add-opens=java.base/java.util.concurrent.atomic=ALL-UNNAMED -Xmx8G -Dfile.encoding=UTF-8 -Duser.country=AE -Duser.language=en -Duser.variant -javaagent:C:\Users\JIBAS KUMAR YADAV\.gradle\wrapper\dists\gradle-8.10.2-all\7iv73wktx1xtkvlq19urqw1wm\gradle-8.10.2\lib\agents\gradle-instrumentation-agent-8.10.2.jar org.gradle.launcher.daemon.bootstrap.GradleDaemon 8.10.2

Host: 11th Gen Intel(R) Core(TM) i5-1135G7 @ 2.40GHz, 8 cores, 7G,  Windows 11 , 64 bit Build 26100 (10.0.26100.3775)
Time: Tue Apr 22 12:52:03 2025 Nepal Standard Time elapsed time: 358.759713 seconds (0d 0h 5m 58s)

---------------  T H R E A D  ---------------

Current thread (0x000002de3def5c50):  VMThread "VM Thread"          [id=2044, stack(0x000000f4d5800000,0x000000f4d5900000) (1024K)]

Stack: [0x000000f4d5800000,0x000000f4d5900000]
Native frames: (J=compiled Java code, j=interpreted, Vv=VM code, C=native code)
V  [jvm.dll+0x6cfb29]
V  [jvm.dll+0x85df93]
V  [jvm.dll+0x8604ee]
V  [jvm.dll+0x860bd3]
V  [jvm.dll+0x27e6b6]
V  [jvm.dll+0x6cc385]
V  [jvm.dll+0x6c078a]
V  [jvm.dll+0x35525b]
V  [jvm.dll+0x35ceb6]
V  [jvm.dll+0x3aedd6]
V  [jvm.dll+0x3af0a8]
V  [jvm.dll+0x32792c]
V  [jvm.dll+0x3279b7]
V  [jvm.dll+0x36d80c]
V  [jvm.dll+0x36bfbe]
V  [jvm.dll+0x327081]
V  [jvm.dll+0x36b6d0]
V  [jvm.dll+0x866958]
V  [jvm.dll+0x867cd4]
V  [jvm.dll+0x868210]
V  [jvm.dll+0x8684a3]
V  [jvm.dll+0x806368]
V  [jvm.dll+0x6ce3fd]
C  [ucrtbase.dll+0x37b0]
C  [KERNEL32.DLL+0x2e8d7]
C  [ntdll.dll+0xb14fc]

VM_Operation (0x000000f4d84f9ff0): G1CollectForAllocation, mode: safepoint, requested by thread 0x000002de47c26340


---------------  P R O C E S S  ---------------

Threads class SMR info:
_java_thread_list=0x000002de4c3d53b0, length=128, elements={
0x000002de0e380de0, 0x000002de4093f4b0, 0x000002de40941f10, 0x000002de40952b90,
0x000002de40968a60, 0x000002de409694b0, 0x000002de40969f00, 0x000002de4094f150,
0x000002de4094f7f0, 0x000002de409ced50, 0x000002de40c41420, 0x000002de40cbdb40,
0x000002de46f39080, 0x000002de46f03390, 0x000002de46fdaa20, 0x000002de46fd8fe0,
0x000002de46fd7c30, 0x000002de46fd8950, 0x000002de46fda390, 0x000002de49a6b770,
0x000002de498b8420, 0x000002de4821ab50, 0x000002de4821b870, 0x000002de47c20df0,
0x000002de47c200d0, 0x000002de47c23be0, 0x000002de47c20760, 0x000002de47c21480,
0x000002de47c24900, 0x000002de47c23550, 0x000002de47c24f90, 0x000002de47c22ec0,
0x000002de47c221a0, 0x000002de47c21b10, 0x000002de47c25620, 0x000002de47c25cb0,
0x000002de47c22830, 0x000002de47c27060, 0x000002de47c276f0, 0x000002de47c24270,
0x000002de47c26340, 0x000002de49a6d1b0, 0x000002de49a6a3c0, 0x000002de49a6b0e0,
0x000002de49a6ebf0, 0x000002de49a6f280, 0x000002de49a6be00, 0x000002de49a6f910,
0x000002de49a6c490, 0x000002de49a719e0, 0x000002de49a6ffa0, 0x000002de49a70630,
0x000002de49a70cc0, 0x000002de49a71350, 0x000002de498b4280, 0x000002de498b5cc0,
0x000002de498b4910, 0x000002de498b3bf0, 0x000002de498b69e0, 0x000002de498b4fa0,
0x000002de498b5630, 0x000002de498b6350, 0x000002de498b3560, 0x000002de498b7070,
0x000002de498bab80, 0x000002de498b7d90, 0x000002de498b8ab0, 0x000002de46fd82c0,
0x000002de46fd9670, 0x000002de46fdb0b0, 0x000002de46fd9d00, 0x000002de40cb3890,
0x000002de40cb3f20, 0x000002de40cb45b0, 0x000002de4bd78230, 0x000002de4bd76e80,
0x000002de4bd788c0, 0x000002de4bd75440, 0x000002de4bd77ba0, 0x000002de4bd75ad0,
0x000002de4bd78f50, 0x000002de4bd795e0, 0x000002de4bd76160, 0x000002de4bd7bd40,
0x000002de4bd7c3d0, 0x000002de4bd7ca60, 0x000002de4bd79c70, 0x000002de4bd7a300,
0x000002de4bd7a990, 0x000002de4bd7b020, 0x000002de5514da30, 0x000002de5514b960,
0x000002de55ec6c00, 0x000002de55ec7fb0, 0x000002de55eca710, 0x000002de55ecada0,
0x000002de55ec7920, 0x000002de55ecb430, 0x000002de55ecbac0, 0x000002de55ecce70,
0x000002de55268470, 0x000002de55266a30, 0x000002de55265d10, 0x000002de552663a0,
0x000002de55267de0, 0x000002de552670c0, 0x000002de55268b00, 0x000002de55265680,
0x000002de5526a540, 0x000002de5526c610, 0x000002de5526abd0, 0x000002de5526b260,
0x000002de5526bf80, 0x000002de55269190, 0x000002de5526b8f0, 0x000002de55269820,
0x000002de55269eb0, 0x000002de4af978c0, 0x000002de4af94440, 0x000002de4af96ba0,
0x000002de4af97f50, 0x000002de4af94ad0, 0x000002de4af95160, 0x000002de4af98c70,
0x000002de4af97230, 0x000002de4af957f0, 0x000002de51b1f630, 0x000002de51b203d0
}

Java Threads: ( => current thread )
  0x000002de0e380de0 JavaThread "main"                              [_thread_blocked, id=2384, stack(0x000000f4d5100000,0x000000f4d5200000) (1024K)]
  0x000002de4093f4b0 JavaThread "Reference Handler"          daemon [_thread_blocked, id=24180, stack(0x000000f4d5900000,0x000000f4d5a00000) (1024K)]
  0x000002de40941f10 JavaThread "Finalizer"                  daemon [_thread_blocked, id=17664, stack(0x000000f4d5a00000,0x000000f4d5b00000) (1024K)]
  0x000002de40952b90 JavaThread "Signal Dispatcher"          daemon [_thread_blocked, id=14972, stack(0x000000f4d5b00000,0x000000f4d5c00000) (1024K)]
  0x000002de40968a60 JavaThread "Attach Listener"            daemon [_thread_blocked, id=11884, stack(0x000000f4d5c00000,0x000000f4d5d00000) (1024K)]
  0x000002de409694b0 JavaThread "Service Thread"             daemon [_thread_blocked, id=20644, stack(0x000000f4d5d00000,0x000000f4d5e00000) (1024K)]
  0x000002de40969f00 JavaThread "Monitor Deflation Thread"   daemon [_thread_blocked, id=16476, stack(0x000000f4d5e00000,0x000000f4d5f00000) (1024K)]
  0x000002de4094f150 JavaThread "C2 CompilerThread0"         daemon [_thread_blocked, id=16464, stack(0x000000f4d5f00000,0x000000f4d6000000) (1024K)]
  0x000002de4094f7f0 JavaThread "C1 CompilerThread0"         daemon [_thread_blocked, id=7944, stack(0x000000f4d6000000,0x000000f4d6100000) (1024K)]
  0x000002de409ced50 JavaThread "Common-Cleaner"             daemon [_thread_blocked, id=23200, stack(0x000000f4d6100000,0x000000f4d6200000) (1024K)]
  0x000002de40c41420 JavaThread "Notification Thread"        daemon [_thread_blocked, id=21352, stack(0x000000f4d6200000,0x000000f4d6300000) (1024K)]
  0x000002de40cbdb40 JavaThread "Daemon health stats"               [_thread_blocked, id=13252, stack(0x000000f4d6300000,0x000000f4d6400000) (1024K)]
  0x000002de46f39080 JavaThread "Incoming local TCP Connector on port 57379"        [_thread_in_native, id=5356, stack(0x000000f4d6900000,0x000000f4d6a00000) (1024K)]
  0x000002de46f03390 JavaThread "Daemon periodic checks"            [_thread_blocked, id=16780, stack(0x000000f4d6b00000,0x000000f4d6c00000) (1024K)]
  0x000002de46fdaa20 JavaThread "Cache worker for journal cache (C:\Users\JIBAS KUMAR YADAV\.gradle\caches\journal-1)"        [_thread_blocked, id=15740, stack(0x000000f4d7600000,0x000000f4d7700000) (1024K)]
  0x000002de46fd8fe0 JavaThread "File lock request listener"        [_thread_in_native, id=6740, stack(0x000000f4d7700000,0x000000f4d7800000) (1024K)]
  0x000002de46fd7c30 JavaThread "Cache worker for file hash cache (C:\Users\JIBAS KUMAR YADAV\.gradle\caches\8.10.2\fileHashes)"        [_thread_blocked, id=22276, stack(0x000000f4d7800000,0x000000f4d7900000) (1024K)]
  0x000002de46fd8950 JavaThread "File watcher server"        daemon [_thread_in_native, id=17532, stack(0x000000f4d7c00000,0x000000f4d7d00000) (1024K)]
  0x000002de46fda390 JavaThread "File watcher consumer"      daemon [_thread_blocked, id=11708, stack(0x000000f4d7d00000,0x000000f4d7e00000) (1024K)]
  0x000002de49a6b770 JavaThread "Cache worker for file content cache (C:\Users\JIBAS KUMAR YADAV\.gradle\caches\8.10.2\fileContent)"        [_thread_blocked, id=6712, stack(0x000000f4d7f00000,0x000000f4d8000000) (1024K)]
  0x000002de498b8420 JavaThread "Memory manager"                    [_thread_blocked, id=24032, stack(0x000000f4d9800000,0x000000f4d9900000) (1024K)]
  0x000002de4821ab50 JavaThread "jar transforms"                    [_thread_blocked, id=23940, stack(0x000000f4dd000000,0x000000f4dd100000) (1024K)]
  0x000002de4821b870 JavaThread "jar transforms Thread 2"           [_thread_blocked, id=21412, stack(0x000000f4dd100000,0x000000f4dd200000) (1024K)]
  0x000002de47c20df0 JavaThread "Daemon Thread 2"                   [_thread_blocked, id=7920, stack(0x000000f4d5000000,0x000000f4d5100000) (1024K)]
  0x000002de47c200d0 JavaThread "Handler for socket connection from /127.0.0.1:57379 to /127.0.0.1:57810"        [_thread_in_native, id=5332, stack(0x000000f4d6a00000,0x000000f4d6b00000) (1024K)]
  0x000002de47c23be0 JavaThread "Cancel handler"                    [_thread_blocked, id=16832, stack(0x000000f4d6c00000,0x000000f4d6d00000) (1024K)]
  0x000002de47c20760 JavaThread "Daemon worker Thread 2"            [_thread_blocked, id=22656, stack(0x000000f4d6d00000,0x000000f4d6e00000) (1024K)]
  0x000002de47c21480 JavaThread "Asynchronous log dispatcher for DefaultDaemonConnection: socket connection from /127.0.0.1:57379 to /127.0.0.1:57810"        [_thread_blocked, id=23708, stack(0x000000f4d6e00000,0x000000f4d6f00000) (1024K)]
  0x000002de47c24900 JavaThread "Stdin handler"                     [_thread_blocked, id=16836, stack(0x000000f4d6f00000,0x000000f4d7000000) (1024K)]
  0x000002de47c23550 JavaThread "Daemon client event forwarder"        [_thread_blocked, id=18564, stack(0x000000f4d7000000,0x000000f4d7100000) (1024K)]
  0x000002de47c24f90 JavaThread "Cache worker for file hash cache (C:\Users\JIBAS KUMAR YADAV\StudioProjects\bus_route_finder\android\.gradle\8.10.2\fileHashes)"        [_thread_blocked, id=5152, stack(0x000000f4d7100000,0x000000f4d7200000) (1024K)]
  0x000002de47c22ec0 JavaThread "Cache worker for Build Output Cleanup Cache (C:\Users\JIBAS KUMAR YADAV\StudioProjects\bus_route_finder\android\.gradle\buildOutputCleanup)"        [_thread_blocked, id=1800, stack(0x000000f4d7200000,0x000000f4d7300000) (1024K)]
  0x000002de47c221a0 JavaThread "Cache worker for checksums cache (C:\Users\JIBAS KUMAR YADAV\StudioProjects\bus_route_finder\android\.gradle\8.10.2\checksums)"        [_thread_blocked, id=7384, stack(0x000000f4d7900000,0x000000f4d7a00000) (1024K)]
  0x000002de47c21b10 JavaThread "Cache worker for cache directory md-rule (C:\Users\JIBAS KUMAR YADAV\.gradle\caches\8.10.2\md-rule)"        [_thread_blocked, id=24916, stack(0x000000f4d7a00000,0x000000f4d7b00000) (1024K)]
  0x000002de47c25620 JavaThread "Cache worker for cache directory md-supplier (C:\Users\JIBAS KUMAR YADAV\.gradle\caches\8.10.2\md-supplier)"        [_thread_blocked, id=14464, stack(0x000000f4d7b00000,0x000000f4d7c00000) (1024K)]
  0x000002de47c25cb0 JavaThread "Cache worker for Build Output Cleanup Cache (C:\flutter_windows_3.29.2-stable\flutter\packages\flutter_tools\gradle\.gradle\buildOutputCleanup)"        [_thread_blocked, id=16352, stack(0x000000f4d7e00000,0x000000f4d7f00000) (1024K)]
  0x000002de47c22830 JavaThread "Unconstrained build operations"        [_thread_blocked, id=15492, stack(0x000000f4d8000000,0x000000f4d8100000) (1024K)]
  0x000002de47c27060 JavaThread "Unconstrained build operations Thread 2"        [_thread_blocked, id=6560, stack(0x000000f4d8100000,0x000000f4d8200000) (1024K)]
  0x000002de47c276f0 JavaThread "Unconstrained build operations Thread 3"        [_thread_blocked, id=23380, stack(0x000000f4d8200000,0x000000f4d8300000) (1024K)]
  0x000002de47c24270 JavaThread "Unconstrained build operations Thread 4"        [_thread_blocked, id=856, stack(0x000000f4d8300000,0x000000f4d8400000) (1024K)]
  0x000002de47c26340 JavaThread "Unconstrained build operations Thread 5"        [_thread_blocked, id=22112, stack(0x000000f4d8400000,0x000000f4d8500000) (1024K)]
  0x000002de49a6d1b0 JavaThread "Unconstrained build operations Thread 6"        [_thread_blocked, id=22184, stack(0x000000f4d8500000,0x000000f4d8600000) (1024K)]
  0x000002de49a6a3c0 JavaThread "Unconstrained build operations Thread 7"        [_thread_blocked, id=14368, stack(0x000000f4d8600000,0x000000f4d8700000) (1024K)]
  0x000002de49a6b0e0 JavaThread "Unconstrained build operations Thread 8"        [_thread_blocked, id=18208, stack(0x000000f4d8700000,0x000000f4d8800000) (1024K)]
  0x000002de49a6ebf0 JavaThread "Unconstrained build operations Thread 9"        [_thread_blocked, id=12592, stack(0x000000f4d8800000,0x000000f4d8900000) (1024K)]
  0x000002de49a6f280 JavaThread "Unconstrained build operations Thread 10"        [_thread_blocked, id=25324, stack(0x000000f4d8900000,0x000000f4d8a00000) (1024K)]
  0x000002de49a6be00 JavaThread "Unconstrained build operations Thread 11"        [_thread_blocked, id=14504, stack(0x000000f4d8a00000,0x000000f4d8b00000) (1024K)]
  0x000002de49a6f910 JavaThread "Unconstrained build operations Thread 12"        [_thread_blocked, id=24572, stack(0x000000f4d8b00000,0x000000f4d8c00000) (1024K)]
  0x000002de49a6c490 JavaThread "Unconstrained build operations Thread 13"        [_thread_blocked, id=24964, stack(0x000000f4d8c00000,0x000000f4d8d00000) (1024K)]
  0x000002de49a719e0 JavaThread "Unconstrained build operations Thread 14"        [_thread_blocked, id=25284, stack(0x000000f4d8d00000,0x000000f4d8e00000) (1024K)]
  0x000002de49a6ffa0 JavaThread "build event listener"              [_thread_blocked, id=21264, stack(0x000000f4d8e00000,0x000000f4d8f00000) (1024K)]
  0x000002de49a70630 JavaThread "included builds"                   [_thread_blocked, id=17128, stack(0x000000f4d8f00000,0x000000f4d9000000) (1024K)]
  0x000002de49a70cc0 JavaThread "Execution worker"                  [_thread_blocked, id=16408, stack(0x000000f4d9000000,0x000000f4d9100000) (1024K)]
  0x000002de49a71350 JavaThread "Execution worker Thread 2"         [_thread_blocked, id=7796, stack(0x000000f4d9100000,0x000000f4d9200000) (1024K)]
  0x000002de498b4280 JavaThread "Execution worker Thread 3"         [_thread_blocked, id=22908, stack(0x000000f4d9200000,0x000000f4d9300000) (1024K)]
  0x000002de498b5cc0 JavaThread "Execution worker Thread 4"         [_thread_blocked, id=11092, stack(0x000000f4d9300000,0x000000f4d9400000) (1024K)]
  0x000002de498b4910 JavaThread "Execution worker Thread 5"         [_thread_blocked, id=14380, stack(0x000000f4d9400000,0x000000f4d9500000) (1024K)]
  0x000002de498b3bf0 JavaThread "Execution worker Thread 6"         [_thread_blocked, id=18804, stack(0x000000f4d9500000,0x000000f4d9600000) (1024K)]
  0x000002de498b69e0 JavaThread "Execution worker Thread 7"         [_thread_blocked, id=25004, stack(0x000000f4d9600000,0x000000f4d9700000) (1024K)]
  0x000002de498b4fa0 JavaThread "Cache worker for execution history cache (C:\flutter_windows_3.29.2-stable\flutter\packages\flutter_tools\gradle\.gradle\8.10.2\executionHistory)"        [_thread_blocked, id=10352, stack(0x000000f4d9700000,0x000000f4d9800000) (1024K)]
  0x000002de498b5630 JavaThread "Unconstrained build operations Thread 15"        [_thread_blocked, id=22204, stack(0x000000f4d9900000,0x000000f4d9a00000) (1024K)]
  0x000002de498b6350 JavaThread "Unconstrained build operations Thread 16"        [_thread_blocked, id=10436, stack(0x000000f4d9a00000,0x000000f4d9b00000) (1024K)]
  0x000002de498b3560 JavaThread "Unconstrained build operations Thread 17"        [_thread_blocked, id=24700, stack(0x000000f4d9b00000,0x000000f4d9c00000) (1024K)]
  0x000002de498b7070 JavaThread "Unconstrained build operations Thread 18"        [_thread_blocked, id=9828, stack(0x000000f4d9c00000,0x000000f4d9d00000) (1024K)]
  0x000002de498bab80 JavaThread "Unconstrained build operations Thread 19"        [_thread_blocked, id=9232, stack(0x000000f4d9d00000,0x000000f4d9e00000) (1024K)]
  0x000002de498b7d90 JavaThread "Unconstrained build operations Thread 20"        [_thread_blocked, id=11064, stack(0x000000f4d9e00000,0x000000f4d9f00000) (1024K)]
  0x000002de498b8ab0 JavaThread "Unconstrained build operations Thread 21"        [_thread_blocked, id=7044, stack(0x000000f4d9f00000,0x000000f4da000000) (1024K)]
  0x000002de46fd82c0 JavaThread "Unconstrained build operations Thread 22"        [_thread_blocked, id=18576, stack(0x000000f4da000000,0x000000f4da100000) (1024K)]
  0x000002de46fd9670 JavaThread "Unconstrained build operations Thread 23"        [_thread_blocked, id=24904, stack(0x000000f4da100000,0x000000f4da200000) (1024K)]
  0x000002de46fdb0b0 JavaThread "Unconstrained build operations Thread 24"        [_thread_blocked, id=10560, stack(0x000000f4da200000,0x000000f4da300000) (1024K)]
  0x000002de46fd9d00 JavaThread "Unconstrained build operations Thread 25"        [_thread_blocked, id=24192, stack(0x000000f4da300000,0x000000f4da400000) (1024K)]
  0x000002de40cb3890 JavaThread "Unconstrained build operations Thread 26"        [_thread_blocked, id=7040, stack(0x000000f4da400000,0x000000f4da500000) (1024K)]
  0x000002de40cb3f20 JavaThread "Unconstrained build operations Thread 27"        [_thread_blocked, id=2916, stack(0x000000f4da500000,0x000000f4da600000) (1024K)]
  0x000002de40cb45b0 JavaThread "Unconstrained build operations Thread 28"        [_thread_blocked, id=15400, stack(0x000000f4da600000,0x000000f4da700000) (1024K)]
  0x000002de4bd78230 JavaThread "Unconstrained build operations Thread 29"        [_thread_blocked, id=25444, stack(0x000000f4da700000,0x000000f4da800000) (1024K)]
  0x000002de4bd76e80 JavaThread "Unconstrained build operations Thread 30"        [_thread_blocked, id=14092, stack(0x000000f4da800000,0x000000f4da900000) (1024K)]
  0x000002de4bd788c0 JavaThread "Unconstrained build operations Thread 31"        [_thread_blocked, id=20752, stack(0x000000f4da900000,0x000000f4daa00000) (1024K)]
  0x000002de4bd75440 JavaThread "Unconstrained build operations Thread 32"        [_thread_blocked, id=3572, stack(0x000000f4daa00000,0x000000f4dab00000) (1024K)]
  0x000002de4bd77ba0 JavaThread "Unconstrained build operations Thread 33"        [_thread_blocked, id=20056, stack(0x000000f4dab00000,0x000000f4dac00000) (1024K)]
  0x000002de4bd75ad0 JavaThread "Unconstrained build operations Thread 34"        [_thread_blocked, id=3144, stack(0x000000f4dac00000,0x000000f4dad00000) (1024K)]
  0x000002de4bd78f50 JavaThread "Unconstrained build operations Thread 35"        [_thread_blocked, id=1420, stack(0x000000f4dae00000,0x000000f4daf00000) (1024K)]
  0x000002de4bd795e0 JavaThread "Unconstrained build operations Thread 36"        [_thread_blocked, id=7128, stack(0x000000f4daf00000,0x000000f4db000000) (1024K)]
  0x000002de4bd76160 JavaThread "Unconstrained build operations Thread 37"        [_thread_blocked, id=17076, stack(0x000000f4db000000,0x000000f4db100000) (1024K)]
  0x000002de4bd7bd40 JavaThread "Unconstrained build operations Thread 38"        [_thread_blocked, id=9372, stack(0x000000f4db100000,0x000000f4db200000) (1024K)]
  0x000002de4bd7c3d0 JavaThread "Unconstrained build operations Thread 39"        [_thread_blocked, id=24300, stack(0x000000f4db200000,0x000000f4db300000) (1024K)]
  0x000002de4bd7ca60 JavaThread "Unconstrained build operations Thread 40"        [_thread_blocked, id=16516, stack(0x000000f4db300000,0x000000f4db400000) (1024K)]
  0x000002de4bd79c70 JavaThread "Unconstrained build operations Thread 41"        [_thread_blocked, id=16348, stack(0x000000f4db400000,0x000000f4db500000) (1024K)]
  0x000002de4bd7a300 JavaThread "Unconstrained build operations Thread 42"        [_thread_blocked, id=17504, stack(0x000000f4db500000,0x000000f4db600000) (1024K)]
  0x000002de4bd7a990 JavaThread "Unconstrained build operations Thread 43"        [_thread_blocked, id=24004, stack(0x000000f4db600000,0x000000f4db700000) (1024K)]
  0x000002de4bd7b020 JavaThread "Unconstrained build operations Thread 44"        [_thread_blocked, id=17032, stack(0x000000f4db700000,0x000000f4db800000) (1024K)]
  0x000002de5514da30 JavaThread "Unconstrained build operations Thread 45"        [_thread_blocked, id=1864, stack(0x000000f4db800000,0x000000f4db900000) (1024K)]
  0x000002de5514b960 JavaThread "Unconstrained build operations Thread 46"        [_thread_blocked, id=17204, stack(0x000000f4db900000,0x000000f4dba00000) (1024K)]
  0x000002de55ec6c00 JavaThread "Unconstrained build operations Thread 47"        [_thread_blocked, id=16772, stack(0x000000f4dad00000,0x000000f4dae00000) (1024K)]
  0x000002de55ec7fb0 JavaThread "Unconstrained build operations Thread 48"        [_thread_blocked, id=12996, stack(0x000000f4dbb00000,0x000000f4dbc00000) (1024K)]
  0x000002de55eca710 JavaThread "Unconstrained build operations Thread 49"        [_thread_blocked, id=23348, stack(0x000000f4dbc00000,0x000000f4dbd00000) (1024K)]
  0x000002de55ecada0 JavaThread "Unconstrained build operations Thread 50"        [_thread_blocked, id=24984, stack(0x000000f4dbd00000,0x000000f4dbe00000) (1024K)]
  0x000002de55ec7920 JavaThread "Unconstrained build operations Thread 51"        [_thread_blocked, id=24972, stack(0x000000f4dbe00000,0x000000f4dbf00000) (1024K)]
  0x000002de55ecb430 JavaThread "Unconstrained build operations Thread 52"        [_thread_blocked, id=20416, stack(0x000000f4dbf00000,0x000000f4dc000000) (1024K)]
  0x000002de55ecbac0 JavaThread "Unconstrained build operations Thread 53"        [_thread_blocked, id=23788, stack(0x000000f4dc000000,0x000000f4dc100000) (1024K)]
  0x000002de55ecce70 JavaThread "Unconstrained build operations Thread 54"        [_thread_blocked, id=18400, stack(0x000000f4dc200000,0x000000f4dc300000) (1024K)]
  0x000002de55268470 JavaThread "Unconstrained build operations Thread 55"        [_thread_blocked, id=25532, stack(0x000000f4dc300000,0x000000f4dc400000) (1024K)]
  0x000002de55266a30 JavaThread "Unconstrained build operations Thread 56"        [_thread_blocked, id=2064, stack(0x000000f4dc400000,0x000000f4dc500000) (1024K)]
  0x000002de55265d10 JavaThread "Unconstrained build operations Thread 57"        [_thread_blocked, id=6292, stack(0x000000f4dc100000,0x000000f4dc200000) (1024K)]
  0x000002de552663a0 JavaThread "Unconstrained build operations Thread 58"        [_thread_blocked, id=17572, stack(0x000000f4dc500000,0x000000f4dc600000) (1024K)]
  0x000002de55267de0 JavaThread "Unconstrained build operations Thread 59"        [_thread_blocked, id=23964, stack(0x000000f4dc600000,0x000000f4dc700000) (1024K)]
  0x000002de552670c0 JavaThread "Unconstrained build operations Thread 60"        [_thread_blocked, id=1080, stack(0x000000f4dc700000,0x000000f4dc800000) (1024K)]
  0x000002de55268b00 JavaThread "Unconstrained build operations Thread 61"        [_thread_blocked, id=2200, stack(0x000000f4dc800000,0x000000f4dc900000) (1024K)]
  0x000002de55265680 JavaThread "Unconstrained build operations Thread 62"        [_thread_blocked, id=25488, stack(0x000000f4dc900000,0x000000f4dca00000) (1024K)]
  0x000002de5526a540 JavaThread "Unconstrained build operations Thread 63"        [_thread_blocked, id=4820, stack(0x000000f4dcb00000,0x000000f4dcc00000) (1024K)]
  0x000002de5526c610 JavaThread "Unconstrained build operations Thread 64"        [_thread_blocked, id=23168, stack(0x000000f4dcc00000,0x000000f4dcd00000) (1024K)]
  0x000002de5526abd0 JavaThread "Unconstrained build operations Thread 65"        [_thread_blocked, id=23616, stack(0x000000f4dcd00000,0x000000f4dce00000) (1024K)]
  0x000002de5526b260 JavaThread "Unconstrained build operations Thread 66"        [_thread_blocked, id=23012, stack(0x000000f4dce00000,0x000000f4dcf00000) (1024K)]
  0x000002de5526bf80 JavaThread "Unconstrained build operations Thread 67"        [_thread_blocked, id=24472, stack(0x000000f4dcf00000,0x000000f4dd000000) (1024K)]
  0x000002de55269190 JavaThread "Unconstrained build operations Thread 68"        [_thread_blocked, id=19368, stack(0x000000f4dd200000,0x000000f4dd300000) (1024K)]
  0x000002de5526b8f0 JavaThread "Unconstrained build operations Thread 69"        [_thread_blocked, id=20476, stack(0x000000f4dd300000,0x000000f4dd400000) (1024K)]
  0x000002de55269820 JavaThread "Unconstrained build operations Thread 70"        [_thread_blocked, id=5936, stack(0x000000f4dca00000,0x000000f4dcb00000) (1024K)]
  0x000002de55269eb0 JavaThread "Unconstrained build operations Thread 71"        [_thread_blocked, id=5996, stack(0x000000f4dd400000,0x000000f4dd500000) (1024K)]
  0x000002de4af978c0 JavaThread "Unconstrained build operations Thread 72"        [_thread_blocked, id=24208, stack(0x000000f4dd600000,0x000000f4dd700000) (1024K)]
  0x000002de4af94440 JavaThread "Unconstrained build operations Thread 73"        [_thread_blocked, id=23916, stack(0x000000f4dd700000,0x000000f4dd800000) (1024K)]
  0x000002de4af96ba0 JavaThread "Unconstrained build operations Thread 74"        [_thread_blocked, id=9568, stack(0x000000f4dd800000,0x000000f4dd900000) (1024K)]
  0x000002de4af97f50 JavaThread "Unconstrained build operations Thread 75"        [_thread_blocked, id=2800, stack(0x000000f4dd500000,0x000000f4dd600000) (1024K)]
  0x000002de4af94ad0 JavaThread "Unconstrained build operations Thread 76"        [_thread_blocked, id=336, stack(0x000000f4dd900000,0x000000f4dda00000) (1024K)]
  0x000002de4af95160 JavaThread "Unconstrained build operations Thread 77"        [_thread_blocked, id=3928, stack(0x000000f4dda00000,0x000000f4ddb00000) (1024K)]
  0x000002de4af98c70 JavaThread "Unconstrained build operations Thread 78"        [_thread_blocked, id=11652, stack(0x000000f4ddb00000,0x000000f4ddc00000) (1024K)]
  0x000002de4af97230 JavaThread "Unconstrained build operations Thread 79"        [_thread_blocked, id=24388, stack(0x000000f4ddc00000,0x000000f4ddd00000) (1024K)]
  0x000002de4af957f0 JavaThread "Unconstrained build operations Thread 80"        [_thread_blocked, id=15888, stack(0x000000f4ddd00000,0x000000f4dde00000) (1024K)]
  0x000002de51b1f630 JavaThread "C2 CompilerThread1"         daemon [_thread_blocked, id=25356, stack(0x000000f4dde00000,0x000000f4ddf00000) (1024K)]
  0x000002de51b203d0 JavaThread "C2 CompilerThread2"         daemon [_thread_blocked, id=7564, stack(0x000000f4ddf00000,0x000000f4de000000) (1024K)]
Total: 128

Other Threads:
=>0x000002de3def5c50 VMThread "VM Thread"                           [id=2044, stack(0x000000f4d5800000,0x000000f4d5900000) (1024K)]
  0x000002de3de98c60 WatcherThread "VM Periodic Task Thread"        [id=10620, stack(0x000000f4d5700000,0x000000f4d5800000) (1024K)]
  0x000002de10723550 WorkerThread "GC Thread#0"                     [id=20868, stack(0x000000f4d5200000,0x000000f4d5300000) (1024K)]
  0x000002de45296770 WorkerThread "GC Thread#1"                     [id=19492, stack(0x000000f4d6400000,0x000000f4d6500000) (1024K)]
  0x000002de452ff810 WorkerThread "GC Thread#2"                     [id=24896, stack(0x000000f4d6500000,0x000000f4d6600000) (1024K)]
  0x000002de45c04640 WorkerThread "GC Thread#3"                     [id=14144, stack(0x000000f4d6600000,0x000000f4d6700000) (1024K)]
  0x000002de45b1f840 WorkerThread "GC Thread#4"                     [id=9580, stack(0x000000f4d6700000,0x000000f4d6800000) (1024K)]
  0x000002de46b42cf0 WorkerThread "GC Thread#5"                     [id=24548, stack(0x000000f4d6800000,0x000000f4d6900000) (1024K)]
  0x000002de46fef970 WorkerThread "GC Thread#6"                     [id=19432, stack(0x000000f4d7300000,0x000000f4d7400000) (1024K)]
  0x000002de46ff3480 WorkerThread "GC Thread#7"                     [id=18172, stack(0x000000f4d7400000,0x000000f4d7500000) (1024K)]
  0x000002de1072d260 ConcurrentGCThread "G1 Main Marker"            [id=7568, stack(0x000000f4d5300000,0x000000f4d5400000) (1024K)]
  0x000002de1072e410 WorkerThread "G1 Conc#0"                       [id=11964, stack(0x000000f4d5400000,0x000000f4d5500000) (1024K)]
  0x000002de470f0200 WorkerThread "G1 Conc#1"                       [id=14764, stack(0x000000f4d7500000,0x000000f4d7600000) (1024K)]
  0x000002de3dd692e0 ConcurrentGCThread "G1 Refine#0"               [id=17496, stack(0x000000f4d5500000,0x000000f4d5600000) (1024K)]
  0x000002de3dd69d60 ConcurrentGCThread "G1 Service"                [id=24932, stack(0x000000f4d5600000,0x000000f4d5700000) (1024K)]
Total: 15

Threads with active compile tasks:
C2 CompilerThread0  358855 20556       4       org.apache.commons.compress.archivers.zip.ZipArchiveOutputStream::setEncoding (33 bytes)
C1 CompilerThread0  358855 20551       3       org.objectweb.asm.ClassReader::readCode (5117 bytes)
C2 CompilerThread1  358855 20525   !   4       org.gradle.internal.classpath.transforms.BaseClasspathElementTransform::visitEntry (95 bytes)
C2 CompilerThread2  358855 20522       4       org.gradle.internal.classpath.transforms.BaseClasspathElementTransform$$Lambda/0x00000008013be8f0::visit (13 bytes)
Total: 4

VM state: at safepoint (normal execution)

VM Mutex/Monitor currently owned by a thread:  ([mutex/lock_event])
[0x00007ffcf0f3d360] Threads_lock - owner thread: 0x000002de3def5c50
[0x00007ffcf0f3d460] Heap_lock - owner thread: 0x000002de47c26340

Heap address: 0x0000000600000000, size: 8192 MB, Compressed Oops mode: Zero based, Oop shift amount: 3

CDS archive(s) not mapped
Compressed class space mapped at: 0x0000000800000000-0x0000000840000000, reserved size: 1073741824
Narrow klass base: 0x0000000800000000, Narrow klass shift: 0, Narrow klass range: 0x40000000

GC Precious Log:
 CardTable entry size: 512
 Card Set container configuration: InlinePtr #cards 4 size 8 Array Of Cards #cards 32 size 80 Howl #buckets 8 coarsen threshold 7372 Howl Bitmap #cards 1024 size 144 coarsen threshold 921 Card regions per heap region 1 cards per card region 8192
 CPUs: 8 total, 8 available
 Memory: 7930M
 Large Page Support: Disabled
 NUMA Support: Disabled
 Compressed Oops: Enabled (Zero based)
 Heap Region Size: 4M
 Heap Min Capacity: 8M
 Heap Initial Capacity: 124M
 Heap Max Capacity: 8G
 Pre-touch: Disabled
 Parallel Workers: 8
 Concurrent Workers: 2
 Concurrent Refinement Workers: 8
 Periodic GC: Disabled

Heap:
 garbage-first heap   total 389120K, used 222641K [0x0000000600000000, 0x0000000800000000)
  region size 4096K, 3 young (12288K), 3 survivors (12288K)
 Metaspace       used 158651K, committed 161088K, reserved 1245184K
  class space    used 20247K, committed 21440K, reserved 1048576K

Heap Regions: E=young(eden), S=young(survivor), O=old, HS=humongous(starts), HC=humongous(continues), CS=collection set, F=free, TAMS=top-at-mark-start, PB=parsable bottom
|   0|0x0000000600000000, 0x0000000600400000, 0x0000000600400000|100%|HS|  |TAMS 0x0000000600000000| PB 0x0000000600000000| Complete 
|   1|0x0000000600400000, 0x0000000600800000, 0x0000000600800000|100%| O|  |TAMS 0x0000000600400000| PB 0x0000000600400000| Untracked 
|   2|0x0000000600800000, 0x0000000600c00000, 0x0000000600c00000|100%| O|  |TAMS 0x0000000600800000| PB 0x0000000600800000| Untracked 
|   3|0x0000000600c00000, 0x0000000601000000, 0x0000000601000000|100%| O|  |TAMS 0x0000000600c00000| PB 0x0000000600c00000| Untracked 
|   4|0x0000000601000000, 0x0000000601400000, 0x0000000601400000|100%| O|  |TAMS 0x0000000601000000| PB 0x0000000601000000| Untracked 
|   5|0x0000000601400000, 0x0000000601800000, 0x0000000601800000|100%| O|  |TAMS 0x0000000601400000| PB 0x0000000601400000| Untracked 
|   6|0x0000000601800000, 0x0000000601c00000, 0x0000000601c00000|100%| O|  |TAMS 0x0000000601800000| PB 0x0000000601800000| Untracked 
|   7|0x0000000601c00000, 0x0000000602000000, 0x0000000602000000|100%|HS|  |TAMS 0x0000000601c00000| PB 0x0000000601c00000| Complete 
|   8|0x0000000602000000, 0x0000000602400000, 0x0000000602400000|100%| O|  |TAMS 0x0000000602000000| PB 0x0000000602000000| Untracked 
|   9|0x0000000602400000, 0x0000000602800000, 0x0000000602800000|100%|HS|  |TAMS 0x0000000602400000| PB 0x0000000602400000| Complete 
|  10|0x0000000602800000, 0x0000000602c00000, 0x0000000602c00000|100%| O|  |TAMS 0x0000000602800000| PB 0x0000000602800000| Untracked 
|  11|0x0000000602c00000, 0x0000000603000000, 0x0000000603000000|100%| O|  |TAMS 0x0000000602c00000| PB 0x0000000602c00000| Untracked 
|  12|0x0000000603000000, 0x0000000603400000, 0x0000000603400000|100%| O|  |TAMS 0x0000000603000000| PB 0x0000000603000000| Untracked 
|  13|0x0000000603400000, 0x0000000603400000, 0x0000000603800000|  0%| F|  |TAMS 0x0000000603400000| PB 0x0000000603400000| Untracked 
|  14|0x0000000603800000, 0x0000000603c00000, 0x0000000603c00000|100%| O|  |TAMS 0x0000000603800000| PB 0x0000000603800000| Untracked 
|  15|0x0000000603c00000, 0x0000000604000000, 0x0000000604000000|100%|HS|  |TAMS 0x0000000603c00000| PB 0x0000000603c00000| Complete 
|  16|0x0000000604000000, 0x0000000604400000, 0x0000000604400000|100%| O|  |TAMS 0x0000000604000000| PB 0x0000000604000000| Untracked 
|  17|0x0000000604400000, 0x0000000604400000, 0x0000000604800000|  0%| F|  |TAMS 0x0000000604400000| PB 0x0000000604400000| Untracked 
|  18|0x0000000604800000, 0x0000000604c00000, 0x0000000604c00000|100%| O|  |TAMS 0x0000000604800000| PB 0x0000000604800000| Untracked 
|  19|0x0000000604c00000, 0x0000000605000000, 0x0000000605000000|100%| O|  |TAMS 0x0000000604c00000| PB 0x0000000604c00000| Untracked 
|  20|0x0000000605000000, 0x0000000605400000, 0x0000000605400000|100%| O|  |TAMS 0x0000000605000000| PB 0x0000000605000000| Untracked 
|  21|0x0000000605400000, 0x0000000605800000, 0x0000000605800000|100%| O|  |TAMS 0x0000000605400000| PB 0x0000000605400000| Untracked 
|  22|0x0000000605800000, 0x0000000605c00000, 0x0000000605c00000|100%| O|  |TAMS 0x0000000605800000| PB 0x0000000605800000| Untracked 
|  23|0x0000000605c00000, 0x0000000606000000, 0x0000000606000000|100%| O|  |TAMS 0x0000000605c00000| PB 0x0000000605c00000| Untracked 
|  24|0x0000000606000000, 0x0000000606400000, 0x0000000606400000|100%| O|  |TAMS 0x0000000606000000| PB 0x0000000606000000| Untracked 
|  25|0x0000000606400000, 0x0000000606800000, 0x0000000606800000|100%| O|  |TAMS 0x0000000606400000| PB 0x0000000606400000| Untracked 
|  26|0x0000000606800000, 0x0000000606c00000, 0x0000000606c00000|100%| O|  |TAMS 0x0000000606800000| PB 0x0000000606800000| Untracked 
|  27|0x0000000606c00000, 0x0000000607000000, 0x0000000607000000|100%| O|  |TAMS 0x0000000606c00000| PB 0x0000000606c00000| Untracked 
|  28|0x0000000607000000, 0x0000000607400000, 0x0000000607400000|100%| O|  |TAMS 0x0000000607000000| PB 0x0000000607000000| Untracked 
|  29|0x0000000607400000, 0x0000000607800000, 0x0000000607800000|100%| O|  |TAMS 0x0000000607400000| PB 0x0000000607400000| Untracked 
|  30|0x0000000607800000, 0x0000000607800000, 0x0000000607c00000|  0%| F|  |TAMS 0x0000000607800000| PB 0x0000000607800000| Untracked 
|  31|0x0000000607c00000, 0x0000000608000000, 0x0000000608000000|100%| O|  |TAMS 0x0000000607c00000| PB 0x0000000607c00000| Untracked 
|  32|0x0000000608000000, 0x0000000608400000, 0x0000000608400000|100%| O|  |TAMS 0x0000000608000000| PB 0x0000000608000000| Untracked 
|  33|0x0000000608400000, 0x0000000608800000, 0x0000000608800000|100%| O|  |TAMS 0x0000000608400000| PB 0x0000000608400000| Untracked 
|  34|0x0000000608800000, 0x0000000608c00000, 0x0000000608c00000|100%| O|  |TAMS 0x0000000608800000| PB 0x0000000608800000| Untracked 
|  35|0x0000000608c00000, 0x0000000608c00000, 0x0000000609000000|  0%| F|  |TAMS 0x0000000608c00000| PB 0x0000000608c00000| Untracked 
|  36|0x0000000609000000, 0x0000000609400000, 0x0000000609400000|100%|HS|  |TAMS 0x0000000609000000| PB 0x0000000609000000| Complete 
|  37|0x0000000609400000, 0x0000000609800000, 0x0000000609800000|100%|HC|  |TAMS 0x0000000609400000| PB 0x0000000609400000| Complete 
|  38|0x0000000609800000, 0x0000000609c00000, 0x0000000609c00000|100%| O|  |TAMS 0x0000000609800000| PB 0x0000000609800000| Untracked 
|  39|0x0000000609c00000, 0x000000060a000000, 0x000000060a000000|100%| O|  |TAMS 0x0000000609c00000| PB 0x0000000609c00000| Untracked 
|  40|0x000000060a000000, 0x000000060a000000, 0x000000060a400000|  0%| F|  |TAMS 0x000000060a000000| PB 0x000000060a000000| Untracked 
|  41|0x000000060a400000, 0x000000060a800000, 0x000000060a800000|100%| O|  |TAMS 0x000000060a400000| PB 0x000000060a400000| Untracked 
|  42|0x000000060a800000, 0x000000060a800000, 0x000000060ac00000|  0%| F|  |TAMS 0x000000060a800000| PB 0x000000060a800000| Untracked 
|  43|0x000000060ac00000, 0x000000060ac00000, 0x000000060b000000|  0%| F|  |TAMS 0x000000060ac00000| PB 0x000000060ac00000| Untracked 
|  44|0x000000060b000000, 0x000000060b400000, 0x000000060b400000|100%| O|  |TAMS 0x000000060b000000| PB 0x000000060b000000| Untracked 
|  45|0x000000060b400000, 0x000000060b800000, 0x000000060b800000|100%| O|  |TAMS 0x000000060b400000| PB 0x000000060b400000| Untracked 
|  46|0x000000060b800000, 0x000000060bc00000, 0x000000060bc00000|100%| O|  |TAMS 0x000000060b800000| PB 0x000000060b800000| Untracked 
|  47|0x000000060bc00000, 0x000000060c000000, 0x000000060c000000|100%| O|  |TAMS 0x000000060bc00000| PB 0x000000060bc00000| Untracked 
|  48|0x000000060c000000, 0x000000060c400000, 0x000000060c400000|100%| O|  |TAMS 0x000000060c000000| PB 0x000000060c000000| Untracked 
|  49|0x000000060c400000, 0x000000060c476380, 0x000000060c800000| 11%| O|  |TAMS 0x000000060c400000| PB 0x000000060c400000| Untracked 
|  50|0x000000060c800000, 0x000000060c8f6308, 0x000000060cc00000| 24%| S|CS|TAMS 0x000000060c800000| PB 0x000000060c800000| Complete 
|  51|0x000000060cc00000, 0x000000060cc00000, 0x000000060d000000|  0%| F|  |TAMS 0x000000060cc00000| PB 0x000000060cc00000| Untracked 
|  52|0x000000060d000000, 0x000000060d400000, 0x000000060d400000|100%| S|CS|TAMS 0x000000060d000000| PB 0x000000060d000000| Complete 
|  53|0x000000060d400000, 0x000000060d800000, 0x000000060d800000|100%| O|  |TAMS 0x000000060d400000| PB 0x000000060d400000| Untracked 
|  54|0x000000060d800000, 0x000000060dc00000, 0x000000060dc00000|100%| O|  |TAMS 0x000000060d800000| PB 0x000000060d800000| Untracked 
|  55|0x000000060dc00000, 0x000000060e000000, 0x000000060e000000|100%| O|  |TAMS 0x000000060dc00000| PB 0x000000060dc00000| Untracked 
|  56|0x000000060e000000, 0x000000060e400000, 0x000000060e400000|100%| O|  |TAMS 0x000000060e000000| PB 0x000000060e000000| Untracked 
|  57|0x000000060e400000, 0x000000060e800000, 0x000000060e800000|100%| S|CS|TAMS 0x000000060e400000| PB 0x000000060e400000| Complete 
|  58|0x000000060e800000, 0x000000060e800000, 0x000000060ec00000|  0%| F|  |TAMS 0x000000060e800000| PB 0x000000060e800000| Untracked 
|  59|0x000000060ec00000, 0x000000060ec00000, 0x000000060f000000|  0%| F|  |TAMS 0x000000060ec00000| PB 0x000000060ec00000| Untracked 
|  60|0x000000060f000000, 0x000000060f000000, 0x000000060f400000|  0%| F|  |TAMS 0x000000060f000000| PB 0x000000060f000000| Untracked 
|  61|0x000000060f400000, 0x000000060f400000, 0x000000060f800000|  0%| F|  |TAMS 0x000000060f400000| PB 0x000000060f400000| Untracked 
|  62|0x000000060f800000, 0x000000060f800000, 0x000000060fc00000|  0%| F|  |TAMS 0x000000060f800000| PB 0x000000060f800000| Untracked 
|  63|0x000000060fc00000, 0x000000060fc00000, 0x0000000610000000|  0%| F|  |TAMS 0x000000060fc00000| PB 0x000000060fc00000| Untracked 
|  64|0x0000000610000000, 0x0000000610000000, 0x0000000610400000|  0%| F|  |TAMS 0x0000000610000000| PB 0x0000000610000000| Untracked 
|  65|0x0000000610400000, 0x0000000610400000, 0x0000000610800000|  0%| F|  |TAMS 0x0000000610400000| PB 0x0000000610400000| Untracked 
|  66|0x0000000610800000, 0x0000000610800000, 0x0000000610c00000|  0%| F|  |TAMS 0x0000000610800000| PB 0x0000000610800000| Untracked 
|  67|0x0000000610c00000, 0x0000000610c00000, 0x0000000611000000|  0%| F|  |TAMS 0x0000000610c00000| PB 0x0000000610c00000| Untracked 
|  68|0x0000000611000000, 0x0000000611000000, 0x0000000611400000|  0%| F|  |TAMS 0x0000000611000000| PB 0x0000000611000000| Untracked 
|  69|0x0000000611400000, 0x0000000611400000, 0x0000000611800000|  0%| F|  |TAMS 0x0000000611400000| PB 0x0000000611400000| Untracked 
|  70|0x0000000611800000, 0x0000000611800000, 0x0000000611c00000|  0%| F|  |TAMS 0x0000000611800000| PB 0x0000000611800000| Untracked 
|  71|0x0000000611c00000, 0x0000000611c00000, 0x0000000612000000|  0%| F|  |TAMS 0x0000000611c00000| PB 0x0000000611c00000| Untracked 
|  72|0x0000000612000000, 0x0000000612000000, 0x0000000612400000|  0%| F|  |TAMS 0x0000000612000000| PB 0x0000000612000000| Untracked 
|  73|0x0000000612400000, 0x0000000612400000, 0x0000000612800000|  0%| F|  |TAMS 0x0000000612400000| PB 0x0000000612400000| Untracked 
|  74|0x0000000612800000, 0x0000000612800000, 0x0000000612c00000|  0%| F|  |TAMS 0x0000000612800000| PB 0x0000000612800000| Untracked 
|  75|0x0000000612c00000, 0x0000000612c00000, 0x0000000613000000|  0%| F|  |TAMS 0x0000000612c00000| PB 0x0000000612c00000| Untracked 
|  76|0x0000000613000000, 0x0000000613000000, 0x0000000613400000|  0%| F|  |TAMS 0x0000000613000000| PB 0x0000000613000000| Untracked 
|  77|0x0000000613400000, 0x0000000613400000, 0x0000000613800000|  0%| F|  |TAMS 0x0000000613400000| PB 0x0000000613400000| Untracked 
|  78|0x0000000613800000, 0x0000000613800000, 0x0000000613c00000|  0%| F|  |TAMS 0x0000000613800000| PB 0x0000000613800000| Untracked 
|  79|0x0000000613c00000, 0x0000000613c00000, 0x0000000614000000|  0%| F|  |TAMS 0x0000000613c00000| PB 0x0000000613c00000| Untracked 
|  80|0x0000000614000000, 0x0000000614000000, 0x0000000614400000|  0%| F|  |TAMS 0x0000000614000000| PB 0x0000000614000000| Untracked 
|  81|0x0000000614400000, 0x0000000614400000, 0x0000000614800000|  0%| F|  |TAMS 0x0000000614400000| PB 0x0000000614400000| Untracked 
|  82|0x0000000614800000, 0x0000000614800000, 0x0000000614c00000|  0%| F|  |TAMS 0x0000000614800000| PB 0x0000000614800000| Untracked 
|  83|0x0000000614c00000, 0x0000000614c00000, 0x0000000615000000|  0%| F|  |TAMS 0x0000000614c00000| PB 0x0000000614c00000| Untracked 
|  84|0x0000000615000000, 0x0000000615000000, 0x0000000615400000|  0%| F|  |TAMS 0x0000000615000000| PB 0x0000000615000000| Untracked 
|  85|0x0000000615400000, 0x0000000615400000, 0x0000000615800000|  0%| F|  |TAMS 0x0000000615400000| PB 0x0000000615400000| Untracked 
|  86|0x0000000615800000, 0x0000000615800000, 0x0000000615c00000|  0%| F|  |TAMS 0x0000000615800000| PB 0x0000000615800000| Untracked 
|2040|0x00000007fe000000, 0x00000007fe400000, 0x00000007fe400000|100%| O|  |TAMS 0x00000007fe000000| PB 0x00000007fe000000| Untracked 
|2041|0x00000007fe400000, 0x00000007fe800000, 0x00000007fe800000|100%| O|  |TAMS 0x00000007fe400000| PB 0x00000007fe400000| Untracked 
|2042|0x00000007fe800000, 0x00000007fec00000, 0x00000007fec00000|100%| O|  |TAMS 0x00000007fe800000| PB 0x00000007fe800000| Untracked 
|2043|0x00000007fec00000, 0x00000007fec00000, 0x00000007ff000000|  0%| F|  |TAMS 0x00000007fec00000| PB 0x00000007fec00000| Untracked 
|2044|0x00000007ff000000, 0x00000007ff400000, 0x00000007ff400000|100%| O|  |TAMS 0x00000007ff000000| PB 0x00000007ff000000| Untracked 
|2045|0x00000007ff400000, 0x00000007ff400000, 0x00000007ff800000|  0%| F|  |TAMS 0x00000007ff400000| PB 0x00000007ff400000| Untracked 
|2046|0x00000007ff800000, 0x00000007ffc00000, 0x00000007ffc00000|100%| O|  |TAMS 0x00000007ff800000| PB 0x00000007ff800000| Untracked 
|2047|0x00000007ffc00000, 0x0000000800000000, 0x0000000800000000|100%| O|  |TAMS 0x00000007ffc00000| PB 0x00000007ffc00000| Untracked 

Card table byte_map: [0x000002de34d10000,0x000002de35d10000] _byte_map_base: 0x000002de31d10000

Marking Bits: (CMBitMap*) 0x000002de10723b60
 Bits: [0x000002de35d10000, 0x000002de3dd10000)

Polling page: 0x000002de0fde0000

Metaspace:

Usage:
  Non-class:    135.16 MB used.
      Class:     19.77 MB used.
       Both:    154.93 MB used.

Virtual space:
  Non-class space:      192.00 MB reserved,     136.38 MB ( 71%) committed,  3 nodes.
      Class space:        1.00 GB reserved,      20.94 MB (  2%) committed,  1 nodes.
             Both:        1.19 GB reserved,     157.31 MB ( 13%) committed. 

Chunk freelists:
   Non-Class:  7.55 MB
       Class:  11.06 MB
        Both:  18.61 MB

MaxMetaspaceSize: 4.00 GB
CompressedClassSpaceSize: 1.00 GB
Initial GC threshold: 21.00 MB
Current GC threshold: 262.12 MB
CDS: off
 - commit_granule_bytes: 65536.
 - commit_granule_words: 8192.
 - virtual_space_node_default_size: 8388608.
 - enlarge_chunks_in_place: 1.
 - use_allocation_guard: 0.


Internal statistics:

num_allocs_failed_limit: 12.
num_arena_births: 4654.
num_arena_deaths: 0.
num_vsnodes_births: 4.
num_vsnodes_deaths: 0.
num_space_committed: 2515.
num_space_uncommitted: 0.
num_chunks_returned_to_freelist: 12.
num_chunks_taken_from_freelist: 10769.
num_chunk_merges: 6.
num_chunk_splits: 7508.
num_chunks_enlarged: 5178.
num_inconsistent_stats: 0.

CodeHeap 'non-profiled nmethods': size=259264Kb used=10925Kb max_used=11781Kb free=248339Kb
 bounds [0x000002de23a90000, 0x000002de24620000, 0x000002de337c0000]
CodeHeap 'profiled nmethods': size=259264Kb used=27639Kb max_used=31715Kb free=231624Kb
 bounds [0x000002de137c0000, 0x000002de15720000, 0x000002de234f0000]
CodeHeap 'non-nmethods': size=5760Kb used=3498Kb max_used=3580Kb free=2261Kb
 bounds [0x000002de234f0000, 0x000002de23880000, 0x000002de23a90000]
 total_blobs=14267 nmethods=13068 adapters=1101
 compilation: enabled
              stopped_count=0, restarted_count=0
 full_count=0

Compilation events (20 events):
Event: 358.592 Thread 0x000002de4094f150 20545       4       org.gradle.internal.classpath.transforms.InstrumentingBackwardsCompatibilityVisitor$BackwardCompatibilityMethodVisitor::visitInvokeDynamicInsn (31 bytes)
Event: 358.611 Thread 0x000002de4094f7f0 20548       3       org.objectweb.asm.FieldWriter::visitAnnotation (40 bytes)
Event: 358.612 Thread 0x000002de4094f7f0 nmethod 20548 0x000002de13cc5210 code [0x000002de13cc53e0, 0x000002de13cc5690]
Event: 358.644 Thread 0x000002de4094f150 nmethod 20545 0x000002de23d95510 code [0x000002de23d957c0, 0x000002de23d96b78]
Event: 358.645 Thread 0x000002de4094f150 20547       4       org.objectweb.asm.ClassWriter::visit (160 bytes)
Event: 358.656 Thread 0x000002de4094f150 nmethod 20547 0x000002de240e8410 code [0x000002de240e8600, 0x000002de240e8ce8]
Event: 358.656 Thread 0x000002de4094f150 20546       4       org.objectweb.asm.ClassWriter::<init> (73 bytes)
Event: 358.659 Thread 0x000002de4094f7f0 20549 %     3       org.objectweb.asm.ClassReader::readCode @ 2187 (5117 bytes)
Event: 358.666 Thread 0x000002de4094f150 nmethod 20546 0x000002de23e95c90 code [0x000002de23e95e60, 0x000002de23e965a8]
Event: 358.666 Thread 0x000002de4094f150 20541       4       com.google.common.io.ByteStreams$1::write (15 bytes)
Event: 358.667 Thread 0x000002de4094f150 nmethod 20541 0x000002de23f07d10 code [0x000002de23f07ea0, 0x000002de23f07fb8]
Event: 358.667 Thread 0x000002de4094f150 20550       4       org.objectweb.asm.ClassReader::getTypeAnnotationBytecodeOffset (34 bytes)
Event: 358.668 Thread 0x000002de4094f150 nmethod 20550 0x000002de23d95210 code [0x000002de23d953a0, 0x000002de23d95450]
Event: 358.692 Thread 0x000002de4094f7f0 nmethod 20549% 0x000002de156f8a90 code [0x000002de156fa0c0, 0x000002de1570bf18]
Event: 358.693 Thread 0x000002de4094f7f0 20551       3       org.objectweb.asm.ClassReader::readCode (5117 bytes)
Event: 358.701 Thread 0x000002de4094f150 20552       4       org.objectweb.asm.ClassReader::createDebugLabel (23 bytes)
Event: 358.707 Thread 0x000002de4094f150 nmethod 20552 0x000002de23f8fd10 code [0x000002de23f8fea0, 0x000002de23f90108]
Event: 358.710 Thread 0x000002de4094f150 20555       4       org.gradle.internal.classpath.generated.InterceptorDeclaration_PropertyUpgradesJvmBytecode_TestingJvm$Factory::create (11 bytes)
Event: 358.711 Thread 0x000002de4094f150 nmethod 20555 0x000002de23f2fa10 code [0x000002de23f2fba0, 0x000002de23f2fcd8]
Event: 358.711 Thread 0x000002de4094f150 20556       4       org.apache.commons.compress.archivers.zip.ZipArchiveOutputStream::setEncoding (33 bytes)

GC Heap History (20 events):
Event: 329.841 GC heap after
{Heap after GC invocations=43 (full 0):
 garbage-first heap   total 286720K, used 184320K [0x0000000600000000, 0x0000000800000000)
  region size 4096K, 2 young (8192K), 2 survivors (8192K)
 Metaspace       used 129151K, committed 131584K, reserved 1179648K
  class space    used 17232K, committed 18496K, reserved 1048576K
}
Event: 330.610 GC heap before
{Heap before GC invocations=44 (full 0):
 garbage-first heap   total 323584K, used 249856K [0x0000000600000000, 0x0000000800000000)
  region size 4096K, 17 young (69632K), 2 survivors (8192K)
 Metaspace       used 129447K, committed 131904K, reserved 1179648K
  class space    used 17232K, committed 18496K, reserved 1048576K
}
Event: 330.621 GC heap after
{Heap after GC invocations=45 (full 0):
 garbage-first heap   total 323584K, used 201233K [0x0000000600000000, 0x0000000800000000)
  region size 4096K, 3 young (12288K), 3 survivors (12288K)
 Metaspace       used 129447K, committed 131904K, reserved 1179648K
  class space    used 17232K, committed 18496K, reserved 1048576K
}
Event: 331.966 GC heap before
{Heap before GC invocations=45 (full 0):
 garbage-first heap   total 323584K, used 270865K [0x0000000600000000, 0x0000000800000000)
  region size 4096K, 21 young (86016K), 3 survivors (12288K)
 Metaspace       used 136402K, committed 138880K, reserved 1179648K
  class space    used 17987K, committed 19200K, reserved 1048576K
}
Event: 331.980 GC heap after
{Heap after GC invocations=46 (full 0):
 garbage-first heap   total 389120K, used 197980K [0x0000000600000000, 0x0000000800000000)
  region size 4096K, 2 young (8192K), 2 survivors (8192K)
 Metaspace       used 136402K, committed 138880K, reserved 1179648K
  class space    used 17987K, committed 19200K, reserved 1048576K
}
Event: 338.087 GC heap before
{Heap before GC invocations=46 (full 0):
 garbage-first heap   total 389120K, used 316764K [0x0000000600000000, 0x0000000800000000)
  region size 4096K, 32 young (131072K), 2 survivors (8192K)
 Metaspace       used 156869K, committed 159296K, reserved 1245184K
  class space    used 20117K, committed 21312K, reserved 1048576K
}
Event: 338.096 GC heap after
{Heap after GC invocations=47 (full 0):
 garbage-first heap   total 389120K, used 203477K [0x0000000600000000, 0x0000000800000000)
  region size 4096K, 3 young (12288K), 3 survivors (12288K)
 Metaspace       used 156869K, committed 159296K, reserved 1245184K
  class space    used 20117K, committed 21312K, reserved 1048576K
}
Event: 348.580 GC heap before
{Heap before GC invocations=47 (full 0):
 garbage-first heap   total 389120K, used 342741K [0x0000000600000000, 0x0000000800000000)
  region size 4096K, 37 young (151552K), 3 survivors (12288K)
 Metaspace       used 157471K, committed 159872K, reserved 1245184K
  class space    used 20149K, committed 21376K, reserved 1048576K
}
Event: 348.596 GC heap after
{Heap after GC invocations=48 (full 0):
 garbage-first heap   total 389120K, used 209522K [0x0000000600000000, 0x0000000800000000)
  region size 4096K, 3 young (12288K), 3 survivors (12288K)
 Metaspace       used 157471K, committed 159872K, reserved 1245184K
  class space    used 20149K, committed 21376K, reserved 1048576K
}
Event: 353.135 GC heap before
{Heap before GC invocations=48 (full 0):
 garbage-first heap   total 389120K, used 340594K [0x0000000600000000, 0x0000000800000000)
  region size 4096K, 36 young (147456K), 3 survivors (12288K)
 Metaspace       used 157517K, committed 159936K, reserved 1245184K
  class space    used 20149K, committed 21376K, reserved 1048576K
}
Event: 353.150 GC heap after
{Heap after GC invocations=49 (full 0):
 garbage-first heap   total 389120K, used 213182K [0x0000000600000000, 0x0000000800000000)
  region size 4096K, 3 young (12288K), 3 survivors (12288K)
 Metaspace       used 157517K, committed 159936K, reserved 1245184K
  class space    used 20149K, committed 21376K, reserved 1048576K
}
Event: 354.916 GC heap before
{Heap before GC invocations=50 (full 0):
 garbage-first heap   total 389120K, used 348350K [0x0000000600000000, 0x0000000800000000)
  region size 4096K, 36 young (147456K), 3 survivors (12288K)
 Metaspace       used 157557K, committed 160000K, reserved 1245184K
  class space    used 20158K, committed 21376K, reserved 1048576K
}
Event: 354.950 GC heap after
{Heap after GC invocations=51 (full 0):
 garbage-first heap   total 389120K, used 233724K [0x0000000600000000, 0x0000000800000000)
  region size 4096K, 5 young (20480K), 5 survivors (20480K)
 Metaspace       used 157557K, committed 160000K, reserved 1245184K
  class space    used 20158K, committed 21376K, reserved 1048576K
}
Event: 356.286 GC heap before
{Heap before GC invocations=51 (full 0):
 garbage-first heap   total 389120K, used 336124K [0x0000000600000000, 0x0000000800000000)
  region size 4096K, 31 young (126976K), 5 survivors (20480K)
 Metaspace       used 158517K, committed 160896K, reserved 1245184K
  class space    used 20246K, committed 21440K, reserved 1048576K
}
Event: 356.316 GC heap after
{Heap after GC invocations=52 (full 0):
 garbage-first heap   total 389120K, used 232688K [0x0000000600000000, 0x0000000800000000)
  region size 4096K, 2 young (8192K), 2 survivors (8192K)
 Metaspace       used 158517K, committed 160896K, reserved 1245184K
  class space    used 20246K, committed 21440K, reserved 1048576K
}
Event: 357.061 GC heap before
{Heap before GC invocations=52 (full 0):
 garbage-first heap   total 389120K, used 347376K [0x0000000600000000, 0x0000000800000000)
  region size 4096K, 31 young (126976K), 2 survivors (8192K)
 Metaspace       used 158573K, committed 161024K, reserved 1245184K
  class space    used 20246K, committed 21440K, reserved 1048576K
}
Event: 357.068 GC heap after
{Heap after GC invocations=53 (full 0):
 garbage-first heap   total 389120K, used 231254K [0x0000000600000000, 0x0000000800000000)
  region size 4096K, 2 young (8192K), 2 survivors (8192K)
 Metaspace       used 158573K, committed 161024K, reserved 1245184K
  class space    used 20246K, committed 21440K, reserved 1048576K
}
Event: 358.119 GC heap before
{Heap before GC invocations=54 (full 0):
 garbage-first heap   total 389120K, used 354134K [0x0000000600000000, 0x0000000800000000)
  region size 4096K, 32 young (131072K), 2 survivors (8192K)
 Metaspace       used 158639K, committed 161088K, reserved 1245184K
  class space    used 20246K, committed 21440K, reserved 1048576K
}
Event: 358.129 GC heap after
{Heap after GC invocations=55 (full 0):
 garbage-first heap   total 389120K, used 233207K [0x0000000600000000, 0x0000000800000000)
  region size 4096K, 2 young (8192K), 2 survivors (8192K)
 Metaspace       used 158639K, committed 161088K, reserved 1245184K
  class space    used 20246K, committed 21440K, reserved 1048576K
}
Event: 358.712 GC heap before
{Heap before GC invocations=55 (full 0):
 garbage-first heap   total 389120K, used 351991K [0x0000000600000000, 0x0000000800000000)
  region size 4096K, 32 young (131072K), 2 survivors (8192K)
 Metaspace       used 158651K, committed 161088K, reserved 1245184K
  class space    used 20247K, committed 21440K, reserved 1048576K
}

Dll operation events (3 events):
Event: 0.019 Loaded shared library C:\Program Files\Android\Android Studio\jbr\bin\java.dll
Event: 0.028 Loaded shared library C:\Program Files\Android\Android Studio\jbr\bin\zip.dll
Event: 1.001 Loaded shared library C:\Program Files\Android\Android Studio\jbr\bin\verify.dll

Deoptimization events (20 events):
Event: 358.273 Thread 0x000002de47c26340 Uncommon trap: trap_request=0xffffffde fr.pc=0x000002de2430ccd0 relative=0x0000000000006e10
Event: 358.273 Thread 0x000002de47c26340 Uncommon trap: reason=class_check action=maybe_recompile pc=0x000002de2430ccd0 method=org.objectweb.asm.ClassReader.accept(Lorg/objectweb/asm/ClassVisitor;[Lorg/objectweb/asm/Attribute;I)V @ 828 c2
Event: 358.273 Thread 0x000002de47c26340 DEOPT PACKING pc=0x000002de2430ccd0 sp=0x000000f4d84fa6e0
Event: 358.273 Thread 0x000002de47c26340 DEOPT UNPACKING pc=0x000002de23547da2 sp=0x000000f4d84fa6a0 mode 2
Event: 358.294 Thread 0x000002de4af97230 Uncommon trap: trap_request=0xffffff66 fr.pc=0x000002de23f74618 relative=0x0000000000000298
Event: 358.294 Thread 0x000002de4af97230 Uncommon trap: reason=speculate_class_check action=maybe_recompile pc=0x000002de23f74618 method=org.gradle.api.internal.file.archive.impl.FileZipInput$FileZipEntry.withInputStream(Lorg/gradle/api/internal/file/archive/ZipEntry$IoFunction;)Ljava/lang/Objec
Event: 358.294 Thread 0x000002de4af97230 DEOPT PACKING pc=0x000002de23f74618 sp=0x000000f4ddcfb3b0
Event: 358.294 Thread 0x000002de4af97230 DEOPT UNPACKING pc=0x000002de23547da2 sp=0x000000f4ddcfb280 mode 2
Event: 358.559 Thread 0x000002de47c26340 Uncommon trap: trap_request=0xffffffde fr.pc=0x000002de23e452dc relative=0x0000000000000ddc
Event: 358.559 Thread 0x000002de47c26340 Uncommon trap: reason=class_check action=maybe_recompile pc=0x000002de23e452dc method=org.objectweb.asm.ClassReader.readElementValue(Lorg/objectweb/asm/AnnotationVisitor;ILjava/lang/String;[C)I @ 514 c2
Event: 358.559 Thread 0x000002de47c26340 DEOPT PACKING pc=0x000002de23e452dc sp=0x000000f4d84fa5f0
Event: 358.559 Thread 0x000002de47c26340 DEOPT UNPACKING pc=0x000002de23547da2 sp=0x000000f4d84fa558 mode 2
Event: 358.560 Thread 0x000002de47c26340 Uncommon trap: trap_request=0xffffffde fr.pc=0x000002de23e452dc relative=0x0000000000000ddc
Event: 358.560 Thread 0x000002de47c26340 Uncommon trap: reason=class_check action=maybe_recompile pc=0x000002de23e452dc method=org.objectweb.asm.ClassReader.readElementValue(Lorg/objectweb/asm/AnnotationVisitor;ILjava/lang/String;[C)I @ 514 c2
Event: 358.560 Thread 0x000002de47c26340 DEOPT PACKING pc=0x000002de23e452dc sp=0x000000f4d84fa4f0
Event: 358.560 Thread 0x000002de47c26340 DEOPT UNPACKING pc=0x000002de23547da2 sp=0x000000f4d84fa458 mode 2
Event: 358.659 Thread 0x000002de47c26340 Uncommon trap: trap_request=0xffffff45 fr.pc=0x000002de244bbe58 relative=0x000000000000a018
Event: 358.659 Thread 0x000002de47c26340 Uncommon trap: reason=unstable_if action=reinterpret pc=0x000002de244bbe58 method=org.objectweb.asm.Label.addLineNumber(I)V @ 65 c2
Event: 358.659 Thread 0x000002de47c26340 DEOPT PACKING pc=0x000002de244bbe58 sp=0x000000f4d84faba0
Event: 358.659 Thread 0x000002de47c26340 DEOPT UNPACKING pc=0x000002de23547da2 sp=0x000000f4d84faa98 mode 2

Classes loaded (20 events):
Event: 336.429 Loading class sun/security/ssl/PreSharedKeyExtension$PartialClientHelloMessage
Event: 336.430 Loading class sun/security/ssl/PreSharedKeyExtension$PartialClientHelloMessage done
Event: 336.430 Loading class sun/security/ssl/SSLEngineOutputRecord
Event: 336.430 Loading class sun/security/ssl/SSLEngineOutputRecord done
Event: 336.430 Loading class sun/security/ssl/SSLEngineOutputRecord$HandshakeFragment
Event: 336.430 Loading class sun/security/ssl/SSLEngineOutputRecord$HandshakeFragment done
Event: 336.431 Loading class sun/security/ssl/SSLEngineOutputRecord$HandshakeMemo
Event: 336.431 Loading class sun/security/ssl/SSLEngineOutputRecord$RecordMemo
Event: 336.431 Loading class sun/security/ssl/SSLEngineOutputRecord$RecordMemo done
Event: 336.431 Loading class sun/security/ssl/SSLEngineOutputRecord$HandshakeMemo done
Event: 336.546 Loading class sun/security/ssl/PreSharedKeyExtension$SHPreSharedKeySpec
Event: 336.547 Loading class sun/security/ssl/PreSharedKeyExtension$SHPreSharedKeySpec done
Event: 336.748 Loading class java/util/concurrent/locks/ReentrantReadWriteLock$Sync$HoldCounter
Event: 336.750 Loading class java/util/concurrent/locks/ReentrantReadWriteLock$Sync$HoldCounter done
Event: 355.482 Loading class java/util/Collections$UnmodifiableSortedMap
Event: 355.485 Loading class java/util/Collections$UnmodifiableSortedMap done
Event: 355.487 Loading class java/util/zip/Deflater
Event: 355.493 Loading class java/util/zip/Deflater done
Event: 355.496 Loading class java/util/zip/Deflater$DeflaterZStreamRef
Event: 355.501 Loading class java/util/zip/Deflater$DeflaterZStreamRef done

Classes unloaded (0 events):
No events

Classes redefined (0 events):
No events

Internal exceptions (20 events):
Event: 355.416 Thread 0x000002de4af97230 Exception <a 'sun/nio/fs/WindowsException'{0x000000061561aa18}> (0x000000061561aa18) 
thrown [s\src\hotspot\share\prims\jni.cpp, line 535]
Event: 355.479 Thread 0x000002de47c20760 Exception <a 'sun/nio/fs/WindowsException'{0x0000000615bcade0}> (0x0000000615bcade0) 
thrown [s\src\hotspot\share\prims\jni.cpp, line 535]
Event: 355.680 Thread 0x000002de4af957f0 Implicit null exception at 0x000002de23e3ac76 to 0x000002de23e3ad88
Event: 355.740 Thread 0x000002de4af95160 Exception <a 'sun/nio/fs/WindowsException'{0x0000000615330818}> (0x0000000615330818) 
thrown [s\src\hotspot\share\prims\jni.cpp, line 535]
Event: 355.744 Thread 0x000002de47c26340 Exception <a 'sun/nio/fs/WindowsException'{0x0000000614a30928}> (0x0000000614a30928) 
thrown [s\src\hotspot\share\prims\jni.cpp, line 535]
Event: 355.778 Thread 0x000002de4af98c70 Exception <a 'sun/nio/fs/WindowsException'{0x0000000614761ea0}> (0x0000000614761ea0) 
thrown [s\src\hotspot\share\prims\jni.cpp, line 535]
Event: 356.058 Thread 0x000002de47c24270 Exception <a 'sun/nio/fs/WindowsException'{0x0000000612436eb8}> (0x0000000612436eb8) 
thrown [s\src\hotspot\share\prims\jni.cpp, line 535]
Event: 356.597 Thread 0x000002de4af97230 Exception <a 'sun/nio/fs/WindowsException'{0x00000006142c6ed8}> (0x00000006142c6ed8) 
thrown [s\src\hotspot\share\prims\jni.cpp, line 535]
Event: 356.752 Thread 0x000002de49a6d1b0 Exception <a 'sun/nio/fs/WindowsException'{0x000000061233a300}> (0x000000061233a300) 
thrown [s\src\hotspot\share\prims\jni.cpp, line 535]
Event: 356.936 Thread 0x000002de4af98c70 Exception <a 'sun/nio/fs/WindowsException'{0x00000006107f9fa0}> (0x00000006107f9fa0) 
thrown [s\src\hotspot\share\prims\jni.cpp, line 535]
Event: 357.570 Thread 0x000002de4af957f0 Exception <a 'sun/nio/fs/WindowsException'{0x00000006141327e0}> (0x00000006141327e0) 
thrown [s\src\hotspot\share\prims\jni.cpp, line 535]
Event: 357.721 Thread 0x000002de49a6d1b0 Exception <a 'sun/nio/fs/WindowsException'{0x0000000612c9f1a0}> (0x0000000612c9f1a0) 
thrown [s\src\hotspot\share\prims\jni.cpp, line 535]
Event: 357.831 Thread 0x000002de4af97230 Exception <a 'sun/nio/fs/WindowsException'{0x0000000612653f70}> (0x0000000612653f70) 
thrown [s\src\hotspot\share\prims\jni.cpp, line 535]
Event: 357.892 Thread 0x000002de47c24270 Exception <a 'sun/nio/fs/WindowsException'{0x0000000611542580}> (0x0000000611542580) 
thrown [s\src\hotspot\share\prims\jni.cpp, line 535]
Event: 357.912 Thread 0x000002de4af98c70 Exception <a 'sun/nio/fs/WindowsException'{0x00000006110298c0}> (0x00000006110298c0) 
thrown [s\src\hotspot\share\prims\jni.cpp, line 535]
Event: 358.090 Thread 0x000002de49a6d1b0 Exception <a 'sun/nio/fs/WindowsException'{0x000000060f7d4b00}> (0x000000060f7d4b00) 
thrown [s\src\hotspot\share\prims\jni.cpp, line 535]
Event: 358.104 Thread 0x000002de4af95160 Exception <a 'sun/nio/fs/WindowsException'{0x000000060f7eef20}> (0x000000060f7eef20) 
thrown [s\src\hotspot\share\prims\jni.cpp, line 535]
Event: 358.113 Thread 0x000002de4af957f0 Exception <a 'sun/nio/fs/WindowsException'{0x000000060f03eef0}> (0x000000060f03eef0) 
thrown [s\src\hotspot\share\prims\jni.cpp, line 535]
Event: 358.293 Thread 0x000002de4af97230 Exception <a 'sun/nio/fs/WindowsException'{0x000000061315a1b8}> (0x000000061315a1b8) 
thrown [s\src\hotspot\share\prims\jni.cpp, line 535]
Event: 358.558 Thread 0x000002de4af98c70 Exception <a 'sun/nio/fs/WindowsException'{0x000000060ff3bcc8}> (0x000000060ff3bcc8) 
thrown [s\src\hotspot\share\prims\jni.cpp, line 535]

ZGC Phase Switch (0 events):
No events

VM Operations (20 events):
Event: 354.951 Executing VM operation: G1CollectForAllocation (G1 Evacuation Pause) done
Event: 355.562 Executing VM operation: HandshakeAllThreads (Deoptimize)
Event: 355.562 Executing VM operation: HandshakeAllThreads (Deoptimize) done
Event: 355.723 Executing VM operation: HandshakeAllThreads (Deoptimize)
Event: 355.744 Executing VM operation: HandshakeAllThreads (Deoptimize) done
Event: 355.866 Executing VM operation: ICBufferFull
Event: 355.867 Executing VM operation: ICBufferFull done
Event: 356.278 Executing VM operation: ICBufferFull
Event: 356.279 Executing VM operation: ICBufferFull done
Event: 356.286 Executing VM operation: G1CollectForAllocation (G1 Evacuation Pause)
Event: 356.316 Executing VM operation: G1CollectForAllocation (G1 Evacuation Pause) done
Event: 357.060 Executing VM operation: G1CollectForAllocation (G1 Evacuation Pause)
Event: 357.068 Executing VM operation: G1CollectForAllocation (G1 Evacuation Pause) done
Event: 357.405 Executing VM operation: G1PauseRemark
Event: 357.442 Executing VM operation: G1PauseRemark done
Event: 357.590 Executing VM operation: G1PauseCleanup
Event: 357.591 Executing VM operation: G1PauseCleanup done
Event: 358.119 Executing VM operation: G1CollectForAllocation (G1 Evacuation Pause)
Event: 358.129 Executing VM operation: G1CollectForAllocation (G1 Evacuation Pause) done
Event: 358.712 Executing VM operation: G1CollectForAllocation (G1 Evacuation Pause)

Memory protections (0 events):
No events

Nmethod flushes (20 events):
Event: 357.437 Thread 0x000002de3def5c50 flushing  nmethod 0x000002de140bf210
Event: 357.437 Thread 0x000002de3def5c50 flushing  nmethod 0x000002de140c4e90
Event: 357.437 Thread 0x000002de3def5c50 flushing  nmethod 0x000002de140c6010
Event: 357.437 Thread 0x000002de3def5c50 flushing  nmethod 0x000002de140fb190
Event: 357.437 Thread 0x000002de3def5c50 flushing  nmethod 0x000002de14153910
Event: 357.437 Thread 0x000002de3def5c50 flushing  nmethod 0x000002de14154c10
Event: 357.437 Thread 0x000002de3def5c50 flushing  nmethod 0x000002de14156810
Event: 357.437 Thread 0x000002de3def5c50 flushing  nmethod 0x000002de1418af10
Event: 357.437 Thread 0x000002de3def5c50 flushing  nmethod 0x000002de14190c10
Event: 357.437 Thread 0x000002de3def5c50 flushing  nmethod 0x000002de14191a90
Event: 357.437 Thread 0x000002de3def5c50 flushing  nmethod 0x000002de14192e10
Event: 357.437 Thread 0x000002de3def5c50 flushing  nmethod 0x000002de14193290
Event: 357.437 Thread 0x000002de3def5c50 flushing  nmethod 0x000002de141dd410
Event: 357.437 Thread 0x000002de3def5c50 flushing  nmethod 0x000002de141e0790
Event: 357.437 Thread 0x000002de3def5c50 flushing  nmethod 0x000002de141e1b10
Event: 357.437 Thread 0x000002de3def5c50 flushing  nmethod 0x000002de141e5990
Event: 357.437 Thread 0x000002de3def5c50 flushing  nmethod 0x000002de14217990
Event: 357.437 Thread 0x000002de3def5c50 flushing  nmethod 0x000002de14219c90
Event: 357.437 Thread 0x000002de3def5c50 flushing  nmethod 0x000002de1421a010
Event: 357.438 Thread 0x000002de3def5c50 flushing  nmethod 0x000002de1421f090

Events (20 events):
Event: 341.539 Thread 0x000002de47c20760 Thread added: 0x000002de55269190
Event: 341.540 Thread 0x000002de47c20760 Thread added: 0x000002de5526b8f0
Event: 341.722 Thread 0x000002de4b7a8b10 Thread exited: 0x000002de4b7a8b10
Event: 342.015 Thread 0x000002de4094f150 Thread added: 0x000002de55359700
Event: 344.524 Thread 0x000002de55359700 Thread exited: 0x000002de55359700
Event: 347.953 Thread 0x000002de47c20760 Thread added: 0x000002de55269820
Event: 347.995 Thread 0x000002de47c20760 Thread added: 0x000002de55269eb0
Event: 348.023 Thread 0x000002de4094f7f0 Thread added: 0x000002de515a8e00
Event: 348.156 Thread 0x000002de47c20760 Thread added: 0x000002de4af978c0
Event: 348.213 Thread 0x000002de47c20760 Thread added: 0x000002de4af94440
Event: 348.376 Thread 0x000002de47c20760 Thread added: 0x000002de4af96ba0
Event: 349.470 Thread 0x000002de515a8e00 Thread exited: 0x000002de515a8e00
Event: 349.652 Thread 0x000002de47c20760 Thread added: 0x000002de4af97f50
Event: 350.120 Thread 0x000002de47c20760 Thread added: 0x000002de4af94ad0
Event: 353.786 Thread 0x000002de47c20760 Thread added: 0x000002de4af95160
Event: 353.786 Thread 0x000002de47c20760 Thread added: 0x000002de4af98c70
Event: 353.787 Thread 0x000002de47c20760 Thread added: 0x000002de4af97230
Event: 353.787 Thread 0x000002de47c20760 Thread added: 0x000002de4af957f0
Event: 353.899 Thread 0x000002de4094f7f0 Thread added: 0x000002de51b1f630
Event: 355.177 Thread 0x000002de4094f7f0 Thread added: 0x000002de51b203d0


Dynamic libraries:
0x00007ff6ecc90000 - 0x00007ff6ecc9a000 	C:\Program Files\Android\Android Studio\jbr\bin\java.exe
0x00007ffda9aa0000 - 0x00007ffda9d00000 	C:\WINDOWS\SYSTEM32\ntdll.dll
0x00007ffd6a190000 - 0x00007ffd6a1aa000 	C:\Program Files\Avast Software\Avast\aswhook.dll
0x00007ffda87c0000 - 0x00007ffda8887000 	C:\WINDOWS\System32\KERNEL32.DLL
0x00007ffda7240000 - 0x00007ffda760a000 	C:\WINDOWS\System32\KERNELBASE.dll
0x00007ffda6d30000 - 0x00007ffda6e7b000 	C:\WINDOWS\System32\ucrtbase.dll
0x00007ffd8b830000 - 0x00007ffd8b848000 	C:\Program Files\Android\Android Studio\jbr\bin\jli.dll
0x00007ffd91cb0000 - 0x00007ffd91ccb000 	C:\Program Files\Android\Android Studio\jbr\bin\VCRUNTIME140.dll
0x00007ffda88a0000 - 0x00007ffda8a6c000 	C:\WINDOWS\System32\USER32.dll
0x00007ffd8ab30000 - 0x00007ffd8adc7000 	C:\WINDOWS\WinSxS\amd64_microsoft.windows.common-controls_6595b64144ccf1df_6.0.26100.3624_none_3e086962e3345f24\COMCTL32.dll
0x00007ffda7210000 - 0x00007ffda7237000 	C:\WINDOWS\System32\win32u.dll
0x00007ffda8070000 - 0x00007ffda8119000 	C:\WINDOWS\System32\msvcrt.dll
0x00007ffda94e0000 - 0x00007ffda950a000 	C:\WINDOWS\System32\GDI32.dll
0x00007ffda76d0000 - 0x00007ffda7801000 	C:\WINDOWS\System32\gdi32full.dll
0x00007ffda6c80000 - 0x00007ffda6d23000 	C:\WINDOWS\System32\msvcp_win.dll
0x00007ffda9970000 - 0x00007ffda999f000 	C:\WINDOWS\System32\IMM32.DLL
0x00007ffd89f70000 - 0x00007ffd89f7c000 	C:\Program Files\Android\Android Studio\jbr\bin\vcruntime140_1.dll
0x00007ffd3dcd0000 - 0x00007ffd3dd5d000 	C:\Program Files\Android\Android Studio\jbr\bin\msvcp140.dll
0x00007ffcf0390000 - 0x00007ffcf101a000 	C:\Program Files\Android\Android Studio\jbr\bin\server\jvm.dll
0x00007ffda9820000 - 0x00007ffda98d2000 	C:\WINDOWS\System32\ADVAPI32.dll
0x00007ffda8cc0000 - 0x00007ffda8d66000 	C:\WINDOWS\System32\sechost.dll
0x00007ffda96f0000 - 0x00007ffda9806000 	C:\WINDOWS\System32\RPCRT4.dll
0x00007ffda8120000 - 0x00007ffda8194000 	C:\WINDOWS\System32\WS2_32.dll
0x00007ffda6ad0000 - 0x00007ffda6b2e000 	C:\WINDOWS\SYSTEM32\POWRPROF.dll
0x00007ffd9ef80000 - 0x00007ffd9efb6000 	C:\WINDOWS\SYSTEM32\WINMM.dll
0x00007ffd96c50000 - 0x00007ffd96c5b000 	C:\WINDOWS\SYSTEM32\VERSION.dll
0x00007ffda6ab0000 - 0x00007ffda6ac4000 	C:\WINDOWS\SYSTEM32\UMPDC.dll
0x00007ffda59f0000 - 0x00007ffda5a0a000 	C:\WINDOWS\SYSTEM32\kernel.appcore.dll
0x00007ffd89e10000 - 0x00007ffd89e1a000 	C:\Program Files\Android\Android Studio\jbr\bin\jimage.dll
0x00007ffda44b0000 - 0x00007ffda46f1000 	C:\WINDOWS\SYSTEM32\DBGHELP.DLL
0x00007ffda8380000 - 0x00007ffda8702000 	C:\WINDOWS\System32\combase.dll
0x00007ffda8ae0000 - 0x00007ffda8bb6000 	C:\WINDOWS\System32\OLEAUT32.dll
0x00007ffd961b0000 - 0x00007ffd961e9000 	C:\WINDOWS\SYSTEM32\dbgcore.DLL
0x00007ffda6e80000 - 0x00007ffda6f19000 	C:\WINDOWS\System32\bcryptPrimitives.dll
0x00007ffd6b080000 - 0x00007ffd6b08e000 	C:\Program Files\Android\Android Studio\jbr\bin\instrument.dll
0x00007ffd89d70000 - 0x00007ffd89d90000 	C:\Program Files\Android\Android Studio\jbr\bin\java.dll
0x00007ffd81cb0000 - 0x00007ffd81cc8000 	C:\Program Files\Android\Android Studio\jbr\bin\zip.dll
0x00007ffda78a0000 - 0x00007ffda7fc9000 	C:\WINDOWS\System32\SHELL32.dll
0x00007ffda6f20000 - 0x00007ffda7088000 	C:\WINDOWS\System32\wintypes.dll
0x00007ffda4900000 - 0x00007ffda5152000 	C:\WINDOWS\SYSTEM32\windows.storage.dll
0x00007ffda93a0000 - 0x00007ffda948d000 	C:\WINDOWS\System32\SHCORE.dll
0x00007ffda8a70000 - 0x00007ffda8ad4000 	C:\WINDOWS\System32\shlwapi.dll
0x00007ffda6b90000 - 0x00007ffda6bbf000 	C:\WINDOWS\SYSTEM32\profapi.dll
0x00007ffd89b80000 - 0x00007ffd89b90000 	C:\Program Files\Android\Android Studio\jbr\bin\net.dll
0x00007ffd9a0a0000 - 0x00007ffd9a1bd000 	C:\WINDOWS\SYSTEM32\WINHTTP.dll
0x00007ffda5fb0000 - 0x00007ffda601a000 	C:\WINDOWS\system32\mswsock.dll
0x00007ffd81c90000 - 0x00007ffd81ca6000 	C:\Program Files\Android\Android Studio\jbr\bin\nio.dll
0x00007ffd86760000 - 0x00007ffd86770000 	C:\Program Files\Android\Android Studio\jbr\bin\verify.dll
0x00007ffd6b0a0000 - 0x00007ffd6b0c7000 	C:\Users\JIBAS KUMAR YADAV\.gradle\native\c067742578af261105cb4f569cf0c3c89f3d7b1fecec35dd04571415982c5e48\windows-amd64\native-platform.dll
0x00007ffd2a030000 - 0x00007ffd2a174000 	C:\Users\JIBAS KUMAR YADAV\.gradle\native\100fb08df4bc3b14c8652ba06237920a3bd2aa13389f12d3474272988ae205f9\windows-amd64\native-platform-file-events.dll
0x00007ffd82370000 - 0x00007ffd82379000 	C:\Program Files\Android\Android Studio\jbr\bin\management.dll
0x00007ffd81b70000 - 0x00007ffd81b7b000 	C:\Program Files\Android\Android Studio\jbr\bin\management_ext.dll
0x00007ffda8060000 - 0x00007ffda8068000 	C:\WINDOWS\System32\PSAPI.DLL
0x00007ffda6250000 - 0x00007ffda626c000 	C:\WINDOWS\SYSTEM32\CRYPTSP.dll
0x00007ffda5a10000 - 0x00007ffda5a4a000 	C:\WINDOWS\system32\rsaenh.dll
0x00007ffda6050000 - 0x00007ffda607b000 	C:\WINDOWS\SYSTEM32\USERENV.dll
0x00007ffda6b60000 - 0x00007ffda6b86000 	C:\WINDOWS\SYSTEM32\bcrypt.dll
0x00007ffda6270000 - 0x00007ffda627c000 	C:\WINDOWS\SYSTEM32\CRYPTBASE.dll
0x00007ffda54f0000 - 0x00007ffda5523000 	C:\WINDOWS\SYSTEM32\IPHLPAPI.DLL
0x00007ffda9810000 - 0x00007ffda981a000 	C:\WINDOWS\System32\NSI.dll
0x00007ffd6b090000 - 0x00007ffd6b099000 	C:\Program Files\Android\Android Studio\jbr\bin\extnet.dll
0x00007ffd5af30000 - 0x00007ffd5af38000 	C:\WINDOWS\system32\wshunix.dll
0x00007ffd82990000 - 0x00007ffd829a8000 	C:\WINDOWS\system32\napinsp.dll
0x00007ffda5590000 - 0x00007ffda56b5000 	C:\WINDOWS\SYSTEM32\DNSAPI.dll
0x00007ffd81a10000 - 0x00007ffd81a22000 	C:\WINDOWS\System32\winrnr.dll
0x00007ffd819d0000 - 0x00007ffd81a00000 	C:\WINDOWS\system32\nlansp_c.dll
0x00007ffd819b0000 - 0x00007ffd819c6000 	C:\WINDOWS\system32\wshbth.dll
0x00007ffd96c60000 - 0x00007ffd96c6b000 	C:\Windows\System32\rasadhlp.dll
0x00007ffda0790000 - 0x00007ffda0815000 	C:\WINDOWS\System32\fwpuclnt.dll

dbghelp: loaded successfully - version: 4.0.5 - missing functions: none
symbol engine: initialized successfully - sym options: 0x614 - pdb path: .;C:\Program Files\Android\Android Studio\jbr\bin;C:\WINDOWS\SYSTEM32;C:\Program Files\Avast Software\Avast;C:\WINDOWS\WinSxS\amd64_microsoft.windows.common-controls_6595b64144ccf1df_6.0.26100.3624_none_3e086962e3345f24;C:\Program Files\Android\Android Studio\jbr\bin\server;C:\Users\JIBAS KUMAR YADAV\.gradle\native\c067742578af261105cb4f569cf0c3c89f3d7b1fecec35dd04571415982c5e48\windows-amd64;C:\Users\JIBAS KUMAR YADAV\.gradle\native\100fb08df4bc3b14c8652ba06237920a3bd2aa13389f12d3474272988ae205f9\windows-amd64

VM Arguments:
jvm_args: -XX:MaxMetaspaceSize=4G -XX:ReservedCodeCacheSize=512m -XX:+HeapDumpOnOutOfMemoryError --add-opens=java.base/java.util=ALL-UNNAMED --add-opens=java.base/java.lang=ALL-UNNAMED --add-opens=java.base/java.lang.invoke=ALL-UNNAMED --add-opens=java.prefs/java.util.prefs=ALL-UNNAMED --add-exports=jdk.compiler/com.sun.tools.javac.api=ALL-UNNAMED --add-exports=jdk.compiler/com.sun.tools.javac.util=ALL-UNNAMED --add-opens=java.base/java.nio.charset=ALL-UNNAMED --add-opens=java.base/java.net=ALL-UNNAMED --add-opens=java.base/java.util.concurrent.atomic=ALL-UNNAMED -Xmx8G -Dfile.encoding=UTF-8 -Duser.country=AE -Duser.language=en -Duser.variant -javaagent:C:\Users\JIBAS KUMAR YADAV\.gradle\wrapper\dists\gradle-8.10.2-all\7iv73wktx1xtkvlq19urqw1wm\gradle-8.10.2\lib\agents\gradle-instrumentation-agent-8.10.2.jar 
java_command: org.gradle.launcher.daemon.bootstrap.GradleDaemon 8.10.2
java_class_path (initial): C:\Users\JIBAS KUMAR YADAV\.gradle\wrapper\dists\gradle-8.10.2-all\7iv73wktx1xtkvlq19urqw1wm\gradle-8.10.2\lib\gradle-daemon-main-8.10.2.jar
Launcher Type: SUN_STANDARD

[Global flags]
     intx CICompilerCount                          = 4                                         {product} {ergonomic}
     uint ConcGCThreads                            = 2                                         {product} {ergonomic}
     uint G1ConcRefinementThreads                  = 8                                         {product} {ergonomic}
   size_t G1HeapRegionSize                         = 4194304                                   {product} {ergonomic}
    uintx GCDrainStackTargetSize                   = 64                                        {product} {ergonomic}
     bool HeapDumpOnOutOfMemoryError               = true                                   {manageable} {command line}
   size_t InitialHeapSize                          = 130023424                                 {product} {ergonomic}
   size_t MarkStackSize                            = 4194304                                   {product} {ergonomic}
   size_t MaxHeapSize                              = 8589934592                                {product} {command line}
   size_t MaxMetaspaceSize                         = 4294967296                                {product} {command line}
   size_t MaxNewSize                               = 5150605312                                {product} {ergonomic}
   size_t MinHeapDeltaBytes                        = 4194304                                   {product} {ergonomic}
   size_t MinHeapSize                              = 8388608                                   {product} {ergonomic}
    uintx NonNMethodCodeHeapSize                   = 5839372                                {pd product} {ergonomic}
    uintx NonProfiledCodeHeapSize                  = 265515770                              {pd product} {ergonomic}
    uintx ProfiledCodeHeapSize                     = 265515770                              {pd product} {ergonomic}
    uintx ReservedCodeCacheSize                    = 536870912                              {pd product} {command line}
     bool SegmentedCodeCache                       = true                                      {product} {ergonomic}
   size_t SoftMaxHeapSize                          = 8589934592                             {manageable} {ergonomic}
     bool UseCompressedOops                        = true                           {product lp64_product} {ergonomic}
     bool UseG1GC                                  = true                                      {product} {ergonomic}
     bool UseLargePagesIndividualAllocation        = false                                  {pd product} {ergonomic}

Logging:
Log output configuration:
 #0: stdout all=warning uptime,level,tags foldmultilines=false
 #1: stderr all=off uptime,level,tags foldmultilines=false

Environment Variables:
JAVA_HOME=C:\Program Files\Android\Android Studio\jbr
CLASSPATH=C:\Users\JIBAS KUMAR YADAV\StudioProjects\bus_route_finder\android\\gradle\wrapper\gradle-wrapper.jar
PATH=C:\Program Files\Android\Android Studio\jbr\bin;C:\Python313\Scripts\;C:\Python313\;C:\Program Files (x86)\VMware\VMware Workstation\bin\;C:\WINDOWS\system32;C:\WINDOWS;C:\WINDOWS\System32\Wbem;C:\WINDOWS\System32\WindowsPowerShell\v1.0\;C:\WINDOWS\System32\OpenSSH\;C:\Program Files\dotnet\;C:\Program Files\Git\cmd;C:\Program Files (x86)\Windows Kits\10\Windows Performance Toolkit\;C:\ProgramData\chocolatey\bin;C:\Program Files\nodejs\;C:\Users\JIBAS KUMAR YADAV\AppData\Local\Programs\Python\Python312\Scripts\;C:\Users\JIBAS KUMAR YADAV\AppData\Local\Programs\Python\Python312\;C:\Users\JIBAS KUMAR YADAV\AppData\Local\Microsoft\WindowsApps;C:\Users\JIBAS KUMAR YADAV\AppData\Local\Programs\Microsoft VS Code\bin;C:\flutter_windows_3.29.2-stable\flutter\bin;C:\Users\JIBAS KUMAR YADAV\AppData\Local\Android\Sdk\tools;C:\Users\JIBAS KUMAR YADAV\AppData\Local\Android\Sdk\platform-tools;C:\Users\JIBAS KUMAR YADAV\AppData\Roaming\npm;C:\Users\JIBAS KUMAR YADAV\AppData\Local\Pub\Cache\bin;;C:\flutter_windows_3.29.2-stable\flutter\bin\mingit\cmd;C:\flutter_windows_3.29.2-stable\flutter\bin\mingit\cmd
USERNAME=JK Yadav
OS=Windows_NT
PROCESSOR_IDENTIFIER=Intel64 Family 6 Model 140 Stepping 1, GenuineIntel
TMP=C:\Users\JIBAS KUMAR YADAV\AppData\Local\Temp
TEMP=C:\Users\JIBAS KUMAR YADAV\AppData\Local\Temp




Periodic native trim disabled

JNI global refs:
JNI global refs: 32, weak refs: 5

JNI global refs memory usage: 835, weak refs: 833

Process memory usage:
Resident Set Size: 603032K (7% of 8121124K total physical memory with 515848K free physical memory)

OOME stack traces (most recent first):
Classloader memory used:
Loader org.gradle.internal.classloader.VisitableURLClassLoader                         : 100M
Loader bootstrap                                                                       : 34492K
Loader org.gradle.initialization.MixInLegacyTypesClassLoader                           : 14444K
Loader org.gradle.internal.classloader.VisitableURLClassLoader$InstrumentingVisitableURLClassLoader: 5301K
Loader jdk.internal.loader.ClassLoaders$PlatformClassLoader                            : 791K
Loader jdk.internal.jrtfs.JrtFileSystemProvider$JrtFsLoader                            : 340K
Loader jdk.internal.loader.ClassLoaders$AppClassLoader                                 : 234K
Loader jdk.internal.reflect.DelegatingClassLoader                                      : 204K
Loader org.gradle.internal.classloader.VisitableURLClassLoader                         : 115K
Loader org.gradle.groovy.scripts.internal.DefaultScriptCompilationHandler$ScriptClassLoader: 33832B
Loader org.codehaus.groovy.runtime.callsite.CallSiteClassLoader                        : 25584B
Loader sun.reflect.misc.MethodUtil                                                     : 2952B

Classes loaded by more than one classloader:
Class Program                                                                         : loaded 7 times (x 70B)
Class Settings_gradle                                                                 : loaded 3 times (x 124B)
Class Build_gradle$1                                                                  : loaded 3 times (x 74B)
Class Build_gradle                                                                    : loaded 3 times (x 126B)
Class jdk.internal.jimage.decompressor.StringSharingDecompressorFactory               : loaded 2 times (x 70B)
Class org.gradle.internal.classloader.DefaultClassLoaderFactory                       : loaded 2 times (x 78B)
Class org.gradle.internal.classloader.ClassLoaderVisitor                              : loaded 2 times (x 72B)
Class org.gradle.api.internal.classpath.EffectiveClassPath                            : loaded 2 times (x 86B)
Class org.gradle.api.internal.DefaultClassPathProvider                                : loaded 2 times (x 72B)
Class [Lorg.gradle.api.internal.ClassPathProvider;                                    : loaded 2 times (x 65B)
Class org.gradle.api.internal.ClassPathProvider                                       : loaded 2 times (x 66B)
Class jdk.internal.jrtfs.SystemImage                                                  : loaded 2 times (x 70B)
Class org.jetbrains.kotlin.cli.common.CompilerSystemProperties                        : loaded 2 times (x 76B)
Class org.gradle.internal.service.UnknownServiceException                             : loaded 2 times (x 79B)
Class org.gradle.internal.classpath.TransformedClassPath                              : loaded 2 times (x 92B)
Class org.gradle.internal.classloader.InstrumentingClassLoader                        : loaded 2 times (x 66B)
Class jdk.internal.jrtfs.SystemImage$1                                                : loaded 2 times (x 74B)
Class jdk.internal.jrtfs.SystemImage$2                                                : loaded 2 times (x 72B)
Class org.jetbrains.kotlin.utils.CollectionsKt                                        : loaded 2 times (x 67B)
Class org.gradle.internal.service.ServiceLocator                                      : loaded 2 times (x 66B)
Class jdk.internal.jrtfs.JrtFileSystemProvider                                        : loaded 2 times (x 97B)
Class jdk.internal.jimage.ImageLocation                                               : loaded 2 times (x 86B)
Class jdk.internal.jrtfs.JrtDirectoryStream$1                                         : loaded 2 times (x 79B)
Class org.gradle.internal.InternalTransformer                                         : loaded 2 times (x 66B)
Class jdk.internal.jimage.ImageBufferCache$1                                          : loaded 2 times (x 79B)
Class org.gradle.internal.classloader.ClasspathUtil$1                                 : loaded 2 times (x 72B)
Class jdk.internal.jimage.ImageBufferCache$2                                          : loaded 2 times (x 87B)
Class org.gradle.api.internal.classpath.DefaultModuleRegistry$DefaultModule           : loaded 2 times (x 82B)
Class org.gradle.api.internal.classpath.Module                                        : loaded 2 times (x 66B)
Class org.gradle.api.internal.classpath.UnknownModuleException                        : loaded 2 times (x 78B)
Class jdk.internal.jimage.ImageHeader                                                 : loaded 2 times (x 67B)
Class org.gradle.api.internal.DefaultClassPathRegistry                                : loaded 2 times (x 72B)
Class org.gradle.api.internal.ClassPathRegistry                                       : loaded 2 times (x 66B)
Class org.gradle.internal.classpath.DefaultClassPath$ImmutableUniqueList              : loaded 2 times (x 195B)
Class jdk.internal.jimage.decompressor.ResourceDecompressor                           : loaded 2 times (x 66B)
Class org.gradle.api.internal.classpath.ManifestUtil                                  : loaded 2 times (x 67B)
Class org.gradle.internal.classloader.ClassLoaderHierarchy                            : loaded 2 times (x 66B)
Class org.gradle.internal.classpath.ClassPath                                         : loaded 2 times (x 66B)
Class org.gradle.api.UncheckedIOException                                             : loaded 2 times (x 78B)
Class jdk.internal.jimage.ImageStringsReader                                          : loaded 2 times (x 76B)
Class jdk.internal.jimage.ImageReader                                                 : loaded 2 times (x 71B)
Class jdk.internal.jimage.ImageReader$SharedImageReader                               : loaded 2 times (x 91B)
Class org.gradle.internal.installation.GradleInstallation$1                           : loaded 2 times (x 71B)
Class org.gradle.api.internal.classpath.ModuleRegistry                                : loaded 2 times (x 66B)
Class jdk.internal.jimage.decompressor.ResourceDecompressorFactory                    : loaded 2 times (x 70B)
Class jdk.internal.jimage.ImageReader$Node                                            : loaded 2 times (x 80B)
Class org.gradle.api.internal.classpath.DefaultModuleRegistry                         : loaded 2 times (x 82B)
Class jdk.internal.jimage.BasicImageReader$1                                          : loaded 2 times (x 73B)
Class jdk.internal.jimage.decompressor.Decompressor                                   : loaded 2 times (x 68B)
Class jdk.internal.jimage.ImageReader$Resource                                        : loaded 2 times (x 80B)
Class org.jetbrains.kotlin.cli.common.CompilerSystemProperties$value$1                : loaded 2 times (x 121B)
Class org.gradle.internal.service.ServiceLookupException                              : loaded 2 times (x 78B)
Class jdk.internal.jrtfs.JrtFileAttributes                                            : loaded 2 times (x 79B)
Class org.gradle.internal.classloader.ClassLoaderFactory                              : loaded 2 times (x 66B)
Class org.gradle.internal.service.CachingServiceLocator                               : loaded 2 times (x 78B)
Class [Lorg.jetbrains.kotlin.cli.common.CompilerSystemProperties;                     : loaded 2 times (x 65B)
Class jdk.internal.jimage.ImageBufferCache                                            : loaded 2 times (x 67B)
Class jdk.internal.jrtfs.JrtPath                                                      : loaded 2 times (x 114B)
Class org.gradle.internal.classloader.ClasspathUtil                                   : loaded 2 times (x 67B)
Class org.gradle.api.specs.Spec                                                       : loaded 2 times (x 66B)
Class jdk.internal.jimage.ImageReader$SharedImageReader$LocationVisitor               : loaded 2 times (x 66B)
Class jdk.internal.jimage.BasicImageReader                                            : loaded 2 times (x 91B)
Class jdk.internal.jimage.decompressor.ResourceDecompressorRepository                 : loaded 2 times (x 67B)
Class jdk.internal.jimage.ImageReader$Directory                                       : loaded 2 times (x 80B)
Class org.gradle.internal.classloader.VisitableURLClassLoader$InstrumentingVisitableURLClassLoader: loaded 2 times (x 119B)
Class org.gradle.internal.classloader.VisitableURLClassLoader$Spec                    : loaded 2 times (x 70B)
Class org.gradle.internal.classpath.DefaultClassPath                                  : loaded 2 times (x 86B)
Class jdk.internal.jimage.decompressor.ZipDecompressorFactory                         : loaded 2 times (x 70B)
Class org.gradle.internal.classloader.ClassLoaderSpec                                 : loaded 2 times (x 67B)
Class Settings_gradle$1$1                                                             : loaded 2 times (x 70B)
Class org.gradle.internal.classloader.VisitableURLClassLoader                         : loaded 2 times (x 113B)
Class Settings_gradle$1                                                               : loaded 2 times (x 70B)
Class org.gradle.internal.Cast                                                        : loaded 2 times (x 67B)
Class org.gradle.api.Action                                                           : loaded 2 times (x 66B)
Class jdk.internal.jimage.decompressor.ZipDecompressor                                : loaded 2 times (x 71B)
Class org.gradle.internal.classpath.DefaultClassPath$ImmutableUniqueList$Builder      : loaded 2 times (x 71B)
Class org.gradle.api.GradleException                                                  : loaded 2 times (x 78B)
Class jdk.internal.jimage.ImageStrings                                                : loaded 2 times (x 66B)
Class org.gradle.internal.IoActions                                                   : loaded 2 times (x 67B)
Class org.gradle.internal.classloader.SystemClassLoaderSpec                           : loaded 2 times (x 67B)
Class jdk.internal.jrtfs.JrtFileSystem                                                : loaded 2 times (x 98B)
Class jdk.internal.jimage.decompressor.CompressedResourceHeader                       : loaded 2 times (x 67B)
Class org.jetbrains.kotlin.cli.common.CompilerSystemProperties$Companion              : loaded 2 times (x 67B)
Class org.gradle.api.internal.classpath.GlobalCacheRootsProvider                      : loaded 2 times (x 66B)
Class org.gradle.internal.classloader.FilteringClassLoader                            : loaded 2 times (x 101B)
Class org.gradle.internal.installation.CurrentGradleInstallationLocator               : loaded 2 times (x 67B)
Class org.gradle.internal.service.DefaultServiceLocator                               : loaded 2 times (x 79B)
Class jdk.internal.jrtfs.JrtDirectoryStream                                           : loaded 2 times (x 85B)
Class org.jetbrains.kotlin.util.capitalizeDecapitalize.CapitalizeDecapitalizeKt       : loaded 2 times (x 67B)
Class org.gradle.internal.installation.CurrentGradleInstallation                      : loaded 2 times (x 69B)
Class org.gradle.util.internal.GUtil                                                  : loaded 2 times (x 67B)
Class org.gradle.internal.installation.GradleInstallation                             : loaded 2 times (x 71B)
Class jdk.internal.jimage.decompressor.ResourceDecompressor$StringsProvider           : loaded 2 times (x 66B)

---------------  S Y S T E M  ---------------

OS:
 Windows 11 , 64 bit Build 26100 (10.0.26100.3775)
OS uptime: 0 days 13:56 hours
Hyper-V role detected

CPU: total 8 (initial active 8) (4 cores per cpu, 2 threads per core) family 6 model 140 stepping 1 microcode 0xba, cx8, cmov, fxsr, ht, mmx, 3dnowpref, sse, sse2, sse3, ssse3, sse4.1, sse4.2, popcnt, lzcnt, tsc, tscinvbit, avx, avx2, aes, erms, clmul, bmi1, bmi2, adx, avx512f, avx512dq, avx512cd, avx512bw, avx512vl, sha, fma, vzeroupper, avx512_vpopcntdq, avx512_vpclmulqdq, avx512_vaes, avx512_vnni, clflush, clflushopt, clwb, avx512_vbmi2, avx512_vbmi, hv, rdtscp, rdpid, fsrm, gfni, avx512_bitalg, f16c, cet_ibt, cet_ss, avx512_ifma
Processor Information for all 8 processors :
  Max Mhz: 1382, Current Mhz: 1382, Mhz Limit: 1382

Memory: 4k page, system-wide physical 7930M (503M free)
TotalPageFile size 17967M (AvailPageFile size 84M)
current process WorkingSet (physical memory assigned to process): 591M, peak: 675M
current process commit charge ("private bytes"): 831M, peak: 908M

vm_info: OpenJDK 64-Bit Server VM (21.0.5+-13047016-b750.29) for windows-amd64 JRE (21.0.5+-13047016-b750.29), built on 2025-02-11T21:12:39Z by "builder" with MS VC++ 16.10 / 16.11 (VS2019)

END.
